
*** Running vivado
    with args -log RV32I.vds -m64 -product Vivado -mode batch -messageDb vivado.pb -notrace -source RV32I.tcl



****** Vivado v2020.2 (64-bit)
  **** SW Build 3064766 on Wed Nov 18 09:12:45 MST 2020
  **** IP Build 3064653 on Wed Nov 18 14:17:31 MST 2020
    ** Copyright 1986-2020 Xilinx, Inc. All Rights Reserved.

source RV32I.tcl -notrace
Command: synth_design -top RV32I -part xc7a35tcpg236-1
Starting synth_design
Attempting to get a license for feature 'Synthesis' and/or device 'xc7a35t'
INFO: [Common 17-349] Got license for feature 'Synthesis' and/or device 'xc7a35t'
INFO: [Synth 8-7079] Multithreading enabled for synth_design using a maximum of 2 processes.
INFO: [Synth 8-7078] Launching helper process for spawning children vivado processes
INFO: [Synth 8-7075] Helper process launched with PID 4708
---------------------------------------------------------------------------------
Starting Synthesize : Time (s): cpu = 00:00:02 ; elapsed = 00:00:03 . Memory (MB): peak = 1106.699 ; gain = 0.000
---------------------------------------------------------------------------------
INFO: [Synth 8-6157] synthesizing module 'RV32I' [D:/ish/verilog/vivadoWS/20240603_RISC-V_GPO_GPI_re/20240603_RISC-V_GPO_GPI_re.srcs/sources_1/new/RV32I.sv:3]
INFO: [Synth 8-6157] synthesizing module 'CPU_Core' [D:/ish/verilog/vivadoWS/20240603_RISC-V_GPO_GPI_re/20240603_RISC-V_GPO_GPI_re.srcs/sources_1/new/CPU_Core.sv:3]
INFO: [Synth 8-6157] synthesizing module 'ControlUnit' [D:/ish/verilog/vivadoWS/20240603_RISC-V_GPO_GPI_re/20240603_RISC-V_GPO_GPI_re.srcs/sources_1/new/ControlUnit.sv:5]
INFO: [Synth 8-6155] done synthesizing module 'ControlUnit' (1#1) [D:/ish/verilog/vivadoWS/20240603_RISC-V_GPO_GPI_re/20240603_RISC-V_GPO_GPI_re.srcs/sources_1/new/ControlUnit.sv:5]
INFO: [Synth 8-6157] synthesizing module 'DataPath' [D:/ish/verilog/vivadoWS/20240603_RISC-V_GPO_GPI_re/20240603_RISC-V_GPO_GPI_re.srcs/sources_1/new/DataPath.sv:5]
INFO: [Synth 8-6157] synthesizing module 'Register' [D:/ish/verilog/vivadoWS/20240603_RISC-V_GPO_GPI_re/20240603_RISC-V_GPO_GPI_re.srcs/sources_1/new/DataPath.sv:150]
INFO: [Synth 8-6155] done synthesizing module 'Register' (2#1) [D:/ish/verilog/vivadoWS/20240603_RISC-V_GPO_GPI_re/20240603_RISC-V_GPO_GPI_re.srcs/sources_1/new/DataPath.sv:150]
INFO: [Synth 8-6157] synthesizing module 'mux_2x1' [D:/ish/verilog/vivadoWS/20240603_RISC-V_GPO_GPI_re/20240603_RISC-V_GPO_GPI_re.srcs/sources_1/new/DataPath.sv:237]
INFO: [Synth 8-226] default block is never used [D:/ish/verilog/vivadoWS/20240603_RISC-V_GPO_GPI_re/20240603_RISC-V_GPO_GPI_re.srcs/sources_1/new/DataPath.sv:244]
INFO: [Synth 8-6155] done synthesizing module 'mux_2x1' (3#1) [D:/ish/verilog/vivadoWS/20240603_RISC-V_GPO_GPI_re/20240603_RISC-V_GPO_GPI_re.srcs/sources_1/new/DataPath.sv:237]
INFO: [Synth 8-6157] synthesizing module 'adder' [D:/ish/verilog/vivadoWS/20240603_RISC-V_GPO_GPI_re/20240603_RISC-V_GPO_GPI_re.srcs/sources_1/new/DataPath.sv:198]
INFO: [Synth 8-6155] done synthesizing module 'adder' (4#1) [D:/ish/verilog/vivadoWS/20240603_RISC-V_GPO_GPI_re/20240603_RISC-V_GPO_GPI_re.srcs/sources_1/new/DataPath.sv:198]
INFO: [Synth 8-6157] synthesizing module 'RegisterFile' [D:/ish/verilog/vivadoWS/20240603_RISC-V_GPO_GPI_re/20240603_RISC-V_GPO_GPI_re.srcs/sources_1/new/DataPath.sv:121]
INFO: [Synth 8-6155] done synthesizing module 'RegisterFile' (5#1) [D:/ish/verilog/vivadoWS/20240603_RISC-V_GPO_GPI_re/20240603_RISC-V_GPO_GPI_re.srcs/sources_1/new/DataPath.sv:121]
INFO: [Synth 8-6157] synthesizing module 'alu' [D:/ish/verilog/vivadoWS/20240603_RISC-V_GPO_GPI_re/20240603_RISC-V_GPO_GPI_re.srcs/sources_1/new/DataPath.sv:162]
INFO: [Synth 8-6155] done synthesizing module 'alu' (6#1) [D:/ish/verilog/vivadoWS/20240603_RISC-V_GPO_GPI_re/20240603_RISC-V_GPO_GPI_re.srcs/sources_1/new/DataPath.sv:162]
INFO: [Synth 8-6157] synthesizing module 'mux_5x1' [D:/ish/verilog/vivadoWS/20240603_RISC-V_GPO_GPI_re/20240603_RISC-V_GPO_GPI_re.srcs/sources_1/new/DataPath.sv:289]
INFO: [Synth 8-226] default block is never used [D:/ish/verilog/vivadoWS/20240603_RISC-V_GPO_GPI_re/20240603_RISC-V_GPO_GPI_re.srcs/sources_1/new/DataPath.sv:299]
INFO: [Synth 8-6155] done synthesizing module 'mux_5x1' (7#1) [D:/ish/verilog/vivadoWS/20240603_RISC-V_GPO_GPI_re/20240603_RISC-V_GPO_GPI_re.srcs/sources_1/new/DataPath.sv:289]
INFO: [Synth 8-6157] synthesizing module 'extend' [D:/ish/verilog/vivadoWS/20240603_RISC-V_GPO_GPI_re/20240603_RISC-V_GPO_GPI_re.srcs/sources_1/new/DataPath.sv:206]
INFO: [Synth 8-6155] done synthesizing module 'extend' (8#1) [D:/ish/verilog/vivadoWS/20240603_RISC-V_GPO_GPI_re/20240603_RISC-V_GPO_GPI_re.srcs/sources_1/new/DataPath.sv:206]
INFO: [Synth 8-6157] synthesizing module 'mux_3x1' [D:/ish/verilog/vivadoWS/20240603_RISC-V_GPO_GPI_re/20240603_RISC-V_GPO_GPI_re.srcs/sources_1/new/DataPath.sv:271]
INFO: [Synth 8-226] default block is never used [D:/ish/verilog/vivadoWS/20240603_RISC-V_GPO_GPI_re/20240603_RISC-V_GPO_GPI_re.srcs/sources_1/new/DataPath.sv:279]
INFO: [Synth 8-6155] done synthesizing module 'mux_3x1' (9#1) [D:/ish/verilog/vivadoWS/20240603_RISC-V_GPO_GPI_re/20240603_RISC-V_GPO_GPI_re.srcs/sources_1/new/DataPath.sv:271]
INFO: [Synth 8-6155] done synthesizing module 'DataPath' (10#1) [D:/ish/verilog/vivadoWS/20240603_RISC-V_GPO_GPI_re/20240603_RISC-V_GPO_GPI_re.srcs/sources_1/new/DataPath.sv:5]
INFO: [Synth 8-6155] done synthesizing module 'CPU_Core' (11#1) [D:/ish/verilog/vivadoWS/20240603_RISC-V_GPO_GPI_re/20240603_RISC-V_GPO_GPI_re.srcs/sources_1/new/CPU_Core.sv:3]
INFO: [Synth 8-6157] synthesizing module 'BUS_Interconnector' [D:/ish/verilog/vivadoWS/20240603_RISC-V_GPO_GPI_re/20240603_RISC-V_GPO_GPI_re.srcs/sources_1/new/BUS_Interconnector.sv:3]
INFO: [Synth 8-6157] synthesizing module 'decoder' [D:/ish/verilog/vivadoWS/20240603_RISC-V_GPO_GPI_re/20240603_RISC-V_GPO_GPI_re.srcs/sources_1/new/BUS_Interconnector.sv:26]
INFO: [Synth 8-6155] done synthesizing module 'decoder' (12#1) [D:/ish/verilog/vivadoWS/20240603_RISC-V_GPO_GPI_re/20240603_RISC-V_GPO_GPI_re.srcs/sources_1/new/BUS_Interconnector.sv:26]
INFO: [Synth 8-6157] synthesizing module 'mux' [D:/ish/verilog/vivadoWS/20240603_RISC-V_GPO_GPI_re/20240603_RISC-V_GPO_GPI_re.srcs/sources_1/new/BUS_Interconnector.sv:40]
INFO: [Synth 8-6155] done synthesizing module 'mux' (13#1) [D:/ish/verilog/vivadoWS/20240603_RISC-V_GPO_GPI_re/20240603_RISC-V_GPO_GPI_re.srcs/sources_1/new/BUS_Interconnector.sv:40]
INFO: [Synth 8-6155] done synthesizing module 'BUS_Interconnector' (14#1) [D:/ish/verilog/vivadoWS/20240603_RISC-V_GPO_GPI_re/20240603_RISC-V_GPO_GPI_re.srcs/sources_1/new/BUS_Interconnector.sv:3]
INFO: [Synth 8-6157] synthesizing module 'GPO' [D:/ish/verilog/vivadoWS/20240603_RISC-V_GPO_GPI_re/20240603_RISC-V_GPO_GPI_re.srcs/sources_1/new/GPO.sv:3]
INFO: [Synth 8-6155] done synthesizing module 'GPO' (15#1) [D:/ish/verilog/vivadoWS/20240603_RISC-V_GPO_GPI_re/20240603_RISC-V_GPO_GPI_re.srcs/sources_1/new/GPO.sv:3]
INFO: [Synth 8-6157] synthesizing module 'DataMemory' [D:/ish/verilog/vivadoWS/20240603_RISC-V_GPO_GPI_re/20240603_RISC-V_GPO_GPI_re.srcs/sources_1/new/DataMemory.sv:3]
INFO: [Synth 8-6155] done synthesizing module 'DataMemory' (16#1) [D:/ish/verilog/vivadoWS/20240603_RISC-V_GPO_GPI_re/20240603_RISC-V_GPO_GPI_re.srcs/sources_1/new/DataMemory.sv:3]
INFO: [Synth 8-6157] synthesizing module 'InstructionMemory' [D:/ish/verilog/vivadoWS/20240603_RISC-V_GPO_GPI_re/20240603_RISC-V_GPO_GPI_re.srcs/sources_1/new/InstructionMemory.sv:3]
INFO: [Synth 8-6155] done synthesizing module 'InstructionMemory' (17#1) [D:/ish/verilog/vivadoWS/20240603_RISC-V_GPO_GPI_re/20240603_RISC-V_GPO_GPI_re.srcs/sources_1/new/InstructionMemory.sv:3]
INFO: [Synth 8-6155] done synthesizing module 'RV32I' (18#1) [D:/ish/verilog/vivadoWS/20240603_RISC-V_GPO_GPI_re/20240603_RISC-V_GPO_GPI_re.srcs/sources_1/new/RV32I.sv:3]
---------------------------------------------------------------------------------
Finished Synthesize : Time (s): cpu = 00:00:02 ; elapsed = 00:00:03 . Memory (MB): peak = 1106.699 ; gain = 0.000
---------------------------------------------------------------------------------
---------------------------------------------------------------------------------
Finished Constraint Validation : Time (s): cpu = 00:00:02 ; elapsed = 00:00:04 . Memory (MB): peak = 1106.699 ; gain = 0.000
---------------------------------------------------------------------------------
---------------------------------------------------------------------------------
Start Loading Part and Timing Information
---------------------------------------------------------------------------------
Loading part: xc7a35tcpg236-1
INFO: [Device 21-403] Loading part xc7a35tcpg236-1
---------------------------------------------------------------------------------
Finished Loading Part and Timing Information : Time (s): cpu = 00:00:02 ; elapsed = 00:00:04 . Memory (MB): peak = 1106.699 ; gain = 0.000
---------------------------------------------------------------------------------
---------------------------------------------------------------------------------
Finished RTL Optimization Phase 2 : Time (s): cpu = 00:00:03 ; elapsed = 00:00:04 . Memory (MB): peak = 1106.699 ; gain = 0.000
---------------------------------------------------------------------------------
No constraint files found.
---------------------------------------------------------------------------------
Start RTL Component Statistics 
---------------------------------------------------------------------------------
Detailed RTL Component Info : 
+---Adders : 
	   2 Input   32 Bit       Adders := 4     
	   3 Input   32 Bit       Adders := 1     
+---XORs : 
	   2 Input     32 Bit         XORs := 1     
+---Registers : 
	               32 Bit    Registers := 2     
+---RAMs : 
	               2K Bit	(64 X 32 bit)          RAMs := 1     
+---Muxes : 
	   2 Input   32 Bit        Muxes := 4     
	   4 Input   32 Bit        Muxes := 1     
	  12 Input   32 Bit        Muxes := 1     
	  10 Input   11 Bit        Muxes := 1     
	   4 Input    4 Bit        Muxes := 1     
	   2 Input    3 Bit        Muxes := 1     
	   4 Input    3 Bit        Muxes := 1     
	   8 Input    2 Bit        Muxes := 1     
---------------------------------------------------------------------------------
Finished RTL Component Statistics 
---------------------------------------------------------------------------------
---------------------------------------------------------------------------------
Start Part Resource Summary
---------------------------------------------------------------------------------
Part Resources:
DSPs: 90 (col length:60)
BRAMs: 100 (col length: RAMB18 60 RAMB36 30)
---------------------------------------------------------------------------------
Finished Part Resource Summary
---------------------------------------------------------------------------------
No constraint files found.
---------------------------------------------------------------------------------
Start Cross Boundary and Area Optimization
---------------------------------------------------------------------------------
---------------------------------------------------------------------------------
Finished Cross Boundary and Area Optimization : Time (s): cpu = 00:00:05 ; elapsed = 00:00:10 . Memory (MB): peak = 1106.699 ; gain = 0.000
---------------------------------------------------------------------------------
---------------------------------------------------------------------------------
Start ROM, RAM, DSP, Shift Register and Retiming Reporting
---------------------------------------------------------------------------------

Distributed RAM: Preliminary Mapping	Report (see note below)
+------------+--------------------------------------------------+-----------+----------------------+----------------+
|Module Name | RTL Object                                       | Inference | Size (Depth x Width) | Primitives     | 
+------------+--------------------------------------------------+-----------+----------------------+----------------+
|RV32I       | U_CPU_Core/U_DataPath/U_RegisterFile/RegFile_reg | Implied   | 32 x 32              | RAM32M x 12	   | 
|RV32I       | U_RAM/ram_reg                                    | Implied   | 64 x 32              | RAM64X1S x 32	 | 
+------------+--------------------------------------------------+-----------+----------------------+----------------+

Note: The table above is a preliminary report that shows the Distributed RAMs at the current stage of the synthesis flow. Some Distributed RAMs may be reimplemented as non Distributed RAM primitives later in the synthesis flow. Multiple instantiated RAMs are reported only once.
---------------------------------------------------------------------------------
Finished ROM, RAM, DSP, Shift Register and Retiming Reporting
---------------------------------------------------------------------------------
No constraint files found.
---------------------------------------------------------------------------------
Start Timing Optimization
---------------------------------------------------------------------------------
---------------------------------------------------------------------------------
Finished Timing Optimization : Time (s): cpu = 00:00:05 ; elapsed = 00:00:10 . Memory (MB): peak = 1106.699 ; gain = 0.000
---------------------------------------------------------------------------------
---------------------------------------------------------------------------------
Start ROM, RAM, DSP, Shift Register and Retiming Reporting
---------------------------------------------------------------------------------

Distributed RAM: Final Mapping	Report
+------------+--------------------------------------------------+-----------+----------------------+----------------+
|Module Name | RTL Object                                       | Inference | Size (Depth x Width) | Primitives     | 
+------------+--------------------------------------------------+-----------+----------------------+----------------+
|RV32I       | U_CPU_Core/U_DataPath/U_RegisterFile/RegFile_reg | Implied   | 32 x 32              | RAM32M x 12	   | 
|RV32I       | U_RAM/ram_reg                                    | Implied   | 64 x 32              | RAM64X1S x 32	 | 
+------------+--------------------------------------------------+-----------+----------------------+----------------+

---------------------------------------------------------------------------------
Finished ROM, RAM, DSP, Shift Register and Retiming Reporting
---------------------------------------------------------------------------------
---------------------------------------------------------------------------------
Start Technology Mapping
---------------------------------------------------------------------------------
CRITICAL WARNING: [Synth 8-6859] multi-driven net on pin data[13] with 1st driver pin 'U_CPU_Core/U_DataPath/U_Extend/immext/Z' [D:/ish/verilog/vivadoWS/20240603_RISC-V_GPO_GPI_re/20240603_RISC-V_GPO_GPI_re.srcs/sources_1/new/DataPath.sv:212]
CRITICAL WARNING: [Synth 8-6859] multi-driven net on pin data[13] with 2nd driver pin 'GND' [D:/ish/verilog/vivadoWS/20240603_RISC-V_GPO_GPI_re/20240603_RISC-V_GPO_GPI_re.srcs/sources_1/new/DataPath.sv:212]
CRITICAL WARNING: [Synth 8-6858] multi-driven net data[13] is connected to at least one constant driver which has been preserved, other driver is ignored [D:/ish/verilog/vivadoWS/20240603_RISC-V_GPO_GPI_re/20240603_RISC-V_GPO_GPI_re.srcs/sources_1/new/DataPath.sv:212]
CRITICAL WARNING: [Synth 8-6859] multi-driven net on pin data[14] with 1st driver pin 'U_CPU_Core/U_DataPath/U_Extend/immext__1/Z' [D:/ish/verilog/vivadoWS/20240603_RISC-V_GPO_GPI_re/20240603_RISC-V_GPO_GPI_re.srcs/sources_1/new/DataPath.sv:212]
CRITICAL WARNING: [Synth 8-6859] multi-driven net on pin data[14] with 2nd driver pin 'GND' [D:/ish/verilog/vivadoWS/20240603_RISC-V_GPO_GPI_re/20240603_RISC-V_GPO_GPI_re.srcs/sources_1/new/DataPath.sv:212]
CRITICAL WARNING: [Synth 8-6858] multi-driven net data[14] is connected to at least one constant driver which has been preserved, other driver is ignored [D:/ish/verilog/vivadoWS/20240603_RISC-V_GPO_GPI_re/20240603_RISC-V_GPO_GPI_re.srcs/sources_1/new/DataPath.sv:212]
CRITICAL WARNING: [Synth 8-6859] multi-driven net on pin data[15] with 1st driver pin 'U_CPU_Core/U_DataPath/U_Extend/immext__3/Z' [D:/ish/verilog/vivadoWS/20240603_RISC-V_GPO_GPI_re/20240603_RISC-V_GPO_GPI_re.srcs/sources_1/new/DataPath.sv:212]
CRITICAL WARNING: [Synth 8-6859] multi-driven net on pin data[15] with 2nd driver pin 'GND' [D:/ish/verilog/vivadoWS/20240603_RISC-V_GPO_GPI_re/20240603_RISC-V_GPO_GPI_re.srcs/sources_1/new/DataPath.sv:212]
CRITICAL WARNING: [Synth 8-6858] multi-driven net data[15] is connected to at least one constant driver which has been preserved, other driver is ignored [D:/ish/verilog/vivadoWS/20240603_RISC-V_GPO_GPI_re/20240603_RISC-V_GPO_GPI_re.srcs/sources_1/new/DataPath.sv:212]
CRITICAL WARNING: [Synth 8-6859] multi-driven net on pin data[16] with 1st driver pin 'U_CPU_Core/U_DataPath/U_Extend/immext__5/Z' [D:/ish/verilog/vivadoWS/20240603_RISC-V_GPO_GPI_re/20240603_RISC-V_GPO_GPI_re.srcs/sources_1/new/DataPath.sv:212]
CRITICAL WARNING: [Synth 8-6859] multi-driven net on pin data[16] with 2nd driver pin 'GND' [D:/ish/verilog/vivadoWS/20240603_RISC-V_GPO_GPI_re/20240603_RISC-V_GPO_GPI_re.srcs/sources_1/new/DataPath.sv:212]
CRITICAL WARNING: [Synth 8-6858] multi-driven net data[16] is connected to at least one constant driver which has been preserved, other driver is ignored [D:/ish/verilog/vivadoWS/20240603_RISC-V_GPO_GPI_re/20240603_RISC-V_GPO_GPI_re.srcs/sources_1/new/DataPath.sv:212]
CRITICAL WARNING: [Synth 8-6859] multi-driven net on pin data[17] with 1st driver pin 'U_CPU_Core/U_DataPath/U_Extend/immext__7/Z' [D:/ish/verilog/vivadoWS/20240603_RISC-V_GPO_GPI_re/20240603_RISC-V_GPO_GPI_re.srcs/sources_1/new/DataPath.sv:212]
CRITICAL WARNING: [Synth 8-6859] multi-driven net on pin data[17] with 2nd driver pin 'GND' [D:/ish/verilog/vivadoWS/20240603_RISC-V_GPO_GPI_re/20240603_RISC-V_GPO_GPI_re.srcs/sources_1/new/DataPath.sv:212]
CRITICAL WARNING: [Synth 8-6858] multi-driven net data[17] is connected to at least one constant driver which has been preserved, other driver is ignored [D:/ish/verilog/vivadoWS/20240603_RISC-V_GPO_GPI_re/20240603_RISC-V_GPO_GPI_re.srcs/sources_1/new/DataPath.sv:212]
CRITICAL WARNING: [Synth 8-6859] multi-driven net on pin data[19] with 1st driver pin 'U_CPU_Core/U_DataPath/U_Extend/immext__11/Z' [D:/ish/verilog/vivadoWS/20240603_RISC-V_GPO_GPI_re/20240603_RISC-V_GPO_GPI_re.srcs/sources_1/new/DataPath.sv:212]
CRITICAL WARNING: [Synth 8-6859] multi-driven net on pin data[19] with 2nd driver pin 'GND' [D:/ish/verilog/vivadoWS/20240603_RISC-V_GPO_GPI_re/20240603_RISC-V_GPO_GPI_re.srcs/sources_1/new/DataPath.sv:212]
CRITICAL WARNING: [Synth 8-6858] multi-driven net data[19] is connected to at least one constant driver which has been preserved, other driver is ignored [D:/ish/verilog/vivadoWS/20240603_RISC-V_GPO_GPI_re/20240603_RISC-V_GPO_GPI_re.srcs/sources_1/new/DataPath.sv:212]
CRITICAL WARNING: [Synth 8-6859] multi-driven net on pin data[19] with 1st driver pin 'U_CPU_Core/U_DataPath/U_Extend/immext__13/Z' [D:/ish/verilog/vivadoWS/20240603_RISC-V_GPO_GPI_re/20240603_RISC-V_GPO_GPI_re.srcs/sources_1/new/DataPath.sv:212]
CRITICAL WARNING: [Synth 8-6859] multi-driven net on pin data[19] with 2nd driver pin 'GND' [D:/ish/verilog/vivadoWS/20240603_RISC-V_GPO_GPI_re/20240603_RISC-V_GPO_GPI_re.srcs/sources_1/new/DataPath.sv:212]
CRITICAL WARNING: [Synth 8-6858] multi-driven net data[19] is connected to at least one constant driver which has been preserved, other driver is ignored [D:/ish/verilog/vivadoWS/20240603_RISC-V_GPO_GPI_re/20240603_RISC-V_GPO_GPI_re.srcs/sources_1/new/DataPath.sv:212]
CRITICAL WARNING: [Synth 8-6859] multi-driven net on pin data[19] with 1st driver pin 'U_CPU_Core/U_DataPath/U_Extend/immext__15/Z' [D:/ish/verilog/vivadoWS/20240603_RISC-V_GPO_GPI_re/20240603_RISC-V_GPO_GPI_re.srcs/sources_1/new/DataPath.sv:212]
CRITICAL WARNING: [Synth 8-6859] multi-driven net on pin data[19] with 2nd driver pin 'GND' [D:/ish/verilog/vivadoWS/20240603_RISC-V_GPO_GPI_re/20240603_RISC-V_GPO_GPI_re.srcs/sources_1/new/DataPath.sv:212]
CRITICAL WARNING: [Synth 8-6858] multi-driven net data[19] is connected to at least one constant driver which has been preserved, other driver is ignored [D:/ish/verilog/vivadoWS/20240603_RISC-V_GPO_GPI_re/20240603_RISC-V_GPO_GPI_re.srcs/sources_1/new/DataPath.sv:212]
CRITICAL WARNING: [Synth 8-6859] multi-driven net on pin data[19] with 1st driver pin 'U_CPU_Core/U_DataPath/U_Extend/immext__17/Z' [D:/ish/verilog/vivadoWS/20240603_RISC-V_GPO_GPI_re/20240603_RISC-V_GPO_GPI_re.srcs/sources_1/new/DataPath.sv:212]
CRITICAL WARNING: [Synth 8-6859] multi-driven net on pin data[19] with 2nd driver pin 'GND' [D:/ish/verilog/vivadoWS/20240603_RISC-V_GPO_GPI_re/20240603_RISC-V_GPO_GPI_re.srcs/sources_1/new/DataPath.sv:212]
CRITICAL WARNING: [Synth 8-6858] multi-driven net data[19] is connected to at least one constant driver which has been preserved, other driver is ignored [D:/ish/verilog/vivadoWS/20240603_RISC-V_GPO_GPI_re/20240603_RISC-V_GPO_GPI_re.srcs/sources_1/new/DataPath.sv:212]
CRITICAL WARNING: [Synth 8-6859] multi-driven net on pin data[19] with 1st driver pin 'U_CPU_Core/U_DataPath/U_Extend/immext__19/Z' [D:/ish/verilog/vivadoWS/20240603_RISC-V_GPO_GPI_re/20240603_RISC-V_GPO_GPI_re.srcs/sources_1/new/DataPath.sv:212]
CRITICAL WARNING: [Synth 8-6859] multi-driven net on pin data[19] with 2nd driver pin 'GND' [D:/ish/verilog/vivadoWS/20240603_RISC-V_GPO_GPI_re/20240603_RISC-V_GPO_GPI_re.srcs/sources_1/new/DataPath.sv:212]
CRITICAL WARNING: [Synth 8-6858] multi-driven net data[19] is connected to at least one constant driver which has been preserved, other driver is ignored [D:/ish/verilog/vivadoWS/20240603_RISC-V_GPO_GPI_re/20240603_RISC-V_GPO_GPI_re.srcs/sources_1/new/DataPath.sv:212]
CRITICAL WARNING: [Synth 8-6859] multi-driven net on pin data[19] with 1st driver pin 'U_CPU_Core/U_DataPath/U_Extend/immext__21/Z' [D:/ish/verilog/vivadoWS/20240603_RISC-V_GPO_GPI_re/20240603_RISC-V_GPO_GPI_re.srcs/sources_1/new/DataPath.sv:212]
CRITICAL WARNING: [Synth 8-6859] multi-driven net on pin data[19] with 2nd driver pin 'GND' [D:/ish/verilog/vivadoWS/20240603_RISC-V_GPO_GPI_re/20240603_RISC-V_GPO_GPI_re.srcs/sources_1/new/DataPath.sv:212]
CRITICAL WARNING: [Synth 8-6858] multi-driven net data[19] is connected to at least one constant driver which has been preserved, other driver is ignored [D:/ish/verilog/vivadoWS/20240603_RISC-V_GPO_GPI_re/20240603_RISC-V_GPO_GPI_re.srcs/sources_1/new/DataPath.sv:212]
CRITICAL WARNING: [Synth 8-6859] multi-driven net on pin data[19] with 1st driver pin 'U_CPU_Core/U_DataPath/U_Extend/immext__23/Z' [D:/ish/verilog/vivadoWS/20240603_RISC-V_GPO_GPI_re/20240603_RISC-V_GPO_GPI_re.srcs/sources_1/new/DataPath.sv:212]
CRITICAL WARNING: [Synth 8-6859] multi-driven net on pin data[19] with 2nd driver pin 'GND' [D:/ish/verilog/vivadoWS/20240603_RISC-V_GPO_GPI_re/20240603_RISC-V_GPO_GPI_re.srcs/sources_1/new/DataPath.sv:212]
CRITICAL WARNING: [Synth 8-6858] multi-driven net data[19] is connected to at least one constant driver which has been preserved, other driver is ignored [D:/ish/verilog/vivadoWS/20240603_RISC-V_GPO_GPI_re/20240603_RISC-V_GPO_GPI_re.srcs/sources_1/new/DataPath.sv:212]
CRITICAL WARNING: [Synth 8-6859] multi-driven net on pin data[19] with 1st driver pin 'U_CPU_Core/U_DataPath/U_Extend/immext__25/Z' [D:/ish/verilog/vivadoWS/20240603_RISC-V_GPO_GPI_re/20240603_RISC-V_GPO_GPI_re.srcs/sources_1/new/DataPath.sv:212]
CRITICAL WARNING: [Synth 8-6859] multi-driven net on pin data[19] with 2nd driver pin 'GND' [D:/ish/verilog/vivadoWS/20240603_RISC-V_GPO_GPI_re/20240603_RISC-V_GPO_GPI_re.srcs/sources_1/new/DataPath.sv:212]
CRITICAL WARNING: [Synth 8-6858] multi-driven net data[19] is connected to at least one constant driver which has been preserved, other driver is ignored [D:/ish/verilog/vivadoWS/20240603_RISC-V_GPO_GPI_re/20240603_RISC-V_GPO_GPI_re.srcs/sources_1/new/DataPath.sv:212]
CRITICAL WARNING: [Synth 8-6859] multi-driven net on pin data[19] with 1st driver pin 'U_CPU_Core/U_DataPath/U_Extend/immext__27/Z' [D:/ish/verilog/vivadoWS/20240603_RISC-V_GPO_GPI_re/20240603_RISC-V_GPO_GPI_re.srcs/sources_1/new/DataPath.sv:212]
CRITICAL WARNING: [Synth 8-6859] multi-driven net on pin data[19] with 2nd driver pin 'GND' [D:/ish/verilog/vivadoWS/20240603_RISC-V_GPO_GPI_re/20240603_RISC-V_GPO_GPI_re.srcs/sources_1/new/DataPath.sv:212]
CRITICAL WARNING: [Synth 8-6858] multi-driven net data[19] is connected to at least one constant driver which has been preserved, other driver is ignored [D:/ish/verilog/vivadoWS/20240603_RISC-V_GPO_GPI_re/20240603_RISC-V_GPO_GPI_re.srcs/sources_1/new/DataPath.sv:212]
CRITICAL WARNING: [Synth 8-6859] multi-driven net on pin data[19] with 1st driver pin 'U_CPU_Core/U_DataPath/U_Extend/immext__29/Z' [D:/ish/verilog/vivadoWS/20240603_RISC-V_GPO_GPI_re/20240603_RISC-V_GPO_GPI_re.srcs/sources_1/new/DataPath.sv:212]
CRITICAL WARNING: [Synth 8-6859] multi-driven net on pin data[19] with 2nd driver pin 'GND' [D:/ish/verilog/vivadoWS/20240603_RISC-V_GPO_GPI_re/20240603_RISC-V_GPO_GPI_re.srcs/sources_1/new/DataPath.sv:212]
CRITICAL WARNING: [Synth 8-6858] multi-driven net data[19] is connected to at least one constant driver which has been preserved, other driver is ignored [D:/ish/verilog/vivadoWS/20240603_RISC-V_GPO_GPI_re/20240603_RISC-V_GPO_GPI_re.srcs/sources_1/new/DataPath.sv:212]
CRITICAL WARNING: [Synth 8-6859] multi-driven net on pin data[19] with 1st driver pin 'U_CPU_Core/U_DataPath/U_Extend/immext__31/Z' [D:/ish/verilog/vivadoWS/20240603_RISC-V_GPO_GPI_re/20240603_RISC-V_GPO_GPI_re.srcs/sources_1/new/DataPath.sv:212]
CRITICAL WARNING: [Synth 8-6859] multi-driven net on pin data[19] with 2nd driver pin 'GND' [D:/ish/verilog/vivadoWS/20240603_RISC-V_GPO_GPI_re/20240603_RISC-V_GPO_GPI_re.srcs/sources_1/new/DataPath.sv:212]
CRITICAL WARNING: [Synth 8-6858] multi-driven net data[19] is connected to at least one constant driver which has been preserved, other driver is ignored [D:/ish/verilog/vivadoWS/20240603_RISC-V_GPO_GPI_re/20240603_RISC-V_GPO_GPI_re.srcs/sources_1/new/DataPath.sv:212]
CRITICAL WARNING: [Synth 8-6859] multi-driven net on pin data[19] with 1st driver pin 'U_CPU_Core/U_DataPath/U_Extend/immext__33/Z' [D:/ish/verilog/vivadoWS/20240603_RISC-V_GPO_GPI_re/20240603_RISC-V_GPO_GPI_re.srcs/sources_1/new/DataPath.sv:212]
CRITICAL WARNING: [Synth 8-6859] multi-driven net on pin data[19] with 2nd driver pin 'GND' [D:/ish/verilog/vivadoWS/20240603_RISC-V_GPO_GPI_re/20240603_RISC-V_GPO_GPI_re.srcs/sources_1/new/DataPath.sv:212]
CRITICAL WARNING: [Synth 8-6858] multi-driven net data[19] is connected to at least one constant driver which has been preserved, other driver is ignored [D:/ish/verilog/vivadoWS/20240603_RISC-V_GPO_GPI_re/20240603_RISC-V_GPO_GPI_re.srcs/sources_1/new/DataPath.sv:212]
CRITICAL WARNING: [Synth 8-6859] multi-driven net on pin data[19] with 1st driver pin 'U_CPU_Core/U_DataPath/U_Extend/immext__35/Z' [D:/ish/verilog/vivadoWS/20240603_RISC-V_GPO_GPI_re/20240603_RISC-V_GPO_GPI_re.srcs/sources_1/new/DataPath.sv:212]
CRITICAL WARNING: [Synth 8-6859] multi-driven net on pin data[19] with 2nd driver pin 'GND' [D:/ish/verilog/vivadoWS/20240603_RISC-V_GPO_GPI_re/20240603_RISC-V_GPO_GPI_re.srcs/sources_1/new/DataPath.sv:212]
CRITICAL WARNING: [Synth 8-6858] multi-driven net data[19] is connected to at least one constant driver which has been preserved, other driver is ignored [D:/ish/verilog/vivadoWS/20240603_RISC-V_GPO_GPI_re/20240603_RISC-V_GPO_GPI_re.srcs/sources_1/new/DataPath.sv:212]
CRITICAL WARNING: [Synth 8-6859] multi-driven net on pin data[19] with 1st driver pin 'U_CPU_Core/U_DataPath/U_Extend/immext__37/Z' [D:/ish/verilog/vivadoWS/20240603_RISC-V_GPO_GPI_re/20240603_RISC-V_GPO_GPI_re.srcs/sources_1/new/DataPath.sv:212]
CRITICAL WARNING: [Synth 8-6859] multi-driven net on pin data[19] with 2nd driver pin 'GND' [D:/ish/verilog/vivadoWS/20240603_RISC-V_GPO_GPI_re/20240603_RISC-V_GPO_GPI_re.srcs/sources_1/new/DataPath.sv:212]
CRITICAL WARNING: [Synth 8-6858] multi-driven net data[19] is connected to at least one constant driver which has been preserved, other driver is ignored [D:/ish/verilog/vivadoWS/20240603_RISC-V_GPO_GPI_re/20240603_RISC-V_GPO_GPI_re.srcs/sources_1/new/DataPath.sv:212]
CRITICAL WARNING: [Synth 8-6859] multi-driven net on pin data[19] with 1st driver pin 'U_CPU_Core/U_DataPath/U_Extend/immext__39/Z' [D:/ish/verilog/vivadoWS/20240603_RISC-V_GPO_GPI_re/20240603_RISC-V_GPO_GPI_re.srcs/sources_1/new/DataPath.sv:212]
CRITICAL WARNING: [Synth 8-6859] multi-driven net on pin data[19] with 2nd driver pin 'GND' [D:/ish/verilog/vivadoWS/20240603_RISC-V_GPO_GPI_re/20240603_RISC-V_GPO_GPI_re.srcs/sources_1/new/DataPath.sv:212]
CRITICAL WARNING: [Synth 8-6858] multi-driven net data[19] is connected to at least one constant driver which has been preserved, other driver is ignored [D:/ish/verilog/vivadoWS/20240603_RISC-V_GPO_GPI_re/20240603_RISC-V_GPO_GPI_re.srcs/sources_1/new/DataPath.sv:212]
CRITICAL WARNING: [Synth 8-6859] multi-driven net on pin data[19] with 1st driver pin 'U_CPU_Core/U_DataPath/U_Extend/immext__41/Z' [D:/ish/verilog/vivadoWS/20240603_RISC-V_GPO_GPI_re/20240603_RISC-V_GPO_GPI_re.srcs/sources_1/new/DataPath.sv:212]
CRITICAL WARNING: [Synth 8-6859] multi-driven net on pin data[19] with 2nd driver pin 'GND' [D:/ish/verilog/vivadoWS/20240603_RISC-V_GPO_GPI_re/20240603_RISC-V_GPO_GPI_re.srcs/sources_1/new/DataPath.sv:212]
CRITICAL WARNING: [Synth 8-6858] multi-driven net data[19] is connected to at least one constant driver which has been preserved, other driver is ignored [D:/ish/verilog/vivadoWS/20240603_RISC-V_GPO_GPI_re/20240603_RISC-V_GPO_GPI_re.srcs/sources_1/new/DataPath.sv:212]
CRITICAL WARNING: [Synth 8-6859] multi-driven net on pin data[19] with 1st driver pin 'U_CPU_Core/U_DataPath/U_Extend/immext__43/Z' [D:/ish/verilog/vivadoWS/20240603_RISC-V_GPO_GPI_re/20240603_RISC-V_GPO_GPI_re.srcs/sources_1/new/DataPath.sv:212]
CRITICAL WARNING: [Synth 8-6859] multi-driven net on pin data[19] with 2nd driver pin 'GND' [D:/ish/verilog/vivadoWS/20240603_RISC-V_GPO_GPI_re/20240603_RISC-V_GPO_GPI_re.srcs/sources_1/new/DataPath.sv:212]
CRITICAL WARNING: [Synth 8-6858] multi-driven net data[19] is connected to at least one constant driver which has been preserved, other driver is ignored [D:/ish/verilog/vivadoWS/20240603_RISC-V_GPO_GPI_re/20240603_RISC-V_GPO_GPI_re.srcs/sources_1/new/DataPath.sv:212]
CRITICAL WARNING: [Synth 8-6859] multi-driven net on pin data[19] with 1st driver pin 'U_CPU_Core/U_DataPath/U_Extend/immext__45/Z' [D:/ish/verilog/vivadoWS/20240603_RISC-V_GPO_GPI_re/20240603_RISC-V_GPO_GPI_re.srcs/sources_1/new/DataPath.sv:212]
CRITICAL WARNING: [Synth 8-6859] multi-driven net on pin data[19] with 2nd driver pin 'GND' [D:/ish/verilog/vivadoWS/20240603_RISC-V_GPO_GPI_re/20240603_RISC-V_GPO_GPI_re.srcs/sources_1/new/DataPath.sv:212]
CRITICAL WARNING: [Synth 8-6858] multi-driven net data[19] is connected to at least one constant driver which has been preserved, other driver is ignored [D:/ish/verilog/vivadoWS/20240603_RISC-V_GPO_GPI_re/20240603_RISC-V_GPO_GPI_re.srcs/sources_1/new/DataPath.sv:212]
CRITICAL WARNING: [Synth 8-6859] multi-driven net on pin data[19] with 1st driver pin 'U_CPU_Core/U_DataPath/U_Extend/immext__47/Z' [D:/ish/verilog/vivadoWS/20240603_RISC-V_GPO_GPI_re/20240603_RISC-V_GPO_GPI_re.srcs/sources_1/new/DataPath.sv:212]
CRITICAL WARNING: [Synth 8-6859] multi-driven net on pin data[19] with 2nd driver pin 'GND' [D:/ish/verilog/vivadoWS/20240603_RISC-V_GPO_GPI_re/20240603_RISC-V_GPO_GPI_re.srcs/sources_1/new/DataPath.sv:212]
CRITICAL WARNING: [Synth 8-6858] multi-driven net data[19] is connected to at least one constant driver which has been preserved, other driver is ignored [D:/ish/verilog/vivadoWS/20240603_RISC-V_GPO_GPI_re/20240603_RISC-V_GPO_GPI_re.srcs/sources_1/new/DataPath.sv:212]
CRITICAL WARNING: [Synth 8-6859] multi-driven net on pin data[19] with 1st driver pin 'U_CPU_Core/U_DataPath/U_Extend/immext__49/Z' [D:/ish/verilog/vivadoWS/20240603_RISC-V_GPO_GPI_re/20240603_RISC-V_GPO_GPI_re.srcs/sources_1/new/DataPath.sv:212]
CRITICAL WARNING: [Synth 8-6859] multi-driven net on pin data[19] with 2nd driver pin 'GND' [D:/ish/verilog/vivadoWS/20240603_RISC-V_GPO_GPI_re/20240603_RISC-V_GPO_GPI_re.srcs/sources_1/new/DataPath.sv:212]
CRITICAL WARNING: [Synth 8-6858] multi-driven net data[19] is connected to at least one constant driver which has been preserved, other driver is ignored [D:/ish/verilog/vivadoWS/20240603_RISC-V_GPO_GPI_re/20240603_RISC-V_GPO_GPI_re.srcs/sources_1/new/DataPath.sv:212]
CRITICAL WARNING: [Synth 8-6859] multi-driven net on pin data[19] with 1st driver pin 'U_CPU_Core/U_DataPath/U_Extend/immext__51/Z' [D:/ish/verilog/vivadoWS/20240603_RISC-V_GPO_GPI_re/20240603_RISC-V_GPO_GPI_re.srcs/sources_1/new/DataPath.sv:212]
CRITICAL WARNING: [Synth 8-6859] multi-driven net on pin data[19] with 2nd driver pin 'GND' [D:/ish/verilog/vivadoWS/20240603_RISC-V_GPO_GPI_re/20240603_RISC-V_GPO_GPI_re.srcs/sources_1/new/DataPath.sv:212]
CRITICAL WARNING: [Synth 8-6858] multi-driven net data[19] is connected to at least one constant driver which has been preserved, other driver is ignored [D:/ish/verilog/vivadoWS/20240603_RISC-V_GPO_GPI_re/20240603_RISC-V_GPO_GPI_re.srcs/sources_1/new/DataPath.sv:212]
CRITICAL WARNING: [Synth 8-6859] multi-driven net on pin B1[4] with 1st driver pin 'i_57/O'
CRITICAL WARNING: [Synth 8-6859] multi-driven net on pin B1[4] with 2nd driver pin 'GND'
CRITICAL WARNING: [Synth 8-6858] multi-driven net B1[4] is connected to at least one constant driver which has been preserved, other driver is ignored
---------------------------------------------------------------------------------
Finished Technology Mapping : Time (s): cpu = 00:00:05 ; elapsed = 00:00:10 . Memory (MB): peak = 1106.699 ; gain = 0.000
---------------------------------------------------------------------------------
---------------------------------------------------------------------------------
Start IO Insertion
---------------------------------------------------------------------------------
---------------------------------------------------------------------------------
Start Flattening Before IO Insertion
---------------------------------------------------------------------------------
---------------------------------------------------------------------------------
Finished Flattening Before IO Insertion
---------------------------------------------------------------------------------
---------------------------------------------------------------------------------
Start Final Netlist Cleanup
---------------------------------------------------------------------------------
---------------------------------------------------------------------------------
Finished Final Netlist Cleanup
---------------------------------------------------------------------------------
---------------------------------------------------------------------------------
Finished IO Insertion : Time (s): cpu = 00:00:06 ; elapsed = 00:00:12 . Memory (MB): peak = 1106.699 ; gain = 0.000
---------------------------------------------------------------------------------
---------------------------------------------------------------------------------
Start Renaming Generated Instances
---------------------------------------------------------------------------------
---------------------------------------------------------------------------------
Finished Renaming Generated Instances : Time (s): cpu = 00:00:06 ; elapsed = 00:00:12 . Memory (MB): peak = 1106.699 ; gain = 0.000
---------------------------------------------------------------------------------
CRITICAL WARNING: [Synth 8-6859] multi-driven net on pin RegFile_reg_r2_0_31_0_5_i_1_n_0 with 1st driver pin 'RegFile_reg_r2_0_31_0_5_i_1/O' [D:/ish/verilog/vivadoWS/20240603_RISC-V_GPO_GPI_re/20240603_RISC-V_GPO_GPI_re.srcs/sources_1/new/RV32I.sv:3]
CRITICAL WARNING: [Synth 8-6859] multi-driven net on pin RegFile_reg_r2_0_31_0_5_i_1_n_0 with 2nd driver pin 'RegFile_reg_r2_0_31_0_5_i_2/O' [D:/ish/verilog/vivadoWS/20240603_RISC-V_GPO_GPI_re/20240603_RISC-V_GPO_GPI_re.srcs/sources_1/new/RV32I.sv:3]
CRITICAL WARNING: [Synth 8-6859] multi-driven net on pin w_InstrMemData[22] with 1st driver pin 'RegFile_reg_r2_0_31_0_5_i_3/O' [D:/ish/verilog/vivadoWS/20240603_RISC-V_GPO_GPI_re/20240603_RISC-V_GPO_GPI_re.srcs/sources_1/new/InstructionMemory.sv:43]
CRITICAL WARNING: [Synth 8-6859] multi-driven net on pin w_InstrMemData[22] with 2nd driver pin 'RegFile_reg_r2_0_31_0_5_i_4/O' [D:/ish/verilog/vivadoWS/20240603_RISC-V_GPO_GPI_re/20240603_RISC-V_GPO_GPI_re.srcs/sources_1/new/RV32I.sv:3]
CRITICAL WARNING: [Synth 8-6859] multi-driven net on pin w_InstrMemData[21] with 1st driver pin 'RegFile_reg_r2_0_31_0_5_i_5/O' [D:/ish/verilog/vivadoWS/20240603_RISC-V_GPO_GPI_re/20240603_RISC-V_GPO_GPI_re.srcs/sources_1/new/InstructionMemory.sv:43]
CRITICAL WARNING: [Synth 8-6859] multi-driven net on pin w_InstrMemData[21] with 2nd driver pin 'RegFile_reg_r2_0_31_0_5_i_6/O' [D:/ish/verilog/vivadoWS/20240603_RISC-V_GPO_GPI_re/20240603_RISC-V_GPO_GPI_re.srcs/sources_1/new/RV32I.sv:3]
CRITICAL WARNING: [Synth 8-6859] multi-driven net on pin w_InstrMemData[20] with 1st driver pin 'RegFile_reg_r2_0_31_0_5_i_7/O' [D:/ish/verilog/vivadoWS/20240603_RISC-V_GPO_GPI_re/20240603_RISC-V_GPO_GPI_re.srcs/sources_1/new/RV32I.sv:3]
CRITICAL WARNING: [Synth 8-6859] multi-driven net on pin w_InstrMemData[20] with 2nd driver pin 'RegFile_reg_r2_0_31_0_5_i_8/O' [D:/ish/verilog/vivadoWS/20240603_RISC-V_GPO_GPI_re/20240603_RISC-V_GPO_GPI_re.srcs/sources_1/new/InstructionMemory.sv:43]
CRITICAL WARNING: [Synth 8-6859] multi-driven net on pin w_InstrMemData[30] with 1st driver pin 'result0_carry__1_i_9/O' [D:/ish/verilog/vivadoWS/20240603_RISC-V_GPO_GPI_re/20240603_RISC-V_GPO_GPI_re.srcs/sources_1/new/InstructionMemory.sv:43]
CRITICAL WARNING: [Synth 8-6859] multi-driven net on pin w_InstrMemData[30] with 2nd driver pin 'result0_carry__1_i_10/O'

Report Check Netlist: 
+------+------------------+-------+---------+-------+------------------+
|      |Item              |Errors |Warnings |Status |Description       |
+------+------------------+-------+---------+-------+------------------+
|1     |multi_driven_nets |      0|        5|Failed |Multi driven nets |
+------+------------------+-------+---------+-------+------------------+
---------------------------------------------------------------------------------
Start Rebuilding User Hierarchy
---------------------------------------------------------------------------------
---------------------------------------------------------------------------------
Finished Rebuilding User Hierarchy : Time (s): cpu = 00:00:06 ; elapsed = 00:00:12 . Memory (MB): peak = 1106.699 ; gain = 0.000
---------------------------------------------------------------------------------
---------------------------------------------------------------------------------
Start Renaming Generated Ports
---------------------------------------------------------------------------------
---------------------------------------------------------------------------------
Finished Renaming Generated Ports : Time (s): cpu = 00:00:06 ; elapsed = 00:00:12 . Memory (MB): peak = 1106.699 ; gain = 0.000
---------------------------------------------------------------------------------
---------------------------------------------------------------------------------
Start Handling Custom Attributes
---------------------------------------------------------------------------------
---------------------------------------------------------------------------------
Finished Handling Custom Attributes : Time (s): cpu = 00:00:06 ; elapsed = 00:00:12 . Memory (MB): peak = 1106.699 ; gain = 0.000
---------------------------------------------------------------------------------
---------------------------------------------------------------------------------
Start Renaming Generated Nets
---------------------------------------------------------------------------------
---------------------------------------------------------------------------------
Finished Renaming Generated Nets : Time (s): cpu = 00:00:06 ; elapsed = 00:00:12 . Memory (MB): peak = 1106.699 ; gain = 0.000
---------------------------------------------------------------------------------
---------------------------------------------------------------------------------
Start Writing Synthesis Report
---------------------------------------------------------------------------------

Report BlackBoxes: 
+-+--------------+----------+
| |BlackBox name |Instances |
+-+--------------+----------+
+-+--------------+----------+

Report Cell Usage: 
+------+---------+------+
|      |Cell     |Count |
+------+---------+------+
|1     |BUF      |     1|
|2     |BUFG     |     1|
|3     |CARRY4   |    21|
|4     |LUT1     |     1|
|5     |LUT2     |    11|
|6     |LUT3     |     9|
|7     |LUT4     |   105|
|8     |LUT5     |   185|
|9     |LUT6     |   345|
|10    |RAM32M   |    12|
|11    |RAM64X1S |    32|
|12    |FDCE     |    36|
|13    |IBUF     |     2|
|14    |OBUF     |     4|
+------+---------+------+

Report Instance Areas: 
+------+---------------------+-------------+------+
|      |Instance             |Module       |Cells |
+------+---------------------+-------------+------+
|1     |top                  |             |   765|
|2     |  U_GPO              |GPO          |    32|
|3     |  U_RAM              |DataMemory   |    32|
|4     |  U_CPU_Core         |CPU_Core     |   693|
|5     |    U_DataPath       |DataPath     |   693|
|6     |      U_ALU          |alu          |    20|
|7     |      U_Adder_PC     |adder        |     2|
|8     |      U_PC           |Register     |   307|
|9     |      U_RegisterFile |RegisterFile |   364|
+------+---------------------+-------------+------+
---------------------------------------------------------------------------------
Finished Writing Synthesis Report : Time (s): cpu = 00:00:06 ; elapsed = 00:00:12 . Memory (MB): peak = 1106.699 ; gain = 0.000
---------------------------------------------------------------------------------
Synthesis finished with 0 errors, 91 critical warnings and 0 warnings.
Synthesis Optimization Runtime : Time (s): cpu = 00:00:06 ; elapsed = 00:00:12 . Memory (MB): peak = 1106.699 ; gain = 0.000
Synthesis Optimization Complete : Time (s): cpu = 00:00:06 ; elapsed = 00:00:12 . Memory (MB): peak = 1106.699 ; gain = 0.000
INFO: [Project 1-571] Translating synthesized netlist
Netlist sorting complete. Time (s): cpu = 00:00:00 ; elapsed = 00:00:00.015 . Memory (MB): peak = 1106.699 ; gain = 0.000
INFO: [Netlist 29-17] Analyzing 66 Unisim elements for replacement
INFO: [Netlist 29-28] Unisim Transformation completed in 0 CPU seconds
INFO: [Project 1-570] Preparing netlist for logic optimization
INFO: [Opt 31-138] Pushed 0 inverter(s) to 0 load pin(s).
Netlist sorting complete. Time (s): cpu = 00:00:00 ; elapsed = 00:00:00 . Memory (MB): peak = 1106.699 ; gain = 0.000
INFO: [Project 1-111] Unisim Transformation Summary:
  A total of 45 instances were transformed.
  BUF => LUT1: 1 instance 
  RAM32M => RAM32M (RAMD32(x6), RAMS32(x2)): 12 instances
  RAM64X1S => RAM64X1S (RAMS64E): 32 instances

INFO: [Common 17-83] Releasing license: Synthesis
51 Infos, 0 Warnings, 91 Critical Warnings and 0 Errors encountered.
synth_design completed successfully
synth_design: Time (s): cpu = 00:00:07 ; elapsed = 00:00:16 . Memory (MB): peak = 1106.699 ; gain = 0.000
INFO: [runtcl-6] Synthesis results are not added to the cache due to CRITICAL_WARNING
INFO: [Common 17-1381] The checkpoint 'D:/ish/verilog/vivadoWS/20240603_RISC-V_GPO_GPI_re/20240603_RISC-V_GPO_GPI_re.runs/synth_1/RV32I.dcp' has been generated.
INFO: [runtcl-4] Executing : report_utilization -file RV32I_utilization_synth.rpt -pb RV32I_utilization_synth.pb
INFO: [Common 17-206] Exiting Vivado at Mon Jun  3 14:27:58 2024...
