Copyright 1986-2020 Xilinx, Inc. All Rights Reserved.
-----------------------------------------------------------------------------------------------------------------------------------------------------
| Tool Version : Vivado v.2020.2 (win64) Build 3064766 Wed Nov 18 09:12:45 MST 2020
| Date         : Mon Jun  3 17:16:23 2024
| Host         : DESKTOP-7CFQ9ND running 64-bit major release  (build 9200)
| Command      : report_methodology -file RV32I_methodology_drc_routed.rpt -pb RV32I_methodology_drc_routed.pb -rpx RV32I_methodology_drc_routed.rpx
| Design       : RV32I
| Device       : xc7a35tcpg236-1
| Speed File   : -1
| Design State : Fully Routed
-----------------------------------------------------------------------------------------------------------------------------------------------------

Report Methodology

Table of Contents
-----------------
1. REPORT SUMMARY
2. REPORT DETAILS

1. REPORT SUMMARY
-----------------
            Netlist: netlist
          Floorplan: design_1
      Design limits: <entire design considered>
             Max violations: <unlimited>
             Violations found: 169
+-----------+----------+-------------------------------+------------+
| Rule      | Severity | Description                   | Violations |
+-----------+----------+-------------------------------+------------+
| TIMING-16 | Warning  | Large setup violation         | 164        |
| TIMING-18 | Warning  | Missing input or output delay | 5          |
+-----------+----------+-------------------------------+------------+

2. REPORT DETAILS
-----------------
TIMING-16#1 Warning
Large setup violation  
There is a large setup violation of -1.100 ns between U_CPU_Core/U_DataPath/U_PC/q_reg[2]_replica_4/C (clocked by sys_clk_pin) and U_CPU_Core/U_DataPath/U_PC/q_reg[6]/D (clocked by sys_clk_pin). Large setup violations at the end of those stages might be difficult to fix during the post-placement implementation flow and could be the result of non-optimal XDC constraints or non-optimal design architecture
Related violations: <none>

TIMING-16#2 Warning
Large setup violation  
There is a large setup violation of -1.201 ns between U_CPU_Core/U_DataPath/U_PC/q_reg[2]_replica_4/C (clocked by sys_clk_pin) and U_CPU_Core/U_DataPath/U_PC/q_reg[7]/D (clocked by sys_clk_pin). Large setup violations at the end of those stages might be difficult to fix during the post-placement implementation flow and could be the result of non-optimal XDC constraints or non-optimal design architecture
Related violations: <none>

TIMING-16#3 Warning
Large setup violation  
There is a large setup violation of -1.271 ns between U_CPU_Core/U_DataPath/U_PC/q_reg[6]/C (clocked by sys_clk_pin) and U_CPU_Core/U_DataPath/U_PC/q_reg[8]/D (clocked by sys_clk_pin). Large setup violations at the end of those stages might be difficult to fix during the post-placement implementation flow and could be the result of non-optimal XDC constraints or non-optimal design architecture
Related violations: <none>

TIMING-16#4 Warning
Large setup violation  
There is a large setup violation of -1.287 ns between U_CPU_Core/U_DataPath/U_PC/q_reg[6]/C (clocked by sys_clk_pin) and U_CPU_Core/U_DataPath/U_PC/q_reg[10]/D (clocked by sys_clk_pin). Large setup violations at the end of those stages might be difficult to fix during the post-placement implementation flow and could be the result of non-optimal XDC constraints or non-optimal design architecture
Related violations: <none>

TIMING-16#5 Warning
Large setup violation  
There is a large setup violation of -1.361 ns between U_CPU_Core/U_DataPath/U_PC/q_reg[6]/C (clocked by sys_clk_pin) and U_CPU_Core/U_DataPath/U_PC/q_reg[11]/D (clocked by sys_clk_pin). Large setup violations at the end of those stages might be difficult to fix during the post-placement implementation flow and could be the result of non-optimal XDC constraints or non-optimal design architecture
Related violations: <none>

TIMING-16#6 Warning
Large setup violation  
There is a large setup violation of -1.382 ns between U_CPU_Core/U_DataPath/U_PC/q_reg[6]/C (clocked by sys_clk_pin) and U_CPU_Core/U_DataPath/U_PC/q_reg[9]/D (clocked by sys_clk_pin). Large setup violations at the end of those stages might be difficult to fix during the post-placement implementation flow and could be the result of non-optimal XDC constraints or non-optimal design architecture
Related violations: <none>

TIMING-16#7 Warning
Large setup violation  
There is a large setup violation of -1.407 ns between U_CPU_Core/U_DataPath/U_PC/q_reg[6]/C (clocked by sys_clk_pin) and U_CPU_Core/U_DataPath/U_PC/q_reg[12]/D (clocked by sys_clk_pin). Large setup violations at the end of those stages might be difficult to fix during the post-placement implementation flow and could be the result of non-optimal XDC constraints or non-optimal design architecture
Related violations: <none>

TIMING-16#8 Warning
Large setup violation  
There is a large setup violation of -1.423 ns between U_CPU_Core/U_DataPath/U_PC/q_reg[6]/C (clocked by sys_clk_pin) and U_CPU_Core/U_DataPath/U_PC/q_reg[14]/D (clocked by sys_clk_pin). Large setup violations at the end of those stages might be difficult to fix during the post-placement implementation flow and could be the result of non-optimal XDC constraints or non-optimal design architecture
Related violations: <none>

TIMING-16#9 Warning
Large setup violation  
There is a large setup violation of -1.497 ns between U_CPU_Core/U_DataPath/U_PC/q_reg[6]/C (clocked by sys_clk_pin) and U_CPU_Core/U_DataPath/U_PC/q_reg[15]/D (clocked by sys_clk_pin). Large setup violations at the end of those stages might be difficult to fix during the post-placement implementation flow and could be the result of non-optimal XDC constraints or non-optimal design architecture
Related violations: <none>

TIMING-16#10 Warning
Large setup violation  
There is a large setup violation of -1.518 ns between U_CPU_Core/U_DataPath/U_PC/q_reg[6]/C (clocked by sys_clk_pin) and U_CPU_Core/U_DataPath/U_PC/q_reg[13]/D (clocked by sys_clk_pin). Large setup violations at the end of those stages might be difficult to fix during the post-placement implementation flow and could be the result of non-optimal XDC constraints or non-optimal design architecture
Related violations: <none>

TIMING-16#11 Warning
Large setup violation  
There is a large setup violation of -1.519 ns between U_CPU_Core/U_DataPath/U_PC/q_reg[6]/C (clocked by sys_clk_pin) and U_CPU_Core/U_DataPath/U_PC/q_reg[16]/D (clocked by sys_clk_pin). Large setup violations at the end of those stages might be difficult to fix during the post-placement implementation flow and could be the result of non-optimal XDC constraints or non-optimal design architecture
Related violations: <none>

TIMING-16#12 Warning
Large setup violation  
There is a large setup violation of -1.535 ns between U_CPU_Core/U_DataPath/U_PC/q_reg[6]/C (clocked by sys_clk_pin) and U_CPU_Core/U_DataPath/U_PC/q_reg[18]/D (clocked by sys_clk_pin). Large setup violations at the end of those stages might be difficult to fix during the post-placement implementation flow and could be the result of non-optimal XDC constraints or non-optimal design architecture
Related violations: <none>

TIMING-16#13 Warning
Large setup violation  
There is a large setup violation of -1.569 ns between U_CPU_Core/U_DataPath/U_PC/q_reg[6]/C (clocked by sys_clk_pin) and U_CPU_Core/U_DataPath/U_PC/q_reg[2]_replica_1/D (clocked by sys_clk_pin). Large setup violations at the end of those stages might be difficult to fix during the post-placement implementation flow and could be the result of non-optimal XDC constraints or non-optimal design architecture
Related violations: <none>

TIMING-16#14 Warning
Large setup violation  
There is a large setup violation of -1.609 ns between U_CPU_Core/U_DataPath/U_PC/q_reg[6]/C (clocked by sys_clk_pin) and U_CPU_Core/U_DataPath/U_PC/q_reg[19]/D (clocked by sys_clk_pin). Large setup violations at the end of those stages might be difficult to fix during the post-placement implementation flow and could be the result of non-optimal XDC constraints or non-optimal design architecture
Related violations: <none>

TIMING-16#15 Warning
Large setup violation  
There is a large setup violation of -1.630 ns between U_CPU_Core/U_DataPath/U_PC/q_reg[6]/C (clocked by sys_clk_pin) and U_CPU_Core/U_DataPath/U_PC/q_reg[17]/D (clocked by sys_clk_pin). Large setup violations at the end of those stages might be difficult to fix during the post-placement implementation flow and could be the result of non-optimal XDC constraints or non-optimal design architecture
Related violations: <none>

TIMING-16#16 Warning
Large setup violation  
There is a large setup violation of -1.632 ns between U_CPU_Core/U_DataPath/U_PC/q_reg[6]/C (clocked by sys_clk_pin) and U_CPU_Core/U_DataPath/U_PC/q_reg[20]/D (clocked by sys_clk_pin). Large setup violations at the end of those stages might be difficult to fix during the post-placement implementation flow and could be the result of non-optimal XDC constraints or non-optimal design architecture
Related violations: <none>

TIMING-16#17 Warning
Large setup violation  
There is a large setup violation of -1.648 ns between U_CPU_Core/U_DataPath/U_PC/q_reg[6]/C (clocked by sys_clk_pin) and U_CPU_Core/U_DataPath/U_PC/q_reg[22]/D (clocked by sys_clk_pin). Large setup violations at the end of those stages might be difficult to fix during the post-placement implementation flow and could be the result of non-optimal XDC constraints or non-optimal design architecture
Related violations: <none>

TIMING-16#18 Warning
Large setup violation  
There is a large setup violation of -1.676 ns between U_CPU_Core/U_DataPath/U_PC/q_reg[6]/C (clocked by sys_clk_pin) and U_CPU_Core/U_DataPath/U_PC/q_reg[2]/D (clocked by sys_clk_pin). Large setup violations at the end of those stages might be difficult to fix during the post-placement implementation flow and could be the result of non-optimal XDC constraints or non-optimal design architecture
Related violations: <none>

TIMING-16#19 Warning
Large setup violation  
There is a large setup violation of -1.712 ns between U_CPU_Core/U_DataPath/U_PC/q_reg[6]/C (clocked by sys_clk_pin) and U_CPU_Core/U_DataPath/U_PC/q_reg[2]_replica_3/D (clocked by sys_clk_pin). Large setup violations at the end of those stages might be difficult to fix during the post-placement implementation flow and could be the result of non-optimal XDC constraints or non-optimal design architecture
Related violations: <none>

TIMING-16#20 Warning
Large setup violation  
There is a large setup violation of -1.722 ns between U_CPU_Core/U_DataPath/U_PC/q_reg[6]/C (clocked by sys_clk_pin) and U_CPU_Core/U_DataPath/U_PC/q_reg[23]/D (clocked by sys_clk_pin). Large setup violations at the end of those stages might be difficult to fix during the post-placement implementation flow and could be the result of non-optimal XDC constraints or non-optimal design architecture
Related violations: <none>

TIMING-16#21 Warning
Large setup violation  
There is a large setup violation of -1.732 ns between U_CPU_Core/U_DataPath/U_PC/q_reg[6]/C (clocked by sys_clk_pin) and U_CPU_Core/U_DataPath/U_PC/q_reg[2]_replica_4/D (clocked by sys_clk_pin). Large setup violations at the end of those stages might be difficult to fix during the post-placement implementation flow and could be the result of non-optimal XDC constraints or non-optimal design architecture
Related violations: <none>

TIMING-16#22 Warning
Large setup violation  
There is a large setup violation of -1.743 ns between U_CPU_Core/U_DataPath/U_PC/q_reg[6]/C (clocked by sys_clk_pin) and U_CPU_Core/U_DataPath/U_PC/q_reg[21]/D (clocked by sys_clk_pin). Large setup violations at the end of those stages might be difficult to fix during the post-placement implementation flow and could be the result of non-optimal XDC constraints or non-optimal design architecture
Related violations: <none>

TIMING-16#23 Warning
Large setup violation  
There is a large setup violation of -1.744 ns between U_CPU_Core/U_DataPath/U_PC/q_reg[6]/C (clocked by sys_clk_pin) and U_CPU_Core/U_DataPath/U_PC/q_reg[24]/D (clocked by sys_clk_pin). Large setup violations at the end of those stages might be difficult to fix during the post-placement implementation flow and could be the result of non-optimal XDC constraints or non-optimal design architecture
Related violations: <none>

TIMING-16#24 Warning
Large setup violation  
There is a large setup violation of -1.747 ns between U_CPU_Core/U_DataPath/U_PC/q_reg[6]/C (clocked by sys_clk_pin) and U_CPU_Core/U_DataPath/U_PC/q_reg[3]_replica_1/D (clocked by sys_clk_pin). Large setup violations at the end of those stages might be difficult to fix during the post-placement implementation flow and could be the result of non-optimal XDC constraints or non-optimal design architecture
Related violations: <none>

TIMING-16#25 Warning
Large setup violation  
There is a large setup violation of -1.756 ns between U_CPU_Core/U_DataPath/U_PC/q_reg[6]/C (clocked by sys_clk_pin) and U_CPU_Core/U_DataPath/U_PC/q_reg[2]_replica_2/D (clocked by sys_clk_pin). Large setup violations at the end of those stages might be difficult to fix during the post-placement implementation flow and could be the result of non-optimal XDC constraints or non-optimal design architecture
Related violations: <none>

TIMING-16#26 Warning
Large setup violation  
There is a large setup violation of -1.760 ns between U_CPU_Core/U_DataPath/U_PC/q_reg[6]/C (clocked by sys_clk_pin) and U_CPU_Core/U_DataPath/U_PC/q_reg[26]/D (clocked by sys_clk_pin). Large setup violations at the end of those stages might be difficult to fix during the post-placement implementation flow and could be the result of non-optimal XDC constraints or non-optimal design architecture
Related violations: <none>

TIMING-16#27 Warning
Large setup violation  
There is a large setup violation of -1.766 ns between U_CPU_Core/U_DataPath/U_PC/q_reg[6]/C (clocked by sys_clk_pin) and U_CPU_Core/U_DataPath/U_PC/q_reg[3]_replica/D (clocked by sys_clk_pin). Large setup violations at the end of those stages might be difficult to fix during the post-placement implementation flow and could be the result of non-optimal XDC constraints or non-optimal design architecture
Related violations: <none>

TIMING-16#28 Warning
Large setup violation  
There is a large setup violation of -1.834 ns between U_CPU_Core/U_DataPath/U_PC/q_reg[6]/C (clocked by sys_clk_pin) and U_CPU_Core/U_DataPath/U_PC/q_reg[27]/D (clocked by sys_clk_pin). Large setup violations at the end of those stages might be difficult to fix during the post-placement implementation flow and could be the result of non-optimal XDC constraints or non-optimal design architecture
Related violations: <none>

TIMING-16#29 Warning
Large setup violation  
There is a large setup violation of -1.841 ns between U_CPU_Core/U_DataPath/U_PC/q_reg[6]/C (clocked by sys_clk_pin) and U_CPU_Core/U_DataPath/U_PC/q_reg[5]/D (clocked by sys_clk_pin). Large setup violations at the end of those stages might be difficult to fix during the post-placement implementation flow and could be the result of non-optimal XDC constraints or non-optimal design architecture
Related violations: <none>

TIMING-16#30 Warning
Large setup violation  
There is a large setup violation of -1.855 ns between U_CPU_Core/U_DataPath/U_PC/q_reg[6]/C (clocked by sys_clk_pin) and U_CPU_Core/U_DataPath/U_PC/q_reg[25]/D (clocked by sys_clk_pin). Large setup violations at the end of those stages might be difficult to fix during the post-placement implementation flow and could be the result of non-optimal XDC constraints or non-optimal design architecture
Related violations: <none>

TIMING-16#31 Warning
Large setup violation  
There is a large setup violation of -1.857 ns between U_CPU_Core/U_DataPath/U_PC/q_reg[6]/C (clocked by sys_clk_pin) and U_CPU_Core/U_DataPath/U_PC/q_reg[28]/D (clocked by sys_clk_pin). Large setup violations at the end of those stages might be difficult to fix during the post-placement implementation flow and could be the result of non-optimal XDC constraints or non-optimal design architecture
Related violations: <none>

TIMING-16#32 Warning
Large setup violation  
There is a large setup violation of -1.873 ns between U_CPU_Core/U_DataPath/U_PC/q_reg[6]/C (clocked by sys_clk_pin) and U_CPU_Core/U_DataPath/U_PC/q_reg[30]/D (clocked by sys_clk_pin). Large setup violations at the end of those stages might be difficult to fix during the post-placement implementation flow and could be the result of non-optimal XDC constraints or non-optimal design architecture
Related violations: <none>

TIMING-16#33 Warning
Large setup violation  
There is a large setup violation of -1.881 ns between U_CPU_Core/U_DataPath/U_PC/q_reg[6]/C (clocked by sys_clk_pin) and U_CPU_Core/U_DataPath/U_PC/q_reg[7]_replica/D (clocked by sys_clk_pin). Large setup violations at the end of those stages might be difficult to fix during the post-placement implementation flow and could be the result of non-optimal XDC constraints or non-optimal design architecture
Related violations: <none>

TIMING-16#34 Warning
Large setup violation  
There is a large setup violation of -1.893 ns between U_CPU_Core/U_DataPath/U_PC/q_reg[4]/C (clocked by sys_clk_pin) and U_CPU_Core/U_DataPath/U_RegisterFile/RegFile_reg_r2_0_31_6_11/RAMC_D1/I (clocked by sys_clk_pin). Large setup violations at the end of those stages might be difficult to fix during the post-placement implementation flow and could be the result of non-optimal XDC constraints or non-optimal design architecture
Related violations: <none>

TIMING-16#35 Warning
Large setup violation  
There is a large setup violation of -1.921 ns between U_CPU_Core/U_DataPath/U_PC/q_reg[3]/C (clocked by sys_clk_pin) and U_CPU_Core/U_DataPath/U_RegisterFile/RegFile_reg_r1_0_31_0_5/RAMC_D1/I (clocked by sys_clk_pin). Large setup violations at the end of those stages might be difficult to fix during the post-placement implementation flow and could be the result of non-optimal XDC constraints or non-optimal design architecture
Related violations: <none>

TIMING-16#36 Warning
Large setup violation  
There is a large setup violation of -1.930 ns between U_CPU_Core/U_DataPath/U_PC/q_reg[4]/C (clocked by sys_clk_pin) and U_CPU_Core/U_DataPath/U_RegisterFile/RegFile_reg_r1_0_31_24_29/RAMA/I (clocked by sys_clk_pin). Large setup violations at the end of those stages might be difficult to fix during the post-placement implementation flow and could be the result of non-optimal XDC constraints or non-optimal design architecture
Related violations: <none>

TIMING-16#37 Warning
Large setup violation  
There is a large setup violation of -1.940 ns between U_CPU_Core/U_DataPath/U_PC/q_reg[4]/C (clocked by sys_clk_pin) and U_CPU_Core/U_DataPath/U_RegisterFile/RegFile_reg_r2_0_31_18_23/RAMB/I (clocked by sys_clk_pin). Large setup violations at the end of those stages might be difficult to fix during the post-placement implementation flow and could be the result of non-optimal XDC constraints or non-optimal design architecture
Related violations: <none>

TIMING-16#38 Warning
Large setup violation  
There is a large setup violation of -1.941 ns between U_CPU_Core/U_DataPath/U_PC/q_reg[4]/C (clocked by sys_clk_pin) and U_CPU_Core/U_DataPath/U_RegisterFile/RegFile_reg_r1_0_31_6_11/RAMB_D1/I (clocked by sys_clk_pin). Large setup violations at the end of those stages might be difficult to fix during the post-placement implementation flow and could be the result of non-optimal XDC constraints or non-optimal design architecture
Related violations: <none>

TIMING-16#39 Warning
Large setup violation  
There is a large setup violation of -1.947 ns between U_CPU_Core/U_DataPath/U_PC/q_reg[6]/C (clocked by sys_clk_pin) and U_CPU_Core/U_DataPath/U_PC/q_reg[31]/D (clocked by sys_clk_pin). Large setup violations at the end of those stages might be difficult to fix during the post-placement implementation flow and could be the result of non-optimal XDC constraints or non-optimal design architecture
Related violations: <none>

TIMING-16#40 Warning
Large setup violation  
There is a large setup violation of -1.958 ns between U_CPU_Core/U_DataPath/U_PC/q_reg[4]/C (clocked by sys_clk_pin) and U_CPU_Core/U_DataPath/U_RegisterFile/RegFile_reg_r2_0_31_0_5/RAMA_D1/I (clocked by sys_clk_pin). Large setup violations at the end of those stages might be difficult to fix during the post-placement implementation flow and could be the result of non-optimal XDC constraints or non-optimal design architecture
Related violations: <none>

TIMING-16#41 Warning
Large setup violation  
There is a large setup violation of -1.968 ns between U_CPU_Core/U_DataPath/U_PC/q_reg[6]/C (clocked by sys_clk_pin) and U_CPU_Core/U_DataPath/U_PC/q_reg[29]/D (clocked by sys_clk_pin). Large setup violations at the end of those stages might be difficult to fix during the post-placement implementation flow and could be the result of non-optimal XDC constraints or non-optimal design architecture
Related violations: <none>

TIMING-16#42 Warning
Large setup violation  
There is a large setup violation of -1.987 ns between U_CPU_Core/U_DataPath/U_PC/q_reg[4]/C (clocked by sys_clk_pin) and U_CPU_Core/U_DataPath/U_RegisterFile/RegFile_reg_r1_0_31_18_23/RAMB/I (clocked by sys_clk_pin). Large setup violations at the end of those stages might be difficult to fix during the post-placement implementation flow and could be the result of non-optimal XDC constraints or non-optimal design architecture
Related violations: <none>

TIMING-16#43 Warning
Large setup violation  
There is a large setup violation of -2.021 ns between U_CPU_Core/U_DataPath/U_PC/q_reg[6]/C (clocked by sys_clk_pin) and U_GPO/ODR_reg[21]/CE (clocked by sys_clk_pin). Large setup violations at the end of those stages might be difficult to fix during the post-placement implementation flow and could be the result of non-optimal XDC constraints or non-optimal design architecture
Related violations: <none>

TIMING-16#44 Warning
Large setup violation  
There is a large setup violation of -2.021 ns between U_CPU_Core/U_DataPath/U_PC/q_reg[6]/C (clocked by sys_clk_pin) and U_GPO/ODR_reg[22]/CE (clocked by sys_clk_pin). Large setup violations at the end of those stages might be difficult to fix during the post-placement implementation flow and could be the result of non-optimal XDC constraints or non-optimal design architecture
Related violations: <none>

TIMING-16#45 Warning
Large setup violation  
There is a large setup violation of -2.021 ns between U_CPU_Core/U_DataPath/U_PC/q_reg[6]/C (clocked by sys_clk_pin) and U_GPO/ODR_reg[24]/CE (clocked by sys_clk_pin). Large setup violations at the end of those stages might be difficult to fix during the post-placement implementation flow and could be the result of non-optimal XDC constraints or non-optimal design architecture
Related violations: <none>

TIMING-16#46 Warning
Large setup violation  
There is a large setup violation of -2.021 ns between U_CPU_Core/U_DataPath/U_PC/q_reg[6]/C (clocked by sys_clk_pin) and U_GPO/ODR_reg[6]/CE (clocked by sys_clk_pin). Large setup violations at the end of those stages might be difficult to fix during the post-placement implementation flow and could be the result of non-optimal XDC constraints or non-optimal design architecture
Related violations: <none>

TIMING-16#47 Warning
Large setup violation  
There is a large setup violation of -2.024 ns between U_CPU_Core/U_DataPath/U_PC/q_reg[4]/C (clocked by sys_clk_pin) and U_CPU_Core/U_DataPath/U_RegisterFile/RegFile_reg_r2_0_31_24_29/RAMB/I (clocked by sys_clk_pin). Large setup violations at the end of those stages might be difficult to fix during the post-placement implementation flow and could be the result of non-optimal XDC constraints or non-optimal design architecture
Related violations: <none>

TIMING-16#48 Warning
Large setup violation  
There is a large setup violation of -2.035 ns between U_CPU_Core/U_DataPath/U_PC/q_reg[4]/C (clocked by sys_clk_pin) and U_CPU_Core/U_DataPath/U_RegisterFile/RegFile_reg_r1_0_31_6_11/RAMC_D1/I (clocked by sys_clk_pin). Large setup violations at the end of those stages might be difficult to fix during the post-placement implementation flow and could be the result of non-optimal XDC constraints or non-optimal design architecture
Related violations: <none>

TIMING-16#49 Warning
Large setup violation  
There is a large setup violation of -2.040 ns between U_CPU_Core/U_DataPath/U_PC/q_reg[4]/C (clocked by sys_clk_pin) and U_CPU_Core/U_DataPath/U_RegisterFile/RegFile_reg_r2_0_31_24_29/RAMC/I (clocked by sys_clk_pin). Large setup violations at the end of those stages might be difficult to fix during the post-placement implementation flow and could be the result of non-optimal XDC constraints or non-optimal design architecture
Related violations: <none>

TIMING-16#50 Warning
Large setup violation  
There is a large setup violation of -2.043 ns between U_CPU_Core/U_DataPath/U_PC/q_reg[4]/C (clocked by sys_clk_pin) and U_CPU_Core/U_DataPath/U_RegisterFile/RegFile_reg_r1_0_31_24_29/RAMB/I (clocked by sys_clk_pin). Large setup violations at the end of those stages might be difficult to fix during the post-placement implementation flow and could be the result of non-optimal XDC constraints or non-optimal design architecture
Related violations: <none>

TIMING-16#51 Warning
Large setup violation  
There is a large setup violation of -2.049 ns between U_CPU_Core/U_DataPath/U_PC/q_reg[6]/C (clocked by sys_clk_pin) and U_GPO/ODR_reg[15]/CE (clocked by sys_clk_pin). Large setup violations at the end of those stages might be difficult to fix during the post-placement implementation flow and could be the result of non-optimal XDC constraints or non-optimal design architecture
Related violations: <none>

TIMING-16#52 Warning
Large setup violation  
There is a large setup violation of -2.049 ns between U_CPU_Core/U_DataPath/U_PC/q_reg[6]/C (clocked by sys_clk_pin) and U_GPO/ODR_reg[23]/CE (clocked by sys_clk_pin). Large setup violations at the end of those stages might be difficult to fix during the post-placement implementation flow and could be the result of non-optimal XDC constraints or non-optimal design architecture
Related violations: <none>

TIMING-16#53 Warning
Large setup violation  
There is a large setup violation of -2.049 ns between U_CPU_Core/U_DataPath/U_PC/q_reg[6]/C (clocked by sys_clk_pin) and U_GPO/ODR_reg[25]/CE (clocked by sys_clk_pin). Large setup violations at the end of those stages might be difficult to fix during the post-placement implementation flow and could be the result of non-optimal XDC constraints or non-optimal design architecture
Related violations: <none>

TIMING-16#54 Warning
Large setup violation  
There is a large setup violation of -2.049 ns between U_CPU_Core/U_DataPath/U_PC/q_reg[6]/C (clocked by sys_clk_pin) and U_GPO/ODR_reg[26]/CE (clocked by sys_clk_pin). Large setup violations at the end of those stages might be difficult to fix during the post-placement implementation flow and could be the result of non-optimal XDC constraints or non-optimal design architecture
Related violations: <none>

TIMING-16#55 Warning
Large setup violation  
There is a large setup violation of -2.049 ns between U_CPU_Core/U_DataPath/U_PC/q_reg[6]/C (clocked by sys_clk_pin) and U_GPO/ODR_reg[28]/CE (clocked by sys_clk_pin). Large setup violations at the end of those stages might be difficult to fix during the post-placement implementation flow and could be the result of non-optimal XDC constraints or non-optimal design architecture
Related violations: <none>

TIMING-16#56 Warning
Large setup violation  
There is a large setup violation of -2.049 ns between U_CPU_Core/U_DataPath/U_PC/q_reg[6]/C (clocked by sys_clk_pin) and U_GPO/ODR_reg[29]/CE (clocked by sys_clk_pin). Large setup violations at the end of those stages might be difficult to fix during the post-placement implementation flow and could be the result of non-optimal XDC constraints or non-optimal design architecture
Related violations: <none>

TIMING-16#57 Warning
Large setup violation  
There is a large setup violation of -2.049 ns between U_CPU_Core/U_DataPath/U_PC/q_reg[6]/C (clocked by sys_clk_pin) and U_GPO/ODR_reg[7]/CE (clocked by sys_clk_pin). Large setup violations at the end of those stages might be difficult to fix during the post-placement implementation flow and could be the result of non-optimal XDC constraints or non-optimal design architecture
Related violations: <none>

TIMING-16#58 Warning
Large setup violation  
There is a large setup violation of -2.053 ns between U_CPU_Core/U_DataPath/U_PC/q_reg[6]/C (clocked by sys_clk_pin) and U_CPU_Core/U_DataPath/U_RegisterFile/RegFile_reg_r1_0_31_24_29/RAMB_D1/I (clocked by sys_clk_pin). Large setup violations at the end of those stages might be difficult to fix during the post-placement implementation flow and could be the result of non-optimal XDC constraints or non-optimal design architecture
Related violations: <none>

TIMING-16#59 Warning
Large setup violation  
There is a large setup violation of -2.057 ns between U_CPU_Core/U_DataPath/U_PC/q_reg[6]/C (clocked by sys_clk_pin) and U_GPO/ODR_reg[12]/CE (clocked by sys_clk_pin). Large setup violations at the end of those stages might be difficult to fix during the post-placement implementation flow and could be the result of non-optimal XDC constraints or non-optimal design architecture
Related violations: <none>

TIMING-16#60 Warning
Large setup violation  
There is a large setup violation of -2.057 ns between U_CPU_Core/U_DataPath/U_PC/q_reg[6]/C (clocked by sys_clk_pin) and U_GPO/ODR_reg[19]/CE (clocked by sys_clk_pin). Large setup violations at the end of those stages might be difficult to fix during the post-placement implementation flow and could be the result of non-optimal XDC constraints or non-optimal design architecture
Related violations: <none>

TIMING-16#61 Warning
Large setup violation  
There is a large setup violation of -2.065 ns between U_CPU_Core/U_DataPath/U_PC/q_reg[6]/C (clocked by sys_clk_pin) and U_CPU_Core/U_DataPath/U_RegisterFile/RegFile_reg_r1_0_31_12_17/RAMA/I (clocked by sys_clk_pin). Large setup violations at the end of those stages might be difficult to fix during the post-placement implementation flow and could be the result of non-optimal XDC constraints or non-optimal design architecture
Related violations: <none>

TIMING-16#62 Warning
Large setup violation  
There is a large setup violation of -2.080 ns between U_CPU_Core/U_DataPath/U_PC/q_reg[4]/C (clocked by sys_clk_pin) and U_CPU_Core/U_DataPath/U_RegisterFile/RegFile_reg_r2_0_31_6_11/RAMB_D1/I (clocked by sys_clk_pin). Large setup violations at the end of those stages might be difficult to fix during the post-placement implementation flow and could be the result of non-optimal XDC constraints or non-optimal design architecture
Related violations: <none>

TIMING-16#63 Warning
Large setup violation  
There is a large setup violation of -2.087 ns between U_CPU_Core/U_DataPath/U_PC/q_reg[6]/C (clocked by sys_clk_pin) and U_CPU_Core/U_DataPath/U_RegisterFile/RegFile_reg_r2_0_31_6_11/RAMA/I (clocked by sys_clk_pin). Large setup violations at the end of those stages might be difficult to fix during the post-placement implementation flow and could be the result of non-optimal XDC constraints or non-optimal design architecture
Related violations: <none>

TIMING-16#64 Warning
Large setup violation  
There is a large setup violation of -2.088 ns between U_CPU_Core/U_DataPath/U_PC/q_reg[4]/C (clocked by sys_clk_pin) and U_CPU_Core/U_DataPath/U_RegisterFile/RegFile_reg_r2_0_31_24_29/RAMA/I (clocked by sys_clk_pin). Large setup violations at the end of those stages might be difficult to fix during the post-placement implementation flow and could be the result of non-optimal XDC constraints or non-optimal design architecture
Related violations: <none>

TIMING-16#65 Warning
Large setup violation  
There is a large setup violation of -2.108 ns between U_CPU_Core/U_DataPath/U_PC/q_reg[4]/C (clocked by sys_clk_pin) and U_CPU_Core/U_DataPath/U_RegisterFile/RegFile_reg_r1_0_31_0_5/RAMA_D1/I (clocked by sys_clk_pin). Large setup violations at the end of those stages might be difficult to fix during the post-placement implementation flow and could be the result of non-optimal XDC constraints or non-optimal design architecture
Related violations: <none>

TIMING-16#66 Warning
Large setup violation  
There is a large setup violation of -2.112 ns between U_CPU_Core/U_DataPath/U_PC/q_reg[4]/C (clocked by sys_clk_pin) and U_CPU_Core/U_DataPath/U_RegisterFile/RegFile_reg_r2_0_31_30_31/RAMA_D1/I (clocked by sys_clk_pin). Large setup violations at the end of those stages might be difficult to fix during the post-placement implementation flow and could be the result of non-optimal XDC constraints or non-optimal design architecture
Related violations: <none>

TIMING-16#67 Warning
Large setup violation  
There is a large setup violation of -2.128 ns between U_CPU_Core/U_DataPath/U_PC/q_reg[4]/C (clocked by sys_clk_pin) and U_CPU_Core/U_DataPath/U_RegisterFile/RegFile_reg_r2_0_31_24_29/RAMA_D1/I (clocked by sys_clk_pin). Large setup violations at the end of those stages might be difficult to fix during the post-placement implementation flow and could be the result of non-optimal XDC constraints or non-optimal design architecture
Related violations: <none>

TIMING-16#68 Warning
Large setup violation  
There is a large setup violation of -2.142 ns between U_CPU_Core/U_DataPath/U_PC/q_reg[4]/C (clocked by sys_clk_pin) and U_CPU_Core/U_DataPath/U_RegisterFile/RegFile_reg_r1_0_31_12_17/RAMB_D1/I (clocked by sys_clk_pin). Large setup violations at the end of those stages might be difficult to fix during the post-placement implementation flow and could be the result of non-optimal XDC constraints or non-optimal design architecture
Related violations: <none>

TIMING-16#69 Warning
Large setup violation  
There is a large setup violation of -2.152 ns between U_CPU_Core/U_DataPath/U_PC/q_reg[4]/C (clocked by sys_clk_pin) and U_CPU_Core/U_DataPath/U_RegisterFile/RegFile_reg_r1_0_31_6_11/RAMB/I (clocked by sys_clk_pin). Large setup violations at the end of those stages might be difficult to fix during the post-placement implementation flow and could be the result of non-optimal XDC constraints or non-optimal design architecture
Related violations: <none>

TIMING-16#70 Warning
Large setup violation  
There is a large setup violation of -2.187 ns between U_CPU_Core/U_DataPath/U_PC/q_reg[6]/C (clocked by sys_clk_pin) and U_GPO/ODR_reg[20]/CE (clocked by sys_clk_pin). Large setup violations at the end of those stages might be difficult to fix during the post-placement implementation flow and could be the result of non-optimal XDC constraints or non-optimal design architecture
Related violations: <none>

TIMING-16#71 Warning
Large setup violation  
There is a large setup violation of -2.191 ns between U_CPU_Core/U_DataPath/U_PC/q_reg[6]/C (clocked by sys_clk_pin) and U_GPO/ODR_reg[2]/CE (clocked by sys_clk_pin). Large setup violations at the end of those stages might be difficult to fix during the post-placement implementation flow and could be the result of non-optimal XDC constraints or non-optimal design architecture
Related violations: <none>

TIMING-16#72 Warning
Large setup violation  
There is a large setup violation of -2.191 ns between U_CPU_Core/U_DataPath/U_PC/q_reg[6]/C (clocked by sys_clk_pin) and U_GPO/ODR_reg[3]/CE (clocked by sys_clk_pin). Large setup violations at the end of those stages might be difficult to fix during the post-placement implementation flow and could be the result of non-optimal XDC constraints or non-optimal design architecture
Related violations: <none>

TIMING-16#73 Warning
Large setup violation  
There is a large setup violation of -2.195 ns between U_CPU_Core/U_DataPath/U_PC/q_reg[6]/C (clocked by sys_clk_pin) and U_GPO/ODR_reg[1]/CE (clocked by sys_clk_pin). Large setup violations at the end of those stages might be difficult to fix during the post-placement implementation flow and could be the result of non-optimal XDC constraints or non-optimal design architecture
Related violations: <none>

TIMING-16#74 Warning
Large setup violation  
There is a large setup violation of -2.202 ns between U_CPU_Core/U_DataPath/U_PC/q_reg[6]/C (clocked by sys_clk_pin) and U_CPU_Core/U_DataPath/U_RegisterFile/RegFile_reg_r2_0_31_12_17/RAMA/I (clocked by sys_clk_pin). Large setup violations at the end of those stages might be difficult to fix during the post-placement implementation flow and could be the result of non-optimal XDC constraints or non-optimal design architecture
Related violations: <none>

TIMING-16#75 Warning
Large setup violation  
There is a large setup violation of -2.204 ns between U_CPU_Core/U_DataPath/U_PC/q_reg[4]/C (clocked by sys_clk_pin) and U_CPU_Core/U_DataPath/U_RegisterFile/RegFile_reg_r2_0_31_6_11/RAMB/I (clocked by sys_clk_pin). Large setup violations at the end of those stages might be difficult to fix during the post-placement implementation flow and could be the result of non-optimal XDC constraints or non-optimal design architecture
Related violations: <none>

TIMING-16#76 Warning
Large setup violation  
There is a large setup violation of -2.206 ns between U_CPU_Core/U_DataPath/U_PC/q_reg[6]/C (clocked by sys_clk_pin) and U_CPU_Core/U_DataPath/U_RegisterFile/RegFile_reg_r1_0_31_24_29/RAMC_D1/I (clocked by sys_clk_pin). Large setup violations at the end of those stages might be difficult to fix during the post-placement implementation flow and could be the result of non-optimal XDC constraints or non-optimal design architecture
Related violations: <none>

TIMING-16#77 Warning
Large setup violation  
There is a large setup violation of -2.210 ns between U_CPU_Core/U_DataPath/U_PC/q_reg[4]/C (clocked by sys_clk_pin) and U_CPU_Core/U_DataPath/U_RegisterFile/RegFile_reg_r2_0_31_18_23/RAMC/I (clocked by sys_clk_pin). Large setup violations at the end of those stages might be difficult to fix during the post-placement implementation flow and could be the result of non-optimal XDC constraints or non-optimal design architecture
Related violations: <none>

TIMING-16#78 Warning
Large setup violation  
There is a large setup violation of -2.226 ns between U_CPU_Core/U_DataPath/U_PC/q_reg[6]/C (clocked by sys_clk_pin) and U_CPU_Core/U_DataPath/U_RegisterFile/RegFile_reg_r2_0_31_24_29/RAMC_D1/I (clocked by sys_clk_pin). Large setup violations at the end of those stages might be difficult to fix during the post-placement implementation flow and could be the result of non-optimal XDC constraints or non-optimal design architecture
Related violations: <none>

TIMING-16#79 Warning
Large setup violation  
There is a large setup violation of -2.233 ns between U_CPU_Core/U_DataPath/U_PC/q_reg[6]/C (clocked by sys_clk_pin) and U_GPO/ODR_reg[0]/CE (clocked by sys_clk_pin). Large setup violations at the end of those stages might be difficult to fix during the post-placement implementation flow and could be the result of non-optimal XDC constraints or non-optimal design architecture
Related violations: <none>

TIMING-16#80 Warning
Large setup violation  
There is a large setup violation of -2.234 ns between U_CPU_Core/U_DataPath/U_PC/q_reg[6]/C (clocked by sys_clk_pin) and U_RAM/ram_reg_0_63_13_13/SP/WE (clocked by sys_clk_pin). Large setup violations at the end of those stages might be difficult to fix during the post-placement implementation flow and could be the result of non-optimal XDC constraints or non-optimal design architecture
Related violations: <none>

TIMING-16#81 Warning
Large setup violation  
There is a large setup violation of -2.234 ns between U_CPU_Core/U_DataPath/U_PC/q_reg[6]/C (clocked by sys_clk_pin) and U_RAM/ram_reg_0_63_14_14/SP/WE (clocked by sys_clk_pin). Large setup violations at the end of those stages might be difficult to fix during the post-placement implementation flow and could be the result of non-optimal XDC constraints or non-optimal design architecture
Related violations: <none>

TIMING-16#82 Warning
Large setup violation  
There is a large setup violation of -2.234 ns between U_CPU_Core/U_DataPath/U_PC/q_reg[6]/C (clocked by sys_clk_pin) and U_RAM/ram_reg_0_63_15_15/SP/WE (clocked by sys_clk_pin). Large setup violations at the end of those stages might be difficult to fix during the post-placement implementation flow and could be the result of non-optimal XDC constraints or non-optimal design architecture
Related violations: <none>

TIMING-16#83 Warning
Large setup violation  
There is a large setup violation of -2.234 ns between U_CPU_Core/U_DataPath/U_PC/q_reg[6]/C (clocked by sys_clk_pin) and U_RAM/ram_reg_0_63_16_16/SP/WE (clocked by sys_clk_pin). Large setup violations at the end of those stages might be difficult to fix during the post-placement implementation flow and could be the result of non-optimal XDC constraints or non-optimal design architecture
Related violations: <none>

TIMING-16#84 Warning
Large setup violation  
There is a large setup violation of -2.236 ns between U_CPU_Core/U_DataPath/U_PC/q_reg[6]/C (clocked by sys_clk_pin) and U_GPO/ODR_reg[14]/CE (clocked by sys_clk_pin). Large setup violations at the end of those stages might be difficult to fix during the post-placement implementation flow and could be the result of non-optimal XDC constraints or non-optimal design architecture
Related violations: <none>

TIMING-16#85 Warning
Large setup violation  
There is a large setup violation of -2.236 ns between U_CPU_Core/U_DataPath/U_PC/q_reg[6]/C (clocked by sys_clk_pin) and U_GPO/ODR_reg[30]/CE (clocked by sys_clk_pin). Large setup violations at the end of those stages might be difficult to fix during the post-placement implementation flow and could be the result of non-optimal XDC constraints or non-optimal design architecture
Related violations: <none>

TIMING-16#86 Warning
Large setup violation  
There is a large setup violation of -2.236 ns between U_CPU_Core/U_DataPath/U_PC/q_reg[6]/C (clocked by sys_clk_pin) and U_GPO/ODR_reg[5]/CE (clocked by sys_clk_pin). Large setup violations at the end of those stages might be difficult to fix during the post-placement implementation flow and could be the result of non-optimal XDC constraints or non-optimal design architecture
Related violations: <none>

TIMING-16#87 Warning
Large setup violation  
There is a large setup violation of -2.236 ns between U_CPU_Core/U_DataPath/U_PC/q_reg[6]/C (clocked by sys_clk_pin) and U_GPO/ODR_reg[9]/CE (clocked by sys_clk_pin). Large setup violations at the end of those stages might be difficult to fix during the post-placement implementation flow and could be the result of non-optimal XDC constraints or non-optimal design architecture
Related violations: <none>

TIMING-16#88 Warning
Large setup violation  
There is a large setup violation of -2.242 ns between U_CPU_Core/U_DataPath/U_PC/q_reg[4]/C (clocked by sys_clk_pin) and U_CPU_Core/U_DataPath/U_RegisterFile/RegFile_reg_r1_0_31_30_31/RAMA/I (clocked by sys_clk_pin). Large setup violations at the end of those stages might be difficult to fix during the post-placement implementation flow and could be the result of non-optimal XDC constraints or non-optimal design architecture
Related violations: <none>

TIMING-16#89 Warning
Large setup violation  
There is a large setup violation of -2.243 ns between U_CPU_Core/U_DataPath/U_PC/q_reg[6]/C (clocked by sys_clk_pin) and U_CPU_Core/U_DataPath/U_RegisterFile/RegFile_reg_r1_0_31_6_11/RAMA/I (clocked by sys_clk_pin). Large setup violations at the end of those stages might be difficult to fix during the post-placement implementation flow and could be the result of non-optimal XDC constraints or non-optimal design architecture
Related violations: <none>

TIMING-16#90 Warning
Large setup violation  
There is a large setup violation of -2.247 ns between U_CPU_Core/U_DataPath/U_PC/q_reg[6]/C (clocked by sys_clk_pin) and U_RAM/ram_reg_0_63_28_28/SP/WE (clocked by sys_clk_pin). Large setup violations at the end of those stages might be difficult to fix during the post-placement implementation flow and could be the result of non-optimal XDC constraints or non-optimal design architecture
Related violations: <none>

TIMING-16#91 Warning
Large setup violation  
There is a large setup violation of -2.247 ns between U_CPU_Core/U_DataPath/U_PC/q_reg[6]/C (clocked by sys_clk_pin) and U_RAM/ram_reg_0_63_29_29/SP/WE (clocked by sys_clk_pin). Large setup violations at the end of those stages might be difficult to fix during the post-placement implementation flow and could be the result of non-optimal XDC constraints or non-optimal design architecture
Related violations: <none>

TIMING-16#92 Warning
Large setup violation  
There is a large setup violation of -2.247 ns between U_CPU_Core/U_DataPath/U_PC/q_reg[6]/C (clocked by sys_clk_pin) and U_RAM/ram_reg_0_63_2_2/SP/WE (clocked by sys_clk_pin). Large setup violations at the end of those stages might be difficult to fix during the post-placement implementation flow and could be the result of non-optimal XDC constraints or non-optimal design architecture
Related violations: <none>

TIMING-16#93 Warning
Large setup violation  
There is a large setup violation of -2.247 ns between U_CPU_Core/U_DataPath/U_PC/q_reg[6]/C (clocked by sys_clk_pin) and U_RAM/ram_reg_0_63_30_30/SP/WE (clocked by sys_clk_pin). Large setup violations at the end of those stages might be difficult to fix during the post-placement implementation flow and could be the result of non-optimal XDC constraints or non-optimal design architecture
Related violations: <none>

TIMING-16#94 Warning
Large setup violation  
There is a large setup violation of -2.249 ns between U_CPU_Core/U_DataPath/U_PC/q_reg[6]/C (clocked by sys_clk_pin) and U_GPO/ODR_reg[11]/CE (clocked by sys_clk_pin). Large setup violations at the end of those stages might be difficult to fix during the post-placement implementation flow and could be the result of non-optimal XDC constraints or non-optimal design architecture
Related violations: <none>

TIMING-16#95 Warning
Large setup violation  
There is a large setup violation of -2.249 ns between U_CPU_Core/U_DataPath/U_PC/q_reg[6]/C (clocked by sys_clk_pin) and U_GPO/ODR_reg[13]/CE (clocked by sys_clk_pin). Large setup violations at the end of those stages might be difficult to fix during the post-placement implementation flow and could be the result of non-optimal XDC constraints or non-optimal design architecture
Related violations: <none>

TIMING-16#96 Warning
Large setup violation  
There is a large setup violation of -2.249 ns between U_CPU_Core/U_DataPath/U_PC/q_reg[6]/C (clocked by sys_clk_pin) and U_GPO/ODR_reg[17]/CE (clocked by sys_clk_pin). Large setup violations at the end of those stages might be difficult to fix during the post-placement implementation flow and could be the result of non-optimal XDC constraints or non-optimal design architecture
Related violations: <none>

TIMING-16#97 Warning
Large setup violation  
There is a large setup violation of -2.249 ns between U_CPU_Core/U_DataPath/U_PC/q_reg[6]/C (clocked by sys_clk_pin) and U_GPO/ODR_reg[18]/CE (clocked by sys_clk_pin). Large setup violations at the end of those stages might be difficult to fix during the post-placement implementation flow and could be the result of non-optimal XDC constraints or non-optimal design architecture
Related violations: <none>

TIMING-16#98 Warning
Large setup violation  
There is a large setup violation of -2.252 ns between U_CPU_Core/U_DataPath/U_PC/q_reg[6]/C (clocked by sys_clk_pin) and U_CPU_Core/U_DataPath/U_RegisterFile/RegFile_reg_r2_0_31_0_5/RAMB_D1/I (clocked by sys_clk_pin). Large setup violations at the end of those stages might be difficult to fix during the post-placement implementation flow and could be the result of non-optimal XDC constraints or non-optimal design architecture
Related violations: <none>

TIMING-16#99 Warning
Large setup violation  
There is a large setup violation of -2.254 ns between U_CPU_Core/U_DataPath/U_PC/q_reg[4]/C (clocked by sys_clk_pin) and U_CPU_Core/U_DataPath/U_RegisterFile/RegFile_reg_r1_0_31_12_17/RAMB/I (clocked by sys_clk_pin). Large setup violations at the end of those stages might be difficult to fix during the post-placement implementation flow and could be the result of non-optimal XDC constraints or non-optimal design architecture
Related violations: <none>

TIMING-16#100 Warning
Large setup violation  
There is a large setup violation of -2.254 ns between U_CPU_Core/U_DataPath/U_PC/q_reg[6]/C (clocked by sys_clk_pin) and U_CPU_Core/U_DataPath/U_RegisterFile/RegFile_reg_r1_0_31_18_23/RAMB_D1/I (clocked by sys_clk_pin). Large setup violations at the end of those stages might be difficult to fix during the post-placement implementation flow and could be the result of non-optimal XDC constraints or non-optimal design architecture
Related violations: <none>

TIMING-16#101 Warning
Large setup violation  
There is a large setup violation of -2.255 ns between U_CPU_Core/U_DataPath/U_PC/q_reg[3]/C (clocked by sys_clk_pin) and U_CPU_Core/U_DataPath/U_RegisterFile/RegFile_reg_r2_0_31_0_5/RAMC_D1/I (clocked by sys_clk_pin). Large setup violations at the end of those stages might be difficult to fix during the post-placement implementation flow and could be the result of non-optimal XDC constraints or non-optimal design architecture
Related violations: <none>

TIMING-16#102 Warning
Large setup violation  
There is a large setup violation of -2.259 ns between U_CPU_Core/U_DataPath/U_PC/q_reg[6]/C (clocked by sys_clk_pin) and U_RAM/ram_reg_0_63_24_24/SP/WE (clocked by sys_clk_pin). Large setup violations at the end of those stages might be difficult to fix during the post-placement implementation flow and could be the result of non-optimal XDC constraints or non-optimal design architecture
Related violations: <none>

TIMING-16#103 Warning
Large setup violation  
There is a large setup violation of -2.259 ns between U_CPU_Core/U_DataPath/U_PC/q_reg[6]/C (clocked by sys_clk_pin) and U_RAM/ram_reg_0_63_25_25/SP/WE (clocked by sys_clk_pin). Large setup violations at the end of those stages might be difficult to fix during the post-placement implementation flow and could be the result of non-optimal XDC constraints or non-optimal design architecture
Related violations: <none>

TIMING-16#104 Warning
Large setup violation  
There is a large setup violation of -2.259 ns between U_CPU_Core/U_DataPath/U_PC/q_reg[6]/C (clocked by sys_clk_pin) and U_RAM/ram_reg_0_63_26_26/SP/WE (clocked by sys_clk_pin). Large setup violations at the end of those stages might be difficult to fix during the post-placement implementation flow and could be the result of non-optimal XDC constraints or non-optimal design architecture
Related violations: <none>

TIMING-16#105 Warning
Large setup violation  
There is a large setup violation of -2.259 ns between U_CPU_Core/U_DataPath/U_PC/q_reg[6]/C (clocked by sys_clk_pin) and U_RAM/ram_reg_0_63_27_27/SP/WE (clocked by sys_clk_pin). Large setup violations at the end of those stages might be difficult to fix during the post-placement implementation flow and could be the result of non-optimal XDC constraints or non-optimal design architecture
Related violations: <none>

TIMING-16#106 Warning
Large setup violation  
There is a large setup violation of -2.269 ns between U_CPU_Core/U_DataPath/U_PC/q_reg[4]/C (clocked by sys_clk_pin) and U_CPU_Core/U_DataPath/U_RegisterFile/RegFile_reg_r2_0_31_0_5/RAMB/I (clocked by sys_clk_pin). Large setup violations at the end of those stages might be difficult to fix during the post-placement implementation flow and could be the result of non-optimal XDC constraints or non-optimal design architecture
Related violations: <none>

TIMING-16#107 Warning
Large setup violation  
There is a large setup violation of -2.269 ns between U_CPU_Core/U_DataPath/U_PC/q_reg[6]/C (clocked by sys_clk_pin) and U_CPU_Core/U_DataPath/U_RegisterFile/RegFile_reg_r2_0_31_18_23/RAMB_D1/I (clocked by sys_clk_pin). Large setup violations at the end of those stages might be difficult to fix during the post-placement implementation flow and could be the result of non-optimal XDC constraints or non-optimal design architecture
Related violations: <none>

TIMING-16#108 Warning
Large setup violation  
There is a large setup violation of -2.281 ns between U_CPU_Core/U_DataPath/U_PC/q_reg[6]/C (clocked by sys_clk_pin) and U_CPU_Core/U_DataPath/U_RegisterFile/RegFile_reg_r1_0_31_6_11/RAMA_D1/I (clocked by sys_clk_pin). Large setup violations at the end of those stages might be difficult to fix during the post-placement implementation flow and could be the result of non-optimal XDC constraints or non-optimal design architecture
Related violations: <none>

TIMING-16#109 Warning
Large setup violation  
There is a large setup violation of -2.292 ns between U_CPU_Core/U_DataPath/U_PC/q_reg[4]/C (clocked by sys_clk_pin) and U_CPU_Core/U_DataPath/U_RegisterFile/RegFile_reg_r2_0_31_12_17/RAMC/I (clocked by sys_clk_pin). Large setup violations at the end of those stages might be difficult to fix during the post-placement implementation flow and could be the result of non-optimal XDC constraints or non-optimal design architecture
Related violations: <none>

TIMING-16#110 Warning
Large setup violation  
There is a large setup violation of -2.293 ns between U_CPU_Core/U_DataPath/U_PC/q_reg[4]/C (clocked by sys_clk_pin) and U_CPU_Core/U_DataPath/U_RegisterFile/RegFile_reg_r1_0_31_30_31/RAMA_D1/I (clocked by sys_clk_pin). Large setup violations at the end of those stages might be difficult to fix during the post-placement implementation flow and could be the result of non-optimal XDC constraints or non-optimal design architecture
Related violations: <none>

TIMING-16#111 Warning
Large setup violation  
There is a large setup violation of -2.294 ns between U_CPU_Core/U_DataPath/U_PC/q_reg[6]/C (clocked by sys_clk_pin) and U_CPU_Core/U_DataPath/U_RegisterFile/RegFile_reg_r1_0_31_6_11/RAMC/I (clocked by sys_clk_pin). Large setup violations at the end of those stages might be difficult to fix during the post-placement implementation flow and could be the result of non-optimal XDC constraints or non-optimal design architecture
Related violations: <none>

TIMING-16#112 Warning
Large setup violation  
There is a large setup violation of -2.299 ns between U_CPU_Core/U_DataPath/U_PC/q_reg[6]/C (clocked by sys_clk_pin) and U_GPO/ODR_reg[10]/CE (clocked by sys_clk_pin). Large setup violations at the end of those stages might be difficult to fix during the post-placement implementation flow and could be the result of non-optimal XDC constraints or non-optimal design architecture
Related violations: <none>

TIMING-16#113 Warning
Large setup violation  
There is a large setup violation of -2.299 ns between U_CPU_Core/U_DataPath/U_PC/q_reg[6]/C (clocked by sys_clk_pin) and U_GPO/ODR_reg[16]/CE (clocked by sys_clk_pin). Large setup violations at the end of those stages might be difficult to fix during the post-placement implementation flow and could be the result of non-optimal XDC constraints or non-optimal design architecture
Related violations: <none>

TIMING-16#114 Warning
Large setup violation  
There is a large setup violation of -2.299 ns between U_CPU_Core/U_DataPath/U_PC/q_reg[6]/C (clocked by sys_clk_pin) and U_GPO/ODR_reg[27]/CE (clocked by sys_clk_pin). Large setup violations at the end of those stages might be difficult to fix during the post-placement implementation flow and could be the result of non-optimal XDC constraints or non-optimal design architecture
Related violations: <none>

TIMING-16#115 Warning
Large setup violation  
There is a large setup violation of -2.299 ns between U_CPU_Core/U_DataPath/U_PC/q_reg[6]/C (clocked by sys_clk_pin) and U_GPO/ODR_reg[31]/CE (clocked by sys_clk_pin). Large setup violations at the end of those stages might be difficult to fix during the post-placement implementation flow and could be the result of non-optimal XDC constraints or non-optimal design architecture
Related violations: <none>

TIMING-16#116 Warning
Large setup violation  
There is a large setup violation of -2.299 ns between U_CPU_Core/U_DataPath/U_PC/q_reg[6]/C (clocked by sys_clk_pin) and U_GPO/ODR_reg[4]/CE (clocked by sys_clk_pin). Large setup violations at the end of those stages might be difficult to fix during the post-placement implementation flow and could be the result of non-optimal XDC constraints or non-optimal design architecture
Related violations: <none>

TIMING-16#117 Warning
Large setup violation  
There is a large setup violation of -2.299 ns between U_CPU_Core/U_DataPath/U_PC/q_reg[6]/C (clocked by sys_clk_pin) and U_GPO/ODR_reg[8]/CE (clocked by sys_clk_pin). Large setup violations at the end of those stages might be difficult to fix during the post-placement implementation flow and could be the result of non-optimal XDC constraints or non-optimal design architecture
Related violations: <none>

TIMING-16#118 Warning
Large setup violation  
There is a large setup violation of -2.331 ns between U_CPU_Core/U_DataPath/U_PC/q_reg[6]/C (clocked by sys_clk_pin) and U_RAM/ram_reg_0_63_6_6/SP/WE (clocked by sys_clk_pin). Large setup violations at the end of those stages might be difficult to fix during the post-placement implementation flow and could be the result of non-optimal XDC constraints or non-optimal design architecture
Related violations: <none>

TIMING-16#119 Warning
Large setup violation  
There is a large setup violation of -2.331 ns between U_CPU_Core/U_DataPath/U_PC/q_reg[6]/C (clocked by sys_clk_pin) and U_RAM/ram_reg_0_63_7_7/SP/WE (clocked by sys_clk_pin). Large setup violations at the end of those stages might be difficult to fix during the post-placement implementation flow and could be the result of non-optimal XDC constraints or non-optimal design architecture
Related violations: <none>

TIMING-16#120 Warning
Large setup violation  
There is a large setup violation of -2.331 ns between U_CPU_Core/U_DataPath/U_PC/q_reg[6]/C (clocked by sys_clk_pin) and U_RAM/ram_reg_0_63_8_8/SP/WE (clocked by sys_clk_pin). Large setup violations at the end of those stages might be difficult to fix during the post-placement implementation flow and could be the result of non-optimal XDC constraints or non-optimal design architecture
Related violations: <none>

TIMING-16#121 Warning
Large setup violation  
There is a large setup violation of -2.331 ns between U_CPU_Core/U_DataPath/U_PC/q_reg[6]/C (clocked by sys_clk_pin) and U_RAM/ram_reg_0_63_9_9/SP/WE (clocked by sys_clk_pin). Large setup violations at the end of those stages might be difficult to fix during the post-placement implementation flow and could be the result of non-optimal XDC constraints or non-optimal design architecture
Related violations: <none>

TIMING-16#122 Warning
Large setup violation  
There is a large setup violation of -2.338 ns between U_CPU_Core/U_DataPath/U_PC/q_reg[6]/C (clocked by sys_clk_pin) and U_RAM/ram_reg_0_63_17_17/SP/WE (clocked by sys_clk_pin). Large setup violations at the end of those stages might be difficult to fix during the post-placement implementation flow and could be the result of non-optimal XDC constraints or non-optimal design architecture
Related violations: <none>

TIMING-16#123 Warning
Large setup violation  
There is a large setup violation of -2.338 ns between U_CPU_Core/U_DataPath/U_PC/q_reg[6]/C (clocked by sys_clk_pin) and U_RAM/ram_reg_0_63_18_18/SP/WE (clocked by sys_clk_pin). Large setup violations at the end of those stages might be difficult to fix during the post-placement implementation flow and could be the result of non-optimal XDC constraints or non-optimal design architecture
Related violations: <none>

TIMING-16#124 Warning
Large setup violation  
There is a large setup violation of -2.338 ns between U_CPU_Core/U_DataPath/U_PC/q_reg[6]/C (clocked by sys_clk_pin) and U_RAM/ram_reg_0_63_19_19/SP/WE (clocked by sys_clk_pin). Large setup violations at the end of those stages might be difficult to fix during the post-placement implementation flow and could be the result of non-optimal XDC constraints or non-optimal design architecture
Related violations: <none>

TIMING-16#125 Warning
Large setup violation  
There is a large setup violation of -2.338 ns between U_CPU_Core/U_DataPath/U_PC/q_reg[6]/C (clocked by sys_clk_pin) and U_RAM/ram_reg_0_63_1_1/SP/WE (clocked by sys_clk_pin). Large setup violations at the end of those stages might be difficult to fix during the post-placement implementation flow and could be the result of non-optimal XDC constraints or non-optimal design architecture
Related violations: <none>

TIMING-16#126 Warning
Large setup violation  
There is a large setup violation of -2.339 ns between U_CPU_Core/U_DataPath/U_PC/q_reg[4]/C (clocked by sys_clk_pin) and U_CPU_Core/U_DataPath/U_RegisterFile/RegFile_reg_r2_0_31_12_17/RAMC_D1/I (clocked by sys_clk_pin). Large setup violations at the end of those stages might be difficult to fix during the post-placement implementation flow and could be the result of non-optimal XDC constraints or non-optimal design architecture
Related violations: <none>

TIMING-16#127 Warning
Large setup violation  
There is a large setup violation of -2.353 ns between U_CPU_Core/U_DataPath/U_PC/q_reg[6]/C (clocked by sys_clk_pin) and U_CPU_Core/U_DataPath/U_RegisterFile/RegFile_reg_r2_0_31_6_11/RAMC/I (clocked by sys_clk_pin). Large setup violations at the end of those stages might be difficult to fix during the post-placement implementation flow and could be the result of non-optimal XDC constraints or non-optimal design architecture
Related violations: <none>

TIMING-16#128 Warning
Large setup violation  
There is a large setup violation of -2.358 ns between U_CPU_Core/U_DataPath/U_PC/q_reg[6]/C (clocked by sys_clk_pin) and U_CPU_Core/U_DataPath/U_RegisterFile/RegFile_reg_r2_0_31_24_29/RAMB_D1/I (clocked by sys_clk_pin). Large setup violations at the end of those stages might be difficult to fix during the post-placement implementation flow and could be the result of non-optimal XDC constraints or non-optimal design architecture
Related violations: <none>

TIMING-16#129 Warning
Large setup violation  
There is a large setup violation of -2.367 ns between U_CPU_Core/U_DataPath/U_PC/q_reg[6]/C (clocked by sys_clk_pin) and U_CPU_Core/U_DataPath/U_PC/q_reg[4]/D (clocked by sys_clk_pin). Large setup violations at the end of those stages might be difficult to fix during the post-placement implementation flow and could be the result of non-optimal XDC constraints or non-optimal design architecture
Related violations: <none>

TIMING-16#130 Warning
Large setup violation  
There is a large setup violation of -2.394 ns between U_CPU_Core/U_DataPath/U_PC/q_reg[4]/C (clocked by sys_clk_pin) and U_CPU_Core/U_DataPath/U_RegisterFile/RegFile_reg_r2_0_31_12_17/RAMB/I (clocked by sys_clk_pin). Large setup violations at the end of those stages might be difficult to fix during the post-placement implementation flow and could be the result of non-optimal XDC constraints or non-optimal design architecture
Related violations: <none>

TIMING-16#131 Warning
Large setup violation  
There is a large setup violation of -2.397 ns between U_CPU_Core/U_DataPath/U_PC/q_reg[6]/C (clocked by sys_clk_pin) and U_CPU_Core/U_DataPath/U_RegisterFile/RegFile_reg_r1_0_31_0_5/RAMB_D1/I (clocked by sys_clk_pin). Large setup violations at the end of those stages might be difficult to fix during the post-placement implementation flow and could be the result of non-optimal XDC constraints or non-optimal design architecture
Related violations: <none>

TIMING-16#132 Warning
Large setup violation  
There is a large setup violation of -2.403 ns between U_CPU_Core/U_DataPath/U_PC/q_reg[4]/C (clocked by sys_clk_pin) and U_CPU_Core/U_DataPath/U_RegisterFile/RegFile_reg_r2_0_31_18_23/RAMA_D1/I (clocked by sys_clk_pin). Large setup violations at the end of those stages might be difficult to fix during the post-placement implementation flow and could be the result of non-optimal XDC constraints or non-optimal design architecture
Related violations: <none>

TIMING-16#133 Warning
Large setup violation  
There is a large setup violation of -2.405 ns between U_CPU_Core/U_DataPath/U_PC/q_reg[4]/C (clocked by sys_clk_pin) and U_CPU_Core/U_DataPath/U_RegisterFile/RegFile_reg_r2_0_31_18_23/RAMA/I (clocked by sys_clk_pin). Large setup violations at the end of those stages might be difficult to fix during the post-placement implementation flow and could be the result of non-optimal XDC constraints or non-optimal design architecture
Related violations: <none>

TIMING-16#134 Warning
Large setup violation  
There is a large setup violation of -2.407 ns between U_CPU_Core/U_DataPath/U_PC/q_reg[4]/C (clocked by sys_clk_pin) and U_CPU_Core/U_DataPath/U_RegisterFile/RegFile_reg_r1_0_31_0_5/RAMA/I (clocked by sys_clk_pin). Large setup violations at the end of those stages might be difficult to fix during the post-placement implementation flow and could be the result of non-optimal XDC constraints or non-optimal design architecture
Related violations: <none>

TIMING-16#135 Warning
Large setup violation  
There is a large setup violation of -2.417 ns between U_CPU_Core/U_DataPath/U_PC/q_reg[4]/C (clocked by sys_clk_pin) and U_CPU_Core/U_DataPath/U_RegisterFile/RegFile_reg_r1_0_31_0_5/RAMB/I (clocked by sys_clk_pin). Large setup violations at the end of those stages might be difficult to fix during the post-placement implementation flow and could be the result of non-optimal XDC constraints or non-optimal design architecture
Related violations: <none>

TIMING-16#136 Warning
Large setup violation  
There is a large setup violation of -2.420 ns between U_CPU_Core/U_DataPath/U_PC/q_reg[6]/C (clocked by sys_clk_pin) and U_CPU_Core/U_DataPath/U_RegisterFile/RegFile_reg_r2_0_31_6_11/RAMA_D1/I (clocked by sys_clk_pin). Large setup violations at the end of those stages might be difficult to fix during the post-placement implementation flow and could be the result of non-optimal XDC constraints or non-optimal design architecture
Related violations: <none>

TIMING-16#137 Warning
Large setup violation  
There is a large setup violation of -2.422 ns between U_CPU_Core/U_DataPath/U_PC/q_reg[4]/C (clocked by sys_clk_pin) and U_CPU_Core/U_DataPath/U_RegisterFile/RegFile_reg_r1_0_31_18_23/RAMA/I (clocked by sys_clk_pin). Large setup violations at the end of those stages might be difficult to fix during the post-placement implementation flow and could be the result of non-optimal XDC constraints or non-optimal design architecture
Related violations: <none>

TIMING-16#138 Warning
Large setup violation  
There is a large setup violation of -2.430 ns between U_CPU_Core/U_DataPath/U_PC/q_reg[4]/C (clocked by sys_clk_pin) and U_CPU_Core/U_DataPath/U_RegisterFile/RegFile_reg_r1_0_31_0_5/RAMC/I (clocked by sys_clk_pin). Large setup violations at the end of those stages might be difficult to fix during the post-placement implementation flow and could be the result of non-optimal XDC constraints or non-optimal design architecture
Related violations: <none>

TIMING-16#139 Warning
Large setup violation  
There is a large setup violation of -2.437 ns between U_CPU_Core/U_DataPath/U_PC/q_reg[4]/C (clocked by sys_clk_pin) and U_CPU_Core/U_DataPath/U_RegisterFile/RegFile_reg_r1_0_31_12_17/RAMC/I (clocked by sys_clk_pin). Large setup violations at the end of those stages might be difficult to fix during the post-placement implementation flow and could be the result of non-optimal XDC constraints or non-optimal design architecture
Related violations: <none>

TIMING-16#140 Warning
Large setup violation  
There is a large setup violation of -2.439 ns between U_CPU_Core/U_DataPath/U_PC/q_reg[6]/C (clocked by sys_clk_pin) and U_RAM/ram_reg_0_63_0_0/SP/WE (clocked by sys_clk_pin). Large setup violations at the end of those stages might be difficult to fix during the post-placement implementation flow and could be the result of non-optimal XDC constraints or non-optimal design architecture
Related violations: <none>

TIMING-16#141 Warning
Large setup violation  
There is a large setup violation of -2.439 ns between U_CPU_Core/U_DataPath/U_PC/q_reg[6]/C (clocked by sys_clk_pin) and U_RAM/ram_reg_0_63_10_10/SP/WE (clocked by sys_clk_pin). Large setup violations at the end of those stages might be difficult to fix during the post-placement implementation flow and could be the result of non-optimal XDC constraints or non-optimal design architecture
Related violations: <none>

TIMING-16#142 Warning
Large setup violation  
There is a large setup violation of -2.439 ns between U_CPU_Core/U_DataPath/U_PC/q_reg[6]/C (clocked by sys_clk_pin) and U_RAM/ram_reg_0_63_11_11/SP/WE (clocked by sys_clk_pin). Large setup violations at the end of those stages might be difficult to fix during the post-placement implementation flow and could be the result of non-optimal XDC constraints or non-optimal design architecture
Related violations: <none>

TIMING-16#143 Warning
Large setup violation  
There is a large setup violation of -2.439 ns between U_CPU_Core/U_DataPath/U_PC/q_reg[6]/C (clocked by sys_clk_pin) and U_RAM/ram_reg_0_63_12_12/SP/WE (clocked by sys_clk_pin). Large setup violations at the end of those stages might be difficult to fix during the post-placement implementation flow and could be the result of non-optimal XDC constraints or non-optimal design architecture
Related violations: <none>

TIMING-16#144 Warning
Large setup violation  
There is a large setup violation of -2.449 ns between U_CPU_Core/U_DataPath/U_PC/q_reg[4]/C (clocked by sys_clk_pin) and U_CPU_Core/U_DataPath/U_RegisterFile/RegFile_reg_r1_0_31_24_29/RAMC/I (clocked by sys_clk_pin). Large setup violations at the end of those stages might be difficult to fix during the post-placement implementation flow and could be the result of non-optimal XDC constraints or non-optimal design architecture
Related violations: <none>

TIMING-16#145 Warning
Large setup violation  
There is a large setup violation of -2.467 ns between U_CPU_Core/U_DataPath/U_PC/q_reg[6]/C (clocked by sys_clk_pin) and U_RAM/ram_reg_0_63_20_20/SP/WE (clocked by sys_clk_pin). Large setup violations at the end of those stages might be difficult to fix during the post-placement implementation flow and could be the result of non-optimal XDC constraints or non-optimal design architecture
Related violations: <none>

TIMING-16#146 Warning
Large setup violation  
There is a large setup violation of -2.467 ns between U_CPU_Core/U_DataPath/U_PC/q_reg[6]/C (clocked by sys_clk_pin) and U_RAM/ram_reg_0_63_21_21/SP/WE (clocked by sys_clk_pin). Large setup violations at the end of those stages might be difficult to fix during the post-placement implementation flow and could be the result of non-optimal XDC constraints or non-optimal design architecture
Related violations: <none>

TIMING-16#147 Warning
Large setup violation  
There is a large setup violation of -2.467 ns between U_CPU_Core/U_DataPath/U_PC/q_reg[6]/C (clocked by sys_clk_pin) and U_RAM/ram_reg_0_63_22_22/SP/WE (clocked by sys_clk_pin). Large setup violations at the end of those stages might be difficult to fix during the post-placement implementation flow and could be the result of non-optimal XDC constraints or non-optimal design architecture
Related violations: <none>

TIMING-16#148 Warning
Large setup violation  
There is a large setup violation of -2.467 ns between U_CPU_Core/U_DataPath/U_PC/q_reg[6]/C (clocked by sys_clk_pin) and U_RAM/ram_reg_0_63_23_23/SP/WE (clocked by sys_clk_pin). Large setup violations at the end of those stages might be difficult to fix during the post-placement implementation flow and could be the result of non-optimal XDC constraints or non-optimal design architecture
Related violations: <none>

TIMING-16#149 Warning
Large setup violation  
There is a large setup violation of -2.469 ns between U_CPU_Core/U_DataPath/U_PC/q_reg[4]/C (clocked by sys_clk_pin) and U_CPU_Core/U_DataPath/U_RegisterFile/RegFile_reg_r1_0_31_24_29/RAMA_D1/I (clocked by sys_clk_pin). Large setup violations at the end of those stages might be difficult to fix during the post-placement implementation flow and could be the result of non-optimal XDC constraints or non-optimal design architecture
Related violations: <none>

TIMING-16#150 Warning
Large setup violation  
There is a large setup violation of -2.498 ns between U_CPU_Core/U_DataPath/U_PC/q_reg[6]/C (clocked by sys_clk_pin) and U_RAM/ram_reg_0_63_31_31/SP/WE (clocked by sys_clk_pin). Large setup violations at the end of those stages might be difficult to fix during the post-placement implementation flow and could be the result of non-optimal XDC constraints or non-optimal design architecture
Related violations: <none>

TIMING-16#151 Warning
Large setup violation  
There is a large setup violation of -2.498 ns between U_CPU_Core/U_DataPath/U_PC/q_reg[6]/C (clocked by sys_clk_pin) and U_RAM/ram_reg_0_63_3_3/SP/WE (clocked by sys_clk_pin). Large setup violations at the end of those stages might be difficult to fix during the post-placement implementation flow and could be the result of non-optimal XDC constraints or non-optimal design architecture
Related violations: <none>

TIMING-16#152 Warning
Large setup violation  
There is a large setup violation of -2.498 ns between U_CPU_Core/U_DataPath/U_PC/q_reg[6]/C (clocked by sys_clk_pin) and U_RAM/ram_reg_0_63_4_4/SP/WE (clocked by sys_clk_pin). Large setup violations at the end of those stages might be difficult to fix during the post-placement implementation flow and could be the result of non-optimal XDC constraints or non-optimal design architecture
Related violations: <none>

TIMING-16#153 Warning
Large setup violation  
There is a large setup violation of -2.498 ns between U_CPU_Core/U_DataPath/U_PC/q_reg[6]/C (clocked by sys_clk_pin) and U_RAM/ram_reg_0_63_5_5/SP/WE (clocked by sys_clk_pin). Large setup violations at the end of those stages might be difficult to fix during the post-placement implementation flow and could be the result of non-optimal XDC constraints or non-optimal design architecture
Related violations: <none>

TIMING-16#154 Warning
Large setup violation  
There is a large setup violation of -2.517 ns between U_CPU_Core/U_DataPath/U_PC/q_reg[4]/C (clocked by sys_clk_pin) and U_CPU_Core/U_DataPath/U_RegisterFile/RegFile_reg_r1_0_31_12_17/RAMC_D1/I (clocked by sys_clk_pin). Large setup violations at the end of those stages might be difficult to fix during the post-placement implementation flow and could be the result of non-optimal XDC constraints or non-optimal design architecture
Related violations: <none>

TIMING-16#155 Warning
Large setup violation  
There is a large setup violation of -2.525 ns between U_CPU_Core/U_DataPath/U_PC/q_reg[4]/C (clocked by sys_clk_pin) and U_CPU_Core/U_DataPath/U_RegisterFile/RegFile_reg_r1_0_31_18_23/RAMA_D1/I (clocked by sys_clk_pin). Large setup violations at the end of those stages might be difficult to fix during the post-placement implementation flow and could be the result of non-optimal XDC constraints or non-optimal design architecture
Related violations: <none>

TIMING-16#156 Warning
Large setup violation  
There is a large setup violation of -2.525 ns between U_CPU_Core/U_DataPath/U_PC/q_reg[4]/C (clocked by sys_clk_pin) and U_CPU_Core/U_DataPath/U_RegisterFile/RegFile_reg_r2_0_31_12_17/RAMB_D1/I (clocked by sys_clk_pin). Large setup violations at the end of those stages might be difficult to fix during the post-placement implementation flow and could be the result of non-optimal XDC constraints or non-optimal design architecture
Related violations: <none>

TIMING-16#157 Warning
Large setup violation  
There is a large setup violation of -2.526 ns between U_CPU_Core/U_DataPath/U_PC/q_reg[4]/C (clocked by sys_clk_pin) and U_CPU_Core/U_DataPath/U_RegisterFile/RegFile_reg_r2_0_31_12_17/RAMA_D1/I (clocked by sys_clk_pin). Large setup violations at the end of those stages might be difficult to fix during the post-placement implementation flow and could be the result of non-optimal XDC constraints or non-optimal design architecture
Related violations: <none>

TIMING-16#158 Warning
Large setup violation  
There is a large setup violation of -2.537 ns between U_CPU_Core/U_DataPath/U_PC/q_reg[4]/C (clocked by sys_clk_pin) and U_CPU_Core/U_DataPath/U_RegisterFile/RegFile_reg_r2_0_31_0_5/RAMC/I (clocked by sys_clk_pin). Large setup violations at the end of those stages might be difficult to fix during the post-placement implementation flow and could be the result of non-optimal XDC constraints or non-optimal design architecture
Related violations: <none>

TIMING-16#159 Warning
Large setup violation  
There is a large setup violation of -2.549 ns between U_CPU_Core/U_DataPath/U_PC/q_reg[4]/C (clocked by sys_clk_pin) and U_CPU_Core/U_DataPath/U_RegisterFile/RegFile_reg_r2_0_31_30_31/RAMA/I (clocked by sys_clk_pin). Large setup violations at the end of those stages might be difficult to fix during the post-placement implementation flow and could be the result of non-optimal XDC constraints or non-optimal design architecture
Related violations: <none>

TIMING-16#160 Warning
Large setup violation  
There is a large setup violation of -2.564 ns between U_CPU_Core/U_DataPath/U_PC/q_reg[4]/C (clocked by sys_clk_pin) and U_CPU_Core/U_DataPath/U_RegisterFile/RegFile_reg_r1_0_31_18_23/RAMC/I (clocked by sys_clk_pin). Large setup violations at the end of those stages might be difficult to fix during the post-placement implementation flow and could be the result of non-optimal XDC constraints or non-optimal design architecture
Related violations: <none>

TIMING-16#161 Warning
Large setup violation  
There is a large setup violation of -2.565 ns between U_CPU_Core/U_DataPath/U_PC/q_reg[4]/C (clocked by sys_clk_pin) and U_CPU_Core/U_DataPath/U_RegisterFile/RegFile_reg_r1_0_31_18_23/RAMC_D1/I (clocked by sys_clk_pin). Large setup violations at the end of those stages might be difficult to fix during the post-placement implementation flow and could be the result of non-optimal XDC constraints or non-optimal design architecture
Related violations: <none>

TIMING-16#162 Warning
Large setup violation  
There is a large setup violation of -2.567 ns between U_CPU_Core/U_DataPath/U_PC/q_reg[4]/C (clocked by sys_clk_pin) and U_CPU_Core/U_DataPath/U_RegisterFile/RegFile_reg_r1_0_31_12_17/RAMA_D1/I (clocked by sys_clk_pin). Large setup violations at the end of those stages might be difficult to fix during the post-placement implementation flow and could be the result of non-optimal XDC constraints or non-optimal design architecture
Related violations: <none>

TIMING-16#163 Warning
Large setup violation  
There is a large setup violation of -2.576 ns between U_CPU_Core/U_DataPath/U_PC/q_reg[4]/C (clocked by sys_clk_pin) and U_CPU_Core/U_DataPath/U_RegisterFile/RegFile_reg_r2_0_31_0_5/RAMA/I (clocked by sys_clk_pin). Large setup violations at the end of those stages might be difficult to fix during the post-placement implementation flow and could be the result of non-optimal XDC constraints or non-optimal design architecture
Related violations: <none>

TIMING-16#164 Warning
Large setup violation  
There is a large setup violation of -2.720 ns between U_CPU_Core/U_DataPath/U_PC/q_reg[4]/C (clocked by sys_clk_pin) and U_CPU_Core/U_DataPath/U_RegisterFile/RegFile_reg_r2_0_31_18_23/RAMC_D1/I (clocked by sys_clk_pin). Large setup violations at the end of those stages might be difficult to fix during the post-placement implementation flow and could be the result of non-optimal XDC constraints or non-optimal design architecture
Related violations: <none>

TIMING-18#1 Warning
Missing input or output delay  
An input delay is missing on reset relative to clock(s) sys_clk_pin
Related violations: <none>

TIMING-18#2 Warning
Missing input or output delay  
An output delay is missing on outPortA[0] relative to clock(s) sys_clk_pin
Related violations: <none>

TIMING-18#3 Warning
Missing input or output delay  
An output delay is missing on outPortA[1] relative to clock(s) sys_clk_pin
Related violations: <none>

TIMING-18#4 Warning
Missing input or output delay  
An output delay is missing on outPortA[2] relative to clock(s) sys_clk_pin
Related violations: <none>

TIMING-18#5 Warning
Missing input or output delay  
An output delay is missing on outPortA[3] relative to clock(s) sys_clk_pin
Related violations: <none>


