
*** Running vivado
    with args -log RV32I_MCU.vds -m64 -product Vivado -mode batch -messageDb vivado.pb -notrace -source RV32I_MCU.tcl



****** Vivado v2020.2 (64-bit)
  **** SW Build 3064766 on Wed Nov 18 09:12:45 MST 2020
  **** IP Build 3064653 on Wed Nov 18 14:17:31 MST 2020
    ** Copyright 1986-2020 Xilinx, Inc. All Rights Reserved.

source RV32I_MCU.tcl -notrace
Command: synth_design -top RV32I_MCU -part xc7a35tcpg236-1
Starting synth_design
Attempting to get a license for feature 'Synthesis' and/or device 'xc7a35t'
INFO: [Common 17-349] Got license for feature 'Synthesis' and/or device 'xc7a35t'
INFO: [Device 21-403] Loading part xc7a35tcpg236-1
INFO: [Synth 8-7079] Multithreading enabled for synth_design using a maximum of 2 processes.
INFO: [Synth 8-7078] Launching helper process for spawning children vivado processes
INFO: [Synth 8-7075] Helper process launched with PID 16864
---------------------------------------------------------------------------------
Starting RTL Elaboration : Time (s): cpu = 00:00:02 ; elapsed = 00:00:03 . Memory (MB): peak = 1106.945 ; gain = 0.000
---------------------------------------------------------------------------------
INFO: [Synth 8-6157] synthesizing module 'RV32I_MCU' [D:/ish/verilog/vivadoWS/20240604_RISCV_GPO_GPI_GPIO/20240604_RISCV_GPO_GPI_GPIO.srcs/sources_1/imports/new/RV32I_MCU.v:3]
INFO: [Synth 8-6157] synthesizing module 'RV32I' [D:/ish/verilog/vivadoWS/20240604_RISCV_GPO_GPI_GPIO/20240604_RISCV_GPO_GPI_GPIO.srcs/sources_1/imports/new/RV32I.v:3]
INFO: [Synth 8-6157] synthesizing module 'ControlUnit' [D:/ish/verilog/vivadoWS/20240604_RISCV_GPO_GPI_GPIO/20240604_RISCV_GPO_GPI_GPIO.srcs/sources_1/imports/new/ControlUnit.v:5]
INFO: [Synth 8-155] case statement is not full and has no default [D:/ish/verilog/vivadoWS/20240604_RISCV_GPO_GPI_GPIO/20240604_RISCV_GPO_GPI_GPIO.srcs/sources_1/imports/new/ControlUnit.v:192]
INFO: [Synth 8-155] case statement is not full and has no default [D:/ish/verilog/vivadoWS/20240604_RISCV_GPO_GPI_GPIO/20240604_RISCV_GPO_GPI_GPIO.srcs/sources_1/imports/new/ControlUnit.v:201]
INFO: [Synth 8-155] case statement is not full and has no default [D:/ish/verilog/vivadoWS/20240604_RISCV_GPO_GPI_GPIO/20240604_RISCV_GPO_GPI_GPIO.srcs/sources_1/imports/new/ControlUnit.v:208]
INFO: [Synth 8-155] case statement is not full and has no default [D:/ish/verilog/vivadoWS/20240604_RISCV_GPO_GPI_GPIO/20240604_RISCV_GPO_GPI_GPIO.srcs/sources_1/imports/new/ControlUnit.v:160]
INFO: [Synth 8-6155] done synthesizing module 'ControlUnit' (1#1) [D:/ish/verilog/vivadoWS/20240604_RISCV_GPO_GPI_GPIO/20240604_RISCV_GPO_GPI_GPIO.srcs/sources_1/imports/new/ControlUnit.v:5]
INFO: [Synth 8-6157] synthesizing module 'DataPath' [D:/ish/verilog/vivadoWS/20240604_RISCV_GPO_GPI_GPIO/20240604_RISCV_GPO_GPI_GPIO.srcs/sources_1/imports/new/DataPath.v:5]
INFO: [Synth 8-6157] synthesizing module 'mux_2x1' [D:/ish/verilog/vivadoWS/20240604_RISCV_GPO_GPI_GPIO/20240604_RISCV_GPO_GPI_GPIO.srcs/sources_1/imports/new/DataPath.v:337]
INFO: [Synth 8-6155] done synthesizing module 'mux_2x1' (2#1) [D:/ish/verilog/vivadoWS/20240604_RISCV_GPO_GPI_GPIO/20240604_RISCV_GPO_GPI_GPIO.srcs/sources_1/imports/new/DataPath.v:337]
INFO: [Synth 8-6157] synthesizing module 'register' [D:/ish/verilog/vivadoWS/20240604_RISCV_GPO_GPI_GPIO/20240604_RISCV_GPO_GPI_GPIO.srcs/sources_1/imports/new/DataPath.v:197]
INFO: [Synth 8-6155] done synthesizing module 'register' (3#1) [D:/ish/verilog/vivadoWS/20240604_RISCV_GPO_GPI_GPIO/20240604_RISCV_GPO_GPI_GPIO.srcs/sources_1/imports/new/DataPath.v:197]
INFO: [Synth 8-6157] synthesizing module 'Adder' [D:/ish/verilog/vivadoWS/20240604_RISCV_GPO_GPI_GPIO/20240604_RISCV_GPO_GPI_GPIO.srcs/sources_1/imports/new/DataPath.v:186]
INFO: [Synth 8-6155] done synthesizing module 'Adder' (4#1) [D:/ish/verilog/vivadoWS/20240604_RISCV_GPO_GPI_GPIO/20240604_RISCV_GPO_GPI_GPIO.srcs/sources_1/imports/new/DataPath.v:186]
INFO: [Synth 8-6157] synthesizing module 'ROM' [D:/ish/verilog/vivadoWS/20240604_RISCV_GPO_GPI_GPIO/20240604_RISCV_GPO_GPI_GPIO.srcs/sources_1/imports/new/DataPath.v:216]
INFO: [Synth 8-3876] $readmem data file 'code2.mem' is read successfully [D:/ish/verilog/vivadoWS/20240604_RISCV_GPO_GPI_GPIO/20240604_RISCV_GPO_GPI_GPIO.srcs/sources_1/imports/new/DataPath.v:224]
INFO: [Synth 8-6155] done synthesizing module 'ROM' (5#1) [D:/ish/verilog/vivadoWS/20240604_RISCV_GPO_GPI_GPIO/20240604_RISCV_GPO_GPI_GPIO.srcs/sources_1/imports/new/DataPath.v:216]
INFO: [Synth 8-6157] synthesizing module 'RegFile' [D:/ish/verilog/vivadoWS/20240604_RISCV_GPO_GPI_GPIO/20240604_RISCV_GPO_GPI_GPIO.srcs/sources_1/imports/new/DataPath.v:147]
INFO: [Synth 8-6155] done synthesizing module 'RegFile' (6#1) [D:/ish/verilog/vivadoWS/20240604_RISCV_GPO_GPI_GPIO/20240604_RISCV_GPO_GPI_GPIO.srcs/sources_1/imports/new/DataPath.v:147]
INFO: [Synth 8-6157] synthesizing module 'ALU' [D:/ish/verilog/vivadoWS/20240604_RISCV_GPO_GPI_GPIO/20240604_RISCV_GPO_GPI_GPIO.srcs/sources_1/imports/new/DataPath.v:280]
WARNING: [Synth 8-151] case item 5'b01001 is unreachable [D:/ish/verilog/vivadoWS/20240604_RISCV_GPO_GPI_GPIO/20240604_RISCV_GPO_GPI_GPIO.srcs/sources_1/imports/new/DataPath.v:290]
WARNING: [Synth 8-151] case item 5'b10001 is unreachable [D:/ish/verilog/vivadoWS/20240604_RISCV_GPO_GPI_GPIO/20240604_RISCV_GPO_GPI_GPIO.srcs/sources_1/imports/new/DataPath.v:325]
WARNING: [Synth 8-151] case item 5'b10010 is unreachable [D:/ish/verilog/vivadoWS/20240604_RISCV_GPO_GPI_GPIO/20240604_RISCV_GPO_GPI_GPIO.srcs/sources_1/imports/new/DataPath.v:325]
INFO: [Synth 8-155] case statement is not full and has no default [D:/ish/verilog/vivadoWS/20240604_RISCV_GPO_GPI_GPIO/20240604_RISCV_GPO_GPI_GPIO.srcs/sources_1/imports/new/DataPath.v:325]
INFO: [Synth 8-6155] done synthesizing module 'ALU' (7#1) [D:/ish/verilog/vivadoWS/20240604_RISCV_GPO_GPI_GPIO/20240604_RISCV_GPO_GPI_GPIO.srcs/sources_1/imports/new/DataPath.v:280]
INFO: [Synth 8-6157] synthesizing module 'ImmGen' [D:/ish/verilog/vivadoWS/20240604_RISCV_GPO_GPI_GPIO/20240604_RISCV_GPO_GPI_GPIO.srcs/sources_1/imports/new/DataPath.v:354]
INFO: [Synth 8-6155] done synthesizing module 'ImmGen' (8#1) [D:/ish/verilog/vivadoWS/20240604_RISCV_GPO_GPI_GPIO/20240604_RISCV_GPO_GPI_GPIO.srcs/sources_1/imports/new/DataPath.v:354]
INFO: [Synth 8-6157] synthesizing module 'shifter' [D:/ish/verilog/vivadoWS/20240604_RISCV_GPO_GPI_GPIO/20240604_RISCV_GPO_GPI_GPIO.srcs/sources_1/imports/new/DataPath.v:393]
INFO: [Synth 8-6155] done synthesizing module 'shifter' (9#1) [D:/ish/verilog/vivadoWS/20240604_RISCV_GPO_GPI_GPIO/20240604_RISCV_GPO_GPI_GPIO.srcs/sources_1/imports/new/DataPath.v:393]
INFO: [Synth 8-6155] done synthesizing module 'DataPath' (10#1) [D:/ish/verilog/vivadoWS/20240604_RISCV_GPO_GPI_GPIO/20240604_RISCV_GPO_GPI_GPIO.srcs/sources_1/imports/new/DataPath.v:5]
INFO: [Synth 8-6155] done synthesizing module 'RV32I' (11#1) [D:/ish/verilog/vivadoWS/20240604_RISCV_GPO_GPI_GPIO/20240604_RISCV_GPO_GPI_GPIO.srcs/sources_1/imports/new/RV32I.v:3]
INFO: [Synth 8-6157] synthesizing module 'decoder_bus' [D:/ish/verilog/vivadoWS/20240604_RISCV_GPO_GPI_GPIO/20240604_RISCV_GPO_GPI_GPIO.srcs/sources_1/imports/new/RV32I_MCU.v:110]
INFO: [Synth 8-6155] done synthesizing module 'decoder_bus' (12#1) [D:/ish/verilog/vivadoWS/20240604_RISCV_GPO_GPI_GPIO/20240604_RISCV_GPO_GPI_GPIO.srcs/sources_1/imports/new/RV32I_MCU.v:110]
INFO: [Synth 8-6157] synthesizing module 'mux_bus' [D:/ish/verilog/vivadoWS/20240604_RISCV_GPO_GPI_GPIO/20240604_RISCV_GPO_GPI_GPIO.srcs/sources_1/imports/new/RV32I_MCU.v:130]
INFO: [Synth 8-6155] done synthesizing module 'mux_bus' (13#1) [D:/ish/verilog/vivadoWS/20240604_RISCV_GPO_GPI_GPIO/20240604_RISCV_GPO_GPI_GPIO.srcs/sources_1/imports/new/RV32I_MCU.v:130]
INFO: [Synth 8-6157] synthesizing module 'RAM' [D:/ish/verilog/vivadoWS/20240604_RISCV_GPO_GPI_GPIO/20240604_RISCV_GPO_GPI_GPIO.srcs/sources_1/imports/new/RAM.v:3]
INFO: [Synth 8-6155] done synthesizing module 'RAM' (14#1) [D:/ish/verilog/vivadoWS/20240604_RISCV_GPO_GPI_GPIO/20240604_RISCV_GPO_GPI_GPIO.srcs/sources_1/imports/new/RAM.v:3]
INFO: [Synth 8-6157] synthesizing module 'GPO' [D:/ish/verilog/vivadoWS/20240604_RISCV_GPO_GPI_GPIO/20240604_RISCV_GPO_GPI_GPIO.srcs/sources_1/imports/new/GPO.v:4]
INFO: [Synth 8-6155] done synthesizing module 'GPO' (15#1) [D:/ish/verilog/vivadoWS/20240604_RISCV_GPO_GPI_GPIO/20240604_RISCV_GPO_GPI_GPIO.srcs/sources_1/imports/new/GPO.v:4]
INFO: [Synth 8-6157] synthesizing module 'GPI' [D:/ish/verilog/vivadoWS/20240604_RISCV_GPO_GPI_GPIO/20240604_RISCV_GPO_GPI_GPIO.srcs/sources_1/new/GPI.v:3]
INFO: [Synth 8-6155] done synthesizing module 'GPI' (16#1) [D:/ish/verilog/vivadoWS/20240604_RISCV_GPO_GPI_GPIO/20240604_RISCV_GPO_GPI_GPIO.srcs/sources_1/new/GPI.v:3]
INFO: [Synth 8-6157] synthesizing module 'GPIO' [D:/ish/verilog/vivadoWS/20240604_RISCV_GPO_GPI_GPIO/20240604_RISCV_GPO_GPI_GPIO.srcs/sources_1/new/GPIO.v:3]
INFO: [Synth 8-155] case statement is not full and has no default [D:/ish/verilog/vivadoWS/20240604_RISCV_GPO_GPI_GPIO/20240604_RISCV_GPO_GPI_GPIO.srcs/sources_1/new/GPIO.v:27]
INFO: [Synth 8-6155] done synthesizing module 'GPIO' (17#1) [D:/ish/verilog/vivadoWS/20240604_RISCV_GPO_GPI_GPIO/20240604_RISCV_GPO_GPI_GPIO.srcs/sources_1/new/GPIO.v:3]
INFO: [Synth 8-6155] done synthesizing module 'RV32I_MCU' (18#1) [D:/ish/verilog/vivadoWS/20240604_RISCV_GPO_GPI_GPIO/20240604_RISCV_GPO_GPI_GPIO.srcs/sources_1/imports/new/RV32I_MCU.v:3]
---------------------------------------------------------------------------------
Finished RTL Elaboration : Time (s): cpu = 00:00:02 ; elapsed = 00:00:04 . Memory (MB): peak = 1106.945 ; gain = 0.000
---------------------------------------------------------------------------------
---------------------------------------------------------------------------------
Start Handling Custom Attributes
---------------------------------------------------------------------------------
---------------------------------------------------------------------------------
Finished Handling Custom Attributes : Time (s): cpu = 00:00:02 ; elapsed = 00:00:04 . Memory (MB): peak = 1106.945 ; gain = 0.000
---------------------------------------------------------------------------------
---------------------------------------------------------------------------------
Finished RTL Optimization Phase 1 : Time (s): cpu = 00:00:02 ; elapsed = 00:00:04 . Memory (MB): peak = 1106.945 ; gain = 0.000
---------------------------------------------------------------------------------
Netlist sorting complete. Time (s): cpu = 00:00:00 ; elapsed = 00:00:00.044 . Memory (MB): peak = 1106.945 ; gain = 0.000
INFO: [Project 1-570] Preparing netlist for logic optimization

Processing XDC Constraints
Initializing timing engine
Parsing XDC File [D:/ish/verilog/vivadoWS/20240604_RISCV_GPO_GPI_GPIO/20240604_RISCV_GPO_GPI_GPIO.srcs/constrs_1/imports/Verilog/MY_Basys-3-Master.xdc]
Finished Parsing XDC File [D:/ish/verilog/vivadoWS/20240604_RISCV_GPO_GPI_GPIO/20240604_RISCV_GPO_GPI_GPIO.srcs/constrs_1/imports/Verilog/MY_Basys-3-Master.xdc]
INFO: [Project 1-236] Implementation specific constraints were found while reading constraint file [D:/ish/verilog/vivadoWS/20240604_RISCV_GPO_GPI_GPIO/20240604_RISCV_GPO_GPI_GPIO.srcs/constrs_1/imports/Verilog/MY_Basys-3-Master.xdc]. These constraints will be ignored for synthesis but will be used in implementation. Impacted constraints are listed in the file [.Xil/RV32I_MCU_propImpl.xdc].
Resolution: To avoid this warning, move constraints listed in [.Xil/RV32I_MCU_propImpl.xdc] to another XDC file and exclude this new file from synthesis with the used_in_synthesis property (File Properties dialog in GUI) and re-run elaboration/synthesis.
Completed Processing XDC Constraints

Netlist sorting complete. Time (s): cpu = 00:00:00 ; elapsed = 00:00:00 . Memory (MB): peak = 1202.473 ; gain = 0.000
INFO: [Project 1-111] Unisim Transformation Summary:
No Unisim elements were transformed.

Constraint Validation Runtime : Time (s): cpu = 00:00:00 ; elapsed = 00:00:00.007 . Memory (MB): peak = 1202.473 ; gain = 0.000
---------------------------------------------------------------------------------
Finished Constraint Validation : Time (s): cpu = 00:00:05 ; elapsed = 00:00:08 . Memory (MB): peak = 1202.473 ; gain = 95.527
---------------------------------------------------------------------------------
---------------------------------------------------------------------------------
Start Loading Part and Timing Information
---------------------------------------------------------------------------------
Loading part: xc7a35tcpg236-1
---------------------------------------------------------------------------------
Finished Loading Part and Timing Information : Time (s): cpu = 00:00:05 ; elapsed = 00:00:08 . Memory (MB): peak = 1202.473 ; gain = 95.527
---------------------------------------------------------------------------------
---------------------------------------------------------------------------------
Start Applying 'set_property' XDC Constraints
---------------------------------------------------------------------------------
---------------------------------------------------------------------------------
Finished applying 'set_property' XDC Constraints : Time (s): cpu = 00:00:05 ; elapsed = 00:00:08 . Memory (MB): peak = 1202.473 ; gain = 95.527
---------------------------------------------------------------------------------
WARNING: [Synth 8-327] inferring latch for variable 'IDR_reg' [D:/ish/verilog/vivadoWS/20240604_RISCV_GPO_GPI_GPIO/20240604_RISCV_GPO_GPI_GPIO.srcs/sources_1/new/GPI.v:13]
---------------------------------------------------------------------------------
Finished RTL Optimization Phase 2 : Time (s): cpu = 00:00:05 ; elapsed = 00:00:09 . Memory (MB): peak = 1202.473 ; gain = 95.527
---------------------------------------------------------------------------------
---------------------------------------------------------------------------------
Start RTL Component Statistics 
---------------------------------------------------------------------------------
Detailed RTL Component Info : 
+---Adders : 
	   2 Input   32 Bit       Adders := 4     
	   3 Input   32 Bit       Adders := 1     
	   2 Input   17 Bit       Adders := 1     
	   2 Input    9 Bit       Adders := 1     
+---XORs : 
	   2 Input     32 Bit         XORs := 1     
+---Registers : 
	               32 Bit    Registers := 39    
+---RAMs : 
	               8K Bit	(256 X 32 bit)          RAMs := 1     
+---Muxes : 
	   2 Input   32 Bit        Muxes := 49    
	  15 Input   32 Bit        Muxes := 1     
	   6 Input   32 Bit        Muxes := 2     
	   4 Input   32 Bit        Muxes := 1     
	   7 Input    5 Bit        Muxes := 1     
	   8 Input    5 Bit        Muxes := 1     
	   2 Input    5 Bit        Muxes := 1     
	   6 Input    5 Bit        Muxes := 1     
	   6 Input    4 Bit        Muxes := 1     
	   2 Input    4 Bit        Muxes := 1     
	   4 Input    4 Bit        Muxes := 1     
	  21 Input    4 Bit        Muxes := 1     
	   9 Input    3 Bit        Muxes := 1     
	   6 Input    3 Bit        Muxes := 1     
	  10 Input    1 Bit        Muxes := 9     
	   2 Input    1 Bit        Muxes := 33    
	   3 Input    1 Bit        Muxes := 2     
---------------------------------------------------------------------------------
Finished RTL Component Statistics 
---------------------------------------------------------------------------------
---------------------------------------------------------------------------------
Start Part Resource Summary
---------------------------------------------------------------------------------
Part Resources:
DSPs: 90 (col length:60)
BRAMs: 100 (col length: RAMB18 60 RAMB36 30)
---------------------------------------------------------------------------------
Finished Part Resource Summary
---------------------------------------------------------------------------------
---------------------------------------------------------------------------------
Start Cross Boundary and Area Optimization
---------------------------------------------------------------------------------
---------------------------------------------------------------------------------
Finished Cross Boundary and Area Optimization : Time (s): cpu = 00:00:18 ; elapsed = 00:00:38 . Memory (MB): peak = 1202.473 ; gain = 95.527
---------------------------------------------------------------------------------
---------------------------------------------------------------------------------
Start ROM, RAM, DSP, Shift Register and Retiming Reporting
---------------------------------------------------------------------------------

ROM: Preliminary Mapping	Report
+------------+------------+---------------+----------------+
|Module Name | RTL Object | Depth x Width | Implemented As | 
+------------+------------+---------------+----------------+
|ROM         | p_0_out    | 32x32         | LUT            | 
|RV32I       | p_0_out    | 32x32         | LUT            | 
+------------+------------+---------------+----------------+


Distributed RAM: Preliminary Mapping	Report (see note below)
+------------+-----------------------+-----------+----------------------+-----------------+
|Module Name | RTL Object            | Inference | Size (Depth x Width) | Primitives      | 
+------------+-----------------------+-----------+----------------------+-----------------+
|RV32I_MCU   | U_DataMemory1/mem_reg | Implied   | 256 x 32             | RAM256X1S x 32	 | 
+------------+-----------------------+-----------+----------------------+-----------------+

Note: The table above is a preliminary report that shows the Distributed RAMs at the current stage of the synthesis flow. Some Distributed RAMs may be reimplemented as non Distributed RAM primitives later in the synthesis flow. Multiple instantiated RAMs are reported only once.
---------------------------------------------------------------------------------
Finished ROM, RAM, DSP, Shift Register and Retiming Reporting
---------------------------------------------------------------------------------
---------------------------------------------------------------------------------
Start Applying XDC Timing Constraints
---------------------------------------------------------------------------------
---------------------------------------------------------------------------------
Finished Applying XDC Timing Constraints : Time (s): cpu = 00:00:20 ; elapsed = 00:00:42 . Memory (MB): peak = 1202.473 ; gain = 95.527
---------------------------------------------------------------------------------
---------------------------------------------------------------------------------
Start Timing Optimization
---------------------------------------------------------------------------------
---------------------------------------------------------------------------------
Finished Timing Optimization : Time (s): cpu = 00:00:30 ; elapsed = 00:01:04 . Memory (MB): peak = 1333.090 ; gain = 226.145
---------------------------------------------------------------------------------
---------------------------------------------------------------------------------
Start ROM, RAM, DSP, Shift Register and Retiming Reporting
---------------------------------------------------------------------------------

Distributed RAM: Final Mapping	Report
+------------+-----------------------+-----------+----------------------+-----------------+
|Module Name | RTL Object            | Inference | Size (Depth x Width) | Primitives      | 
+------------+-----------------------+-----------+----------------------+-----------------+
|RV32I_MCU   | U_DataMemory1/mem_reg | Implied   | 256 x 32             | RAM256X1S x 32	 | 
+------------+-----------------------+-----------+----------------------+-----------------+

---------------------------------------------------------------------------------
Finished ROM, RAM, DSP, Shift Register and Retiming Reporting
---------------------------------------------------------------------------------
---------------------------------------------------------------------------------
Start Technology Mapping
---------------------------------------------------------------------------------
---------------------------------------------------------------------------------
Finished Technology Mapping : Time (s): cpu = 00:00:32 ; elapsed = 00:01:08 . Memory (MB): peak = 1333.098 ; gain = 226.152
---------------------------------------------------------------------------------
---------------------------------------------------------------------------------
Start IO Insertion
---------------------------------------------------------------------------------
---------------------------------------------------------------------------------
Start Flattening Before IO Insertion
---------------------------------------------------------------------------------
---------------------------------------------------------------------------------
Finished Flattening Before IO Insertion
---------------------------------------------------------------------------------
---------------------------------------------------------------------------------
Start Final Netlist Cleanup
---------------------------------------------------------------------------------
---------------------------------------------------------------------------------
Finished Final Netlist Cleanup
---------------------------------------------------------------------------------
---------------------------------------------------------------------------------
Finished IO Insertion : Time (s): cpu = 00:00:33 ; elapsed = 00:01:10 . Memory (MB): peak = 1333.098 ; gain = 226.152
---------------------------------------------------------------------------------
---------------------------------------------------------------------------------
Start Renaming Generated Instances
---------------------------------------------------------------------------------
---------------------------------------------------------------------------------
Finished Renaming Generated Instances : Time (s): cpu = 00:00:33 ; elapsed = 00:01:10 . Memory (MB): peak = 1333.098 ; gain = 226.152
---------------------------------------------------------------------------------
---------------------------------------------------------------------------------
Start Rebuilding User Hierarchy
---------------------------------------------------------------------------------
---------------------------------------------------------------------------------
Finished Rebuilding User Hierarchy : Time (s): cpu = 00:00:33 ; elapsed = 00:01:10 . Memory (MB): peak = 1333.098 ; gain = 226.152
---------------------------------------------------------------------------------
---------------------------------------------------------------------------------
Start Renaming Generated Ports
---------------------------------------------------------------------------------
---------------------------------------------------------------------------------
Finished Renaming Generated Ports : Time (s): cpu = 00:00:33 ; elapsed = 00:01:10 . Memory (MB): peak = 1333.098 ; gain = 226.152
---------------------------------------------------------------------------------
---------------------------------------------------------------------------------
Start Handling Custom Attributes
---------------------------------------------------------------------------------
---------------------------------------------------------------------------------
Finished Handling Custom Attributes : Time (s): cpu = 00:00:33 ; elapsed = 00:01:11 . Memory (MB): peak = 1333.098 ; gain = 226.152
---------------------------------------------------------------------------------
---------------------------------------------------------------------------------
Start Renaming Generated Nets
---------------------------------------------------------------------------------
---------------------------------------------------------------------------------
Finished Renaming Generated Nets : Time (s): cpu = 00:00:33 ; elapsed = 00:01:11 . Memory (MB): peak = 1333.098 ; gain = 226.152
---------------------------------------------------------------------------------
---------------------------------------------------------------------------------
Start Writing Synthesis Report
---------------------------------------------------------------------------------

Report BlackBoxes: 
+-+--------------+----------+
| |BlackBox name |Instances |
+-+--------------+----------+
+-+--------------+----------+

Report Cell Usage: 
+------+----------+------+
|      |Cell      |Count |
+------+----------+------+
|1     |BUFG      |     1|
|2     |CARRY4    |    50|
|3     |LUT1      |    13|
|4     |LUT2      |   228|
|5     |LUT3      |   201|
|6     |LUT4      |   442|
|7     |LUT5      |   525|
|8     |LUT6      |   971|
|9     |MUXF7     |   229|
|10    |MUXF8     |    54|
|11    |RAM256X1S |    32|
|12    |FDCE      |  1212|
|13    |FDPE      |     4|
|14    |LD        |     4|
|15    |IBUF      |     6|
|16    |IOBUF     |     4|
|17    |OBUF      |     8|
+------+----------+------+
---------------------------------------------------------------------------------
Finished Writing Synthesis Report : Time (s): cpu = 00:00:33 ; elapsed = 00:01:11 . Memory (MB): peak = 1333.098 ; gain = 226.152
---------------------------------------------------------------------------------
Synthesis finished with 0 errors, 0 critical warnings and 1 warnings.
Synthesis Optimization Runtime : Time (s): cpu = 00:00:30 ; elapsed = 00:01:09 . Memory (MB): peak = 1333.098 ; gain = 130.625
Synthesis Optimization Complete : Time (s): cpu = 00:00:33 ; elapsed = 00:01:11 . Memory (MB): peak = 1333.098 ; gain = 226.152
INFO: [Project 1-571] Translating synthesized netlist
Netlist sorting complete. Time (s): cpu = 00:00:00 ; elapsed = 00:00:00.043 . Memory (MB): peak = 1333.098 ; gain = 0.000
INFO: [Netlist 29-17] Analyzing 373 Unisim elements for replacement
INFO: [Netlist 29-28] Unisim Transformation completed in 0 CPU seconds
INFO: [Project 1-570] Preparing netlist for logic optimization
INFO: [Opt 31-138] Pushed 0 inverter(s) to 0 load pin(s).
Netlist sorting complete. Time (s): cpu = 00:00:00 ; elapsed = 00:00:00 . Memory (MB): peak = 1333.098 ; gain = 0.000
INFO: [Project 1-111] Unisim Transformation Summary:
  A total of 40 instances were transformed.
  IOBUF => IOBUF (IBUF, OBUFT): 4 instances
  LD => LDCE: 4 instances
  RAM256X1S => RAM256X1S (MUXF7(x2), MUXF8, RAMS64E(x4)): 32 instances

INFO: [Common 17-83] Releasing license: Synthesis
58 Infos, 4 Warnings, 0 Critical Warnings and 0 Errors encountered.
synth_design completed successfully
synth_design: Time (s): cpu = 00:00:35 ; elapsed = 00:01:16 . Memory (MB): peak = 1333.098 ; gain = 226.152
INFO: [Common 17-1381] The checkpoint 'D:/ish/verilog/vivadoWS/20240604_RISCV_GPO_GPI_GPIO/20240604_RISCV_GPO_GPI_GPIO.runs/synth_1/RV32I_MCU.dcp' has been generated.
INFO: [runtcl-4] Executing : report_utilization -file RV32I_MCU_utilization_synth.rpt -pb RV32I_MCU_utilization_synth.pb
INFO: [Common 17-206] Exiting Vivado at Tue Jun  4 17:17:56 2024...
