#
# A fatal error has been detected by the Java Runtime Environment:
#
#  EXCEPTION_ACCESS_VIOLATION (0xc0000005) at pc=0x00007ffbdfa81049, pid=1544, tid=4224
#
# JRE version: OpenJDK Runtime Environment (11.0.2+9) (build 11.0.2+9)
# Java VM: OpenJDK 64-Bit Server VM (11.0.2+9, mixed mode, tiered, compressed oops, g1 gc, windows-amd64)
# Problematic frame:
# C  0x00007ffbdfa81049
#
# No core dump will be written. Minidumps are not enabled by default on client versions of Windows
#
# If you would like to submit a bug report, please visit:
#   http://bugreport.java.com/bugreport/crash.jsp
# The crash happened outside the Java Virtual Machine in native code.
# See problematic frame for where to report the bug.
#

---------------  S U M M A R Y ------------

Command Line: -Dsun.java2d.pmoffscreen=false -Dhttps.protocols=TLSv1,TLSv1.1,TLSv1.2 -Dsun.java2d.xrender=false -Dsun.java2d.d3d=false -Dsun.awt.nopixfmt=true -Dsun.java2d.dpiaware=true -Dsun.java2d.uiScale.enabled=false -Xverify:none -Dswing.aatext=true -XX:-UsePerfData -Djdk.map.althashing.threshold=512 -XX:StringTableSize=4072 --add-opens=java.base/java.nio=ALL-UNNAMED --add-opens=java.desktop/sun.swing=ALL-UNNAMED --add-opens=java.desktop/javax.swing=ALL-UNNAMED --add-opens=java.desktop/javax.swing.tree=ALL-UNNAMED --add-opens=java.desktop/javax.swing.plaf.basic=ALL-UNNAMED --add-opens=java.desktop/javax.swing.plaf.synth=ALL-UNNAMED --add-opens=java.desktop/com.sun.awt=ALL-UNNAMED -XX:NewSize=60m -XX:MaxNewSize=60m -Xms128m -Xmx3072m -Xss5m 

Host: 12th Gen Intel(R) Core(TM) i7-1260P, 16 cores, 15G,  Windows 10 , 64 bit Build 22621 (10.0.22621.3527)
Time: Tue May 28 14:25:10 2024 대한민국 표준시 elapsed time: 10247 seconds (0d 2h 50m 47s)

---------------  T H R E A D  ---------------

Current thread (0x00000230a813c800):  JavaThread "AWT-EventQueue-0" [_thread_in_native, id=4224, stack(0x00000046e9600000,0x00000046e9b00000)]

Stack: [0x00000046e9600000,0x00000046e9b00000],  sp=0x00000046e9af36c0,  free space=5069k
Native frames: (J=compiled Java code, j=interpreted, Vv=VM code, C=native code)
C  0x00007ffbdfa81049
C  0x00007ffbdfa92487
C  0x00007ffbdfa937c2
C  0x00007ffbdfa7a485
C  0x00007ffb96a584b4
C  0x00007ffb96a78e72
C  0x00007ffb96b134f5
C  0x00007ffb96b13419
C  0x00007ffb96b44ce1
C  0x00007ffb96b42426
C  0x00007ffb96b9e2c1
C  0x00007ffb96ba03b3
C  0x00007ffb96b7936d
C  0x00007ffb96b793d8
C  0x00007ffb96b79481
C  0x00007ffb96b9f59c
C  0x00007ffb96b706e5
C  0x00007ffb96b70375
C  0x00007ffb96bad00f
C  0x000002309162a12d

Java frames: (J=compiled Java code, j=interpreted, Vv=VM code)
J 26433  ui.views.waveform.waveformi.WVExecutive_getGraphicsDataSize(J)J (0 bytes) @ 0x000002309162a091 [0x000002309162a040+0x0000000000000051]
J 26432 c1 ui.views.waveform.executive.a.klK()Ljava/io/ByteArrayInputStream; (93 bytes) @ 0x000002308bbc52ac [0x000002308bbc51c0+0x00000000000000ec]
J 30804 c1 ui.views.waveform.b.a.klh()V (144 bytes) @ 0x000002308ae637b4 [0x000002308ae63720+0x0000000000000094]
J 30656 c1 ui.views.waveform.w.aH(ZZ)V (48 bytes) @ 0x000002308aa49b6c [0x000002308aa495e0+0x000000000000058c]
J 30805 c1 ui.views.waveform.c.b.j(Lui/frmwork/a/l;)V (605 bytes) @ 0x000002308b9f4dcc [0x000002308b9eb4c0+0x000000000000990c]
J 25856 c1 ui.views.waveform.w.handleTclEvent(Lui/frmwork/a/l;)V (17 bytes) @ 0x000002308b9e93bc [0x000002308b9e92e0+0x00000000000000dc]
J 27266 c2 ui.frmwork.a.o.c(Lui/frmwork/a/l;)V (61 bytes) @ 0x000002309114a544 [0x000002309114a2e0+0x0000000000000264]
J 28690 c1 ui.frmwork.E.i(JZ)V (471 bytes) @ 0x000002308b5ca284 [0x000002308b5c6140+0x0000000000004144]
J 29116 c1 ui.frmwork.E.fireTclEvent(J)I (113 bytes) @ 0x000002308b902744 [0x000002308b901fa0+0x00000000000007a4]
v  ~StubRoutines::call_stub
j  ui.views.waveform.waveformi.WVExecutive_processModelEvent(JJ)V+0
j  ui.views.waveform.executive.a.gb(J)V+5
j  ui.views.waveform.c.b.ga(J)V+8
J 30805 c1 ui.views.waveform.c.b.j(Lui/frmwork/a/l;)V (605 bytes) @ 0x000002308b9f5bfc [0x000002308b9eb4c0+0x000000000000a73c]
J 25856 c1 ui.views.waveform.w.handleTclEvent(Lui/frmwork/a/l;)V (17 bytes) @ 0x000002308b9e93bc [0x000002308b9e92e0+0x00000000000000dc]
J 27266 c2 ui.frmwork.a.o.c(Lui/frmwork/a/l;)V (61 bytes) @ 0x000002309114a544 [0x000002309114a2e0+0x0000000000000264]
J 28690 c1 ui.frmwork.E.i(JZ)V (471 bytes) @ 0x000002308b5ca284 [0x000002308b5c6140+0x0000000000004144]
J 18083 c1 ui.frmwork.E$$Lambda$202.run()V (12 bytes) @ 0x000002308a3378dc [0x000002308a337800+0x00000000000000dc]
J 15587 c2 java.awt.event.InvocationEvent.dispatch()V java.desktop@11.0.2 (69 bytes) @ 0x0000023090afd114 [0x0000023090afd060+0x00000000000000b4]
J 13052 c2 java.awt.EventQueue$4.run()Ljava/lang/Object; java.desktop@11.0.2 (5 bytes) @ 0x000002309027251c [0x0000023090272460+0x00000000000000bc]
v  ~StubRoutines::call_stub
J 4676  java.security.AccessController.doPrivileged(Ljava/security/PrivilegedAction;Ljava/security/AccessControlContext;)Ljava/lang/Object; java.base@11.0.2 (0 bytes) @ 0x000002309009eeb6 [0x000002309009ee40+0x0000000000000076]
J 13051 c2 java.awt.EventQueue.dispatchEvent(Ljava/awt/AWTEvent;)V java.desktop@11.0.2 (80 bytes) @ 0x00000230902dd2f4 [0x00000230902dcfc0+0x0000000000000334]
J 26184 c2 java.awt.EventDispatchThread.pumpOneEventForFilters(I)V java.desktop@11.0.2 (113 bytes) @ 0x00000230915d70e8 [0x00000230915d6da0+0x0000000000000348]
J 21548 c2 java.awt.EventDispatchThread.pumpEventsForFilter(ILjava/awt/Conditional;Ljava/awt/EventFilter;)V java.desktop@11.0.2 (47 bytes) @ 0x00000230908ea4f0 [0x00000230908ea340+0x00000000000001b0]
j  java.awt.EventDispatchThread.pumpEventsForFilter(Ljava/awt/Conditional;Ljava/awt/EventFilter;)V+4 java.desktop@11.0.2
j  java.awt.WaitDispatchSupport$2.run()V+59 java.desktop@11.0.2
j  java.awt.WaitDispatchSupport$4.run()Ljava/lang/Void;+4 java.desktop@11.0.2
j  java.awt.WaitDispatchSupport$4.run()Ljava/lang/Object;+1 java.desktop@11.0.2
v  ~StubRoutines::call_stub
J 1075  java.security.AccessController.doPrivileged(Ljava/security/PrivilegedAction;)Ljava/lang/Object; java.base@11.0.2 (0 bytes) @ 0x000002308fe46b22 [0x000002308fe46ac0+0x0000000000000062]
j  java.awt.WaitDispatchSupport.enter()Z+260 java.desktop@11.0.2
j  java.awt.Dialog.show()V+224 java.desktop@11.0.2
J 30936 c1 ui.dlg.c.g.setVisible(Z)V (15 bytes) @ 0x000002308aae04e4 [0x000002308aae0220+0x00000000000002c4]
j  ui.dlg.c.bz.bIi()V+64
j  ui.dlg.c.bI.actionPerformed(Ljava/awt/event/ActionEvent;)V+8
j  ui.dlg.c.bz.fud()V+388
j  ui.views.c.t.b.a.run()V+60
j  ui.frmwork.cmd.a.hsT()Z+66
j  ui.frmwork.cmd.d.htb()V+42
j  ui.bm.actionPerformed(Ljava/awt/event/ActionEvent;)V+25
j  javax.swing.AbstractButton.fireActionPerformed(Ljava/awt/event/ActionEvent;)V+83 java.desktop@11.0.2
j  ui.utils.swing.b.E.fireActionPerformed(Ljava/awt/event/ActionEvent;)V+7
j  javax.swing.AbstractButton$Handler.actionPerformed(Ljava/awt/event/ActionEvent;)V+5 java.desktop@11.0.2
j  javax.swing.DefaultButtonModel.fireActionPerformed(Ljava/awt/event/ActionEvent;)V+34 java.desktop@11.0.2
J 27742 c1 javax.swing.DefaultButtonModel.setPressed(Z)V java.desktop@11.0.2 (125 bytes) @ 0x000002308972bb24 [0x000002308972ab80+0x0000000000000fa4]
j  javax.swing.plaf.basic.BasicButtonListener.mouseReleased(Ljava/awt/event/MouseEvent;)V+35 java.desktop@11.0.2
j  com.jidesoft.plaf.basic.BasicJideButtonListener.mouseReleased(Ljava/awt/event/MouseEvent;)V+61
J 26029 c1 java.awt.AWTEventMulticaster.mouseReleased(Ljava/awt/event/MouseEvent;)V java.desktop@11.0.2 (27 bytes) @ 0x000002308ba611ac [0x000002308ba60f80+0x000000000000022c]
J 26029 c1 java.awt.AWTEventMulticaster.mouseReleased(Ljava/awt/event/MouseEvent;)V java.desktop@11.0.2 (27 bytes) @ 0x000002308ba611ac [0x000002308ba60f80+0x000000000000022c]
J 26029 c1 java.awt.AWTEventMulticaster.mouseReleased(Ljava/awt/event/MouseEvent;)V java.desktop@11.0.2 (27 bytes) @ 0x000002308ba611ac [0x000002308ba60f80+0x000000000000022c]
J 26029 c1 java.awt.AWTEventMulticaster.mouseReleased(Ljava/awt/event/MouseEvent;)V java.desktop@11.0.2 (27 bytes) @ 0x000002308ba611ac [0x000002308ba60f80+0x000000000000022c]
J 30739 c2 javax.swing.JComponent.processMouseEvent(Ljava/awt/event/MouseEvent;)V java.desktop@11.0.2 (27 bytes) @ 0x0000023090aad658 [0x0000023090aad460+0x00000000000001f8]
J 28815 c2 java.awt.Container.processEvent(Ljava/awt/AWTEvent;)V java.desktop@11.0.2 (22 bytes) @ 0x0000023091802aec [0x0000023091802920+0x00000000000001cc]
J 29431 c2 java.awt.Component.dispatchEventImpl(Ljava/awt/AWTEvent;)V java.desktop@11.0.2 (777 bytes) @ 0x00000230911157dc [0x0000023091114e20+0x00000000000009bc]
J 26238 c2 java.awt.Container.dispatchEventImpl(Ljava/awt/AWTEvent;)V java.desktop@11.0.2 (129 bytes) @ 0x00000230915f0784 [0x00000230915f0440+0x0000000000000344]
J 25769 c2 java.awt.LightweightDispatcher.retargetMouseEvent(Ljava/awt/Component;ILjava/awt/event/MouseEvent;)V java.desktop@11.0.2 (372 bytes) @ 0x000002309150ef24 [0x000002309150eb00+0x0000000000000424]
J 26238 c2 java.awt.Container.dispatchEventImpl(Ljava/awt/AWTEvent;)V java.desktop@11.0.2 (129 bytes) @ 0x00000230915f1c00 [0x00000230915f0440+0x00000000000017c0]
J 20907 c2 java.awt.Window.dispatchEventImpl(Ljava/awt/AWTEvent;)V java.desktop@11.0.2 (23 bytes) @ 0x00000230910d070c [0x00000230910d06c0+0x000000000000004c]
J 13052 c2 java.awt.EventQueue$4.run()Ljava/lang/Object; java.desktop@11.0.2 (5 bytes) @ 0x00000230902725b0 [0x0000023090272460+0x0000000000000150]
v  ~StubRoutines::call_stub
J 4676  java.security.AccessController.doPrivileged(Ljava/security/PrivilegedAction;Ljava/security/AccessControlContext;)Ljava/lang/Object; java.base@11.0.2 (0 bytes) @ 0x000002309009eeb6 [0x000002309009ee40+0x0000000000000076]
J 16881 c2 java.awt.EventQueue$5.run()Ljava/lang/Object; java.desktop@11.0.2 (5 bytes) @ 0x0000023090d3e074 [0x0000023090d3de00+0x0000000000000274]
v  ~StubRoutines::call_stub
J 4676  java.security.AccessController.doPrivileged(Ljava/security/PrivilegedAction;Ljava/security/AccessControlContext;)Ljava/lang/Object; java.base@11.0.2 (0 bytes) @ 0x000002309009eeb6 [0x000002309009ee40+0x0000000000000076]
J 13051 c2 java.awt.EventQueue.dispatchEvent(Ljava/awt/AWTEvent;)V java.desktop@11.0.2 (80 bytes) @ 0x00000230902dd54c [0x00000230902dcfc0+0x000000000000058c]
J 26184 c2 java.awt.EventDispatchThread.pumpOneEventForFilters(I)V java.desktop@11.0.2 (113 bytes) @ 0x00000230915d70e8 [0x00000230915d6da0+0x0000000000000348]
J 20557% c2 java.awt.EventDispatchThread.pumpEventsForFilter(ILjava/awt/Conditional;Ljava/awt/EventFilter;)V java.desktop@11.0.2 (47 bytes) @ 0x0000023090fd0dd8 [0x0000023090fd0cc0+0x0000000000000118]
j  java.awt.EventDispatchThread.pumpEventsForHierarchy(ILjava/awt/Conditional;Ljava/awt/Component;)V+11 java.desktop@11.0.2
j  java.awt.EventDispatchThread.pumpEvents(ILjava/awt/Conditional;)V+4 java.desktop@11.0.2
j  java.awt.EventDispatchThread.pumpEvents(Ljava/awt/Conditional;)V+3 java.desktop@11.0.2
j  java.awt.EventDispatchThread.run()V+9 java.desktop@11.0.2
v  ~StubRoutines::call_stub

siginfo: EXCEPTION_ACCESS_VIOLATION (0xc0000005), reading address 0x0000000000000044


Register to memory mapping:

RIP=0x00007ffbdfa81049 points into unknown readable memory: 83 79 44 00 75 07 33
RAX=0x00006b7fb45a2e95 is an unknown value
RBX=0x00000230ffb78310 points into unknown readable memory: a0 8e b7 ff 30 02 00 00
RCX=0x0 is NULL
RDX=0x00000230d35a9450 points into unknown readable memory: c0 4b aa df fb 7f 00 00
RSP=0x00000046e9af36c0 is pointing into the stack for thread: 0x00000230a813c800
RBP=0x0 is NULL
RSI=0x00000230d35a9450 points into unknown readable memory: c0 4b aa df fb 7f 00 00
RDI=0x0 is NULL
R8 =0x00000046e9af3750 is pointing into the stack for thread: 0x00000230a813c800
R9 =0x0000000000000018 is an unknown value
R10=0x0 is NULL
R11=0xfff590000000000f is an unknown value
R12=0x0000000000000001 is an unknown value
R13=0x00007ffbdfaa8e50 points into unknown readable memory: d0 2f a8 df fb 7f 00 00
R14=0x00000230ea2cd490 points into unknown readable memory: 50 94 5a d3 30 02 00 00
R15=0x00000046e9af3750 is pointing into the stack for thread: 0x00000230a813c800


Registers:
RAX=0x00006b7fb45a2e95, RBX=0x00000230ffb78310, RCX=0x0000000000000000, RDX=0x00000230d35a9450
RSP=0x00000046e9af36c0, RBP=0x0000000000000000, RSI=0x00000230d35a9450, RDI=0x0000000000000000
R8 =0x00000046e9af3750, R9 =0x0000000000000018, R10=0x0000000000000000, R11=0xfff590000000000f
R12=0x0000000000000001, R13=0x00007ffbdfaa8e50, R14=0x00000230ea2cd490, R15=0x00000046e9af3750
RIP=0x00007ffbdfa81049, EFLAGS=0x0000000000010206

Top of Stack: (sp=0x00000046e9af36c0)
0x00000046e9af36c0:   00000046e9af4a90 00000046e9af3ae0
0x00000046e9af36d0:   0000000000000000 00007ffc6ffd3dab
0x00000046e9af36e0:   000063f1ce9a444b 00000046e9af4a90
0x00000046e9af36f0:   fffffffffffffffe 00000046e9af38c8
0x00000046e9af3700:   00007ffb96d69920 00000046e9af3ae0
0x00000046e9af3710:   00000230c29d2bc0 00000230ea2cd490
0x00000046e9af3720:   00000230ea2cd490 00007ffbdfa92487
0x00000046e9af3730:   0000000000000002 00000230ffb78310
0x00000046e9af3740:   00000230d0a0f9e0 00000046e9af3ae0
0x00000046e9af3750:   00000046e9af3ba0 00000046e9af4160
0x00000046e9af3760:   0000002280000029 0000000000000000
0x00000046e9af3770:   0000000000000000 000000000000000f
0x00000046e9af3780:   00007ffc5be64520 00000046e9af38c8
0x00000046e9af3790:   00007ffb96c96990 0000000000000001
0x00000046e9af37a0:   00000046e9af42d0 00007ffb96d69920
0x00000046e9af37b0:   00000046e9af4a90 0000000000000000 

Instructions: (pc=0x00007ffbdfa81049)
0x00007ffbdfa81029:   50 48 c7 44 24 30 fe ff ff ff 48 89 5c 24 78 48
0x00007ffbdfa81039:   89 b4 24 80 00 00 00 4d 8b f8 48 8b f2 48 8b f9
0x00007ffbdfa81049:   83 79 44 00 75 07 33 c0 e9 d1 00 00 00 48 8b 41
0x00007ffbdfa81059:   48 8b 10 48 03 51 28 48 8d 4c 24 38 e8 66 eb ff 


Stack slot to memory mapping:
stack at sp + 0 slots: 0x00000046e9af4a90 is pointing into the stack for thread: 0x00000230a813c800
stack at sp + 1 slots: 0x00000046e9af3ae0 is pointing into the stack for thread: 0x00000230a813c800
stack at sp + 2 slots: 0x0 is NULL
stack at sp + 3 slots: 0x00007ffc6ffd3dab KERNELBASE.dll
stack at sp + 4 slots: 0x000063f1ce9a444b is an unknown value
stack at sp + 5 slots: 0x00000046e9af4a90 is pointing into the stack for thread: 0x00000230a813c800
stack at sp + 6 slots: 0xfffffffffffffffe is an unknown value
stack at sp + 7 slots: 0x00000046e9af38c8 is pointing into the stack for thread: 0x00000230a813c800


---------------  P R O C E S S  ---------------

Threads class SMR info:
_java_thread_list=0x00000230ef45dfb0, length=46, elements={
0x000002309ae5c800, 0x00000230b5131800, 0x00000230b4e3b800, 0x00000230b4fbf000,
0x00000230b3d5d000, 0x00000230b3d5d800, 0x00000230f9ded800, 0x00000230f9df0800,
0x00000230b423d000, 0x00000230b58ab800, 0x00000230a5fa8800, 0x00000230a608d000,
0x00000230a5fdc800, 0x00000230a6170800, 0x00000230a813c800, 0x00000230a626a800,
0x00000230a8de4000, 0x00000230a679e800, 0x00000230a6906000, 0x00000230a6903000,
0x00000230a6908000, 0x00000230a6908800, 0x00000230a639a000, 0x00000230a63a0800,
0x00000230a63a3000, 0x00000230a63a7000, 0x00000230a63a3800, 0x00000230a639a800,
0x00000230a639e000, 0x00000230a6903800, 0x00000230a63a2000, 0x00000230a639f800,
0x00000230a639c800, 0x00000230a63a4800, 0x00000230a63a1800, 0x00000230a63a5800,
0x00000230dcd46800, 0x00000230dcd49000, 0x00000230dcd4a000, 0x00000230dcd48800,
0x00000230dcd4d800, 0x00000230eb837800, 0x00000230eb839800, 0x00000230eb836000,
0x00000230eb837000, 0x00000230a6904800
}

Java Threads: ( => current thread )
  0x000002309ae5c800 JavaThread "main" [_thread_blocked, id=14364, stack(0x00000046e4a00000,0x00000046e4b00000)]
  0x00000230b5131800 JavaThread "Reference Handler" daemon [_thread_blocked, id=13544, stack(0x00000046e5100000,0x00000046e5600000)]
  0x00000230b4e3b800 JavaThread "Finalizer" daemon [_thread_blocked, id=5836, stack(0x00000046e5600000,0x00000046e5b00000)]
  0x00000230b4fbf000 JavaThread "Signal Dispatcher" daemon [_thread_blocked, id=21140, stack(0x00000046e5b00000,0x00000046e6000000)]
  0x00000230b3d5d000 JavaThread "Attach Listener" daemon [_thread_blocked, id=10004, stack(0x00000046e6000000,0x00000046e6500000)]
  0x00000230b3d5d800 JavaThread "C2 CompilerThread0" daemon [_thread_blocked, id=17860, stack(0x00000046e6500000,0x00000046e6600000)]
  0x00000230f9ded800 JavaThread "C1 CompilerThread0" daemon [_thread_blocked, id=15700, stack(0x00000046e6600000,0x00000046e6700000)]
  0x00000230f9df0800 JavaThread "Sweeper thread" daemon [_thread_blocked, id=11180, stack(0x00000046e6700000,0x00000046e6c00000)]
  0x00000230b423d000 JavaThread "Common-Cleaner" daemon [_thread_blocked, id=1416, stack(0x00000046e7000000,0x00000046e7500000)]
  0x00000230b58ab800 JavaThread "Service Thread" daemon [_thread_blocked, id=19320, stack(0x00000046e7500000,0x00000046e7a00000)]
  0x00000230a5fa8800 JavaThread "Java2D Disposer" daemon [_thread_blocked, id=15864, stack(0x00000046e7b00000,0x00000046e8000000)]
  0x00000230a608d000 JavaThread "AWT-Shutdown" [_thread_blocked, id=11392, stack(0x00000046e8000000,0x00000046e8500000)]
  0x00000230a5fdc800 JavaThread "AWT-Windows" daemon [_thread_in_native, id=14468, stack(0x00000046e8500000,0x00000046e8a00000)]
  0x00000230a6170800 JavaThread "TimerQueue" daemon [_thread_blocked, id=11024, stack(0x00000046e8a00000,0x00000046e8f00000)]
=>0x00000230a813c800 JavaThread "AWT-EventQueue-0" [_thread_in_native, id=4224, stack(0x00000046e9600000,0x00000046e9b00000)]
  0x00000230a626a800 JavaThread "Thread-1" [_thread_in_native, id=21820, stack(0x00000046e3400000,0x00000046e4800000)]
  0x00000230a8de4000 JavaThread "Process Messages Thread" [_thread_blocked, id=13228, stack(0x00000046ea000000,0x00000046ea500000)]
  0x00000230a679e800 JavaThread "Batik CleanerThread" daemon [_thread_blocked, id=15300, stack(0x00000046e9b00000,0x00000046ea000000)]
  0x00000230a6906000 JavaThread "SyntheticaCleanerThread" daemon [_thread_blocked, id=21128, stack(0x00000046ebc00000,0x00000046ec100000)]
  0x00000230a6903000 JavaThread "Monitor HEventQueue Thread" [_thread_blocked, id=13596, stack(0x00000046ec100000,0x00000046ec600000)]
  0x00000230a6908000 JavaThread "SyntheticaAnimation 50" daemon [_thread_blocked, id=18300, stack(0x00000046ec600000,0x00000046ecb00000)]
  0x00000230a6908800 JavaThread "SyntheticaAnimation 25" daemon [_thread_blocked, id=1008, stack(0x00000046ecc00000,0x00000046ed100000)]
  0x00000230a639a000 JavaThread "SyntheticaAnimation 70" daemon [_thread_blocked, id=22432, stack(0x00000046e8f00000,0x00000046e9400000)]
  0x00000230a63a0800 JavaThread "hw_ila_monitor" [_thread_blocked, id=14304, stack(0x00000046ed800000,0x00000046edd00000)]
  0x00000230a63a3000 JavaThread "pool-1-thread-1" [_thread_blocked, id=9960, stack(0x00000046ee700000,0x00000046eec00000)]
  0x00000230a63a7000 JavaThread "pool-2-thread-1" [_thread_blocked, id=13520, stack(0x00000046eec00000,0x00000046ef100000)]
  0x00000230a63a3800 JavaThread "pool-3-thread-1" [_thread_blocked, id=9276, stack(0x00000046ef100000,0x00000046ef600000)]
  0x00000230a639a800 JavaThread "SyntheticaAnimation 50" daemon [_thread_blocked, id=280, stack(0x00000046eb200000,0x00000046eb700000)]
  0x00000230a639e000 JavaThread "Swing-Shell" daemon [_thread_blocked, id=9264, stack(0x00000046ed300000,0x00000046ed800000)]
  0x00000230a6903800 JavaThread "Refresh Filesets Swing Worker Thread" [_thread_blocked, id=16572, stack(0x00000046ee200000,0x00000046ee700000)]
  0x00000230a63a2000 JavaThread "pool-5-thread-1" [_thread_blocked, id=3572, stack(0x00000046efb00000,0x00000046f0000000)]
  0x00000230a639f800 JavaThread "pool-6-thread-1" [_thread_blocked, id=10964, stack(0x00000046f0000000,0x00000046f0500000)]
  0x00000230a639c800 JavaThread "pool-7-thread-1" [_thread_blocked, id=18820, stack(0x00000046f0500000,0x00000046f0a00000)]
  0x00000230a63a4800 JavaThread "Update Runs Swing Worker Thread" [_thread_blocked, id=11776, stack(0x00000046f0a00000,0x00000046f0f00000)]
  0x00000230a63a1800 JavaThread "Thread-942" [_thread_in_native, id=1308, stack(0x00000046e3200000,0x00000046e3300000)]
  0x00000230a63a5800 JavaThread "Thread-943" [_thread_in_native, id=14760, stack(0x00000046e3000000,0x00000046e3100000)]
  0x00000230dcd46800 JavaThread "SyntheticaAnimation 50" daemon [_thread_blocked, id=18492, stack(0x00000046edd00000,0x00000046ee200000)]
  0x00000230dcd49000 JavaThread "Thread-6746" [_thread_in_native, id=12368, stack(0x00000046e6e00000,0x00000046e6f00000)]
  0x00000230dcd4a000 JavaThread "Thread-6747" [_thread_in_native, id=11204, stack(0x00000046e6d00000,0x00000046e6e00000)]
  0x00000230dcd48800 JavaThread "Thread-7128" [_thread_in_native, id=22032, stack(0x00000046e6e00000,0x00000046e6f00000)]
  0x00000230dcd4d800 JavaThread "Thread-7129" [_thread_in_native, id=16840, stack(0x00000046e6d00000,0x00000046e6e00000)]
  0x00000230eb837800 JavaThread "Thread-7525" [_thread_in_native, id=19624, stack(0x00000046e6d00000,0x00000046e6e00000)]
  0x00000230eb839800 JavaThread "Timer-0" [_thread_blocked, id=5556, stack(0x00000046ef600000,0x00000046efb00000)]
  0x00000230eb836000 JavaThread "Monitor File Timestamp Swing Worker Thread" [_thread_blocked, id=8064, stack(0x00000046f0f00000,0x00000046f1400000)]
  0x00000230eb837000 JavaThread "Thread-9290" [_thread_in_native, id=6388, stack(0x00000046eb700000,0x00000046eb800000)]
  0x00000230a6904800 JavaThread "Relaunch Simulation Thread" [_thread_blocked, id=9228, stack(0x00000046f1400000,0x00000046f1900000)]

Other Threads:
  0x00000230b4add800 VMThread "VM Thread" [stack: 0x00000046e5000000,0x00000046e5100000] [id=21976]
  0x00000230f9b02000 WatcherThread [stack: 0x00000046e7a00000,0x00000046e7b00000] [id=9896]
  0x00000230b4645800 GCTaskThread "GC Thread#0" [stack: 0x00000046e4b00000,0x00000046e4c00000] [id=11284]
  0x00000230a62c1800 GCTaskThread "GC Thread#1" [stack: 0x00000046ea500000,0x00000046ea600000] [id=12284]
  0x00000230a62c2000 GCTaskThread "GC Thread#2" [stack: 0x00000046ea600000,0x00000046ea700000] [id=19572]
  0x00000230a88a8800 GCTaskThread "GC Thread#3" [stack: 0x00000046ea700000,0x00000046ea800000] [id=15256]
  0x00000230a88a9800 GCTaskThread "GC Thread#4" [stack: 0x00000046ea800000,0x00000046ea900000] [id=14688]
  0x00000230a6974000 GCTaskThread "GC Thread#5" [stack: 0x00000046ea900000,0x00000046eaa00000] [id=10012]
  0x00000230a5f45000 GCTaskThread "GC Thread#6" [stack: 0x00000046eaa00000,0x00000046eab00000] [id=6716]
  0x00000230a5f49000 GCTaskThread "GC Thread#7" [stack: 0x00000046eab00000,0x00000046eac00000] [id=19132]
  0x00000230a5f47000 GCTaskThread "GC Thread#8" [stack: 0x00000046eac00000,0x00000046ead00000] [id=17200]
  0x00000230a5f44000 GCTaskThread "GC Thread#9" [stack: 0x00000046ead00000,0x00000046eae00000] [id=4024]
  0x00000230a5f48000 GCTaskThread "GC Thread#10" [stack: 0x00000046eae00000,0x00000046eaf00000] [id=9612]
  0x00000230a5f48800 GCTaskThread "GC Thread#11" [stack: 0x00000046eaf00000,0x00000046eb000000] [id=21180]
  0x00000230a5f46800 GCTaskThread "GC Thread#12" [stack: 0x00000046ed200000,0x00000046ed300000] [id=8532]
  0x000002309af5b800 ConcurrentGCThread "G1 Main Marker" [stack: 0x00000046e4c00000,0x00000046e4d00000] [id=400]
  0x000002309a322800 ConcurrentGCThread "G1 Conc#0" [stack: 0x00000046e4d00000,0x00000046e4e00000] [id=7832]
  0x00000230a5f4a000 ConcurrentGCThread "G1 Conc#1" [stack: 0x00000046eb000000,0x00000046eb100000] [id=17192]
  0x00000230a5f4a800 ConcurrentGCThread "G1 Conc#2" [stack: 0x00000046eb100000,0x00000046eb200000] [id=5260]
  0x00000230b461c800 ConcurrentGCThread "G1 Refine#0" [stack: 0x00000046e4e00000,0x00000046e4f00000] [id=11412]
  0x00000230a8623800 ConcurrentGCThread "G1 Refine#1" [stack: 0x00000046ebb00000,0x00000046ebc00000] [id=8864]
  0x00000230adca4000 ConcurrentGCThread "G1 Refine#2" [stack: 0x00000046ecb00000,0x00000046ecc00000] [id=3740]
  0x00000230ad18e800 ConcurrentGCThread "G1 Refine#3" [stack: 0x00000046e6c00000,0x00000046e6d00000] [id=12860]
  0x00000230b4f3b800 ConcurrentGCThread "G1 Young RemSet Sampling" [stack: 0x00000046e4f00000,0x00000046e5000000] [id=19124]

Threads with active compile tasks:

VM state:not at safepoint (normal execution)

VM Mutex/Monitor currently owned by a thread: None

Heap address: 0x0000000740000000, size: 3072 MB, Compressed Oops mode: Zero based, Oop shift amount: 3
Narrow klass base: 0x0000000800000000, Narrow klass shift: 0
Compressed class space size: 1073741824 Address: 0x0000000800000000

Heap:
 garbage-first heap   total 321536K, used 202966K [0x0000000740000000, 0x0000000800000000)
  region size 1024K, 55 young (56320K), 1 survivors (1024K)
 Metaspace       used 114277K, capacity 115876K, committed 118224K, reserved 1150976K
  class space    used 15965K, capacity 16606K, committed 17536K, reserved 1048576K
Heap Regions: E=young(eden), S=young(survivor), O=old, HS=humongous(starts), HC=humongous(continues), CS=collection set, F=free, A=archive, TAMS=top-at-mark-start (previous, next)
|   0|0x0000000740000000, 0x0000000740100000, 0x0000000740100000|100%|HS|  |TAMS 0x0000000740000000, 0x0000000740000000| Untracked 
|   1|0x0000000740100000, 0x0000000740200000, 0x0000000740200000|100%|HC|  |TAMS 0x0000000740100000, 0x0000000740100000| Untracked 
|   2|0x0000000740200000, 0x0000000740300000, 0x0000000740300000|100%|HS|  |TAMS 0x0000000740200000, 0x0000000740200000| Untracked 
|   3|0x0000000740300000, 0x00000007403fffd0, 0x0000000740400000| 99%| O|  |TAMS 0x0000000740300000, 0x0000000740300000| Untracked 
|   4|0x0000000740400000, 0x0000000740500000, 0x0000000740500000|100%| O|  |TAMS 0x0000000740400000, 0x0000000740400000| Untracked 
|   5|0x0000000740500000, 0x0000000740600000, 0x0000000740600000|100%| O|  |TAMS 0x0000000740500000, 0x0000000740500000| Untracked 
|   6|0x0000000740600000, 0x00000007406ffff0, 0x0000000740700000| 99%| O|  |TAMS 0x0000000740600000, 0x0000000740600000| Untracked 
|   7|0x0000000740700000, 0x0000000740800000, 0x0000000740800000|100%| O|  |TAMS 0x0000000740700000, 0x0000000740700000| Untracked 
|   8|0x0000000740800000, 0x00000007408ffff0, 0x0000000740900000| 99%| O|  |TAMS 0x0000000740800000, 0x0000000740800000| Untracked 
|   9|0x0000000740900000, 0x00000007409ffff0, 0x0000000740a00000| 99%| O|  |TAMS 0x0000000740900000, 0x0000000740900000| Untracked 
|  10|0x0000000740a00000, 0x0000000740b00000, 0x0000000740b00000|100%| O|  |TAMS 0x0000000740a00000, 0x0000000740a00000| Untracked 
|  11|0x0000000740b00000, 0x0000000740c00000, 0x0000000740c00000|100%| O|  |TAMS 0x0000000740b00000, 0x0000000740b00000| Untracked 
|  12|0x0000000740c00000, 0x0000000740cffff8, 0x0000000740d00000| 99%| O|  |TAMS 0x0000000740c00000, 0x0000000740c00000| Untracked 
|  13|0x0000000740d00000, 0x0000000740e00000, 0x0000000740e00000|100%| O|  |TAMS 0x0000000740d00000, 0x0000000740d00000| Untracked 
|  14|0x0000000740e00000, 0x0000000740f00000, 0x0000000740f00000|100%| O|  |TAMS 0x0000000740e00000, 0x0000000740e00000| Untracked 
|  15|0x0000000740f00000, 0x0000000741000000, 0x0000000741000000|100%| O|  |TAMS 0x0000000740f00000, 0x0000000740f00000| Untracked 
|  16|0x0000000741000000, 0x00000007410ffff0, 0x0000000741100000| 99%| O|  |TAMS 0x0000000741000000, 0x0000000741000000| Untracked 
|  17|0x0000000741100000, 0x0000000741200000, 0x0000000741200000|100%| O|  |TAMS 0x0000000741100000, 0x0000000741100000| Untracked 
|  18|0x0000000741200000, 0x00000007412ffff8, 0x0000000741300000| 99%| O|  |TAMS 0x0000000741200000, 0x0000000741200000| Untracked 
|  19|0x0000000741300000, 0x00000007413ffff8, 0x0000000741400000| 99%| O|  |TAMS 0x0000000741300000, 0x0000000741300000| Untracked 
|  20|0x0000000741400000, 0x00000007414ffff8, 0x0000000741500000| 99%| O|  |TAMS 0x0000000741400000, 0x0000000741400000| Untracked 
|  21|0x0000000741500000, 0x00000007415ffff0, 0x0000000741600000| 99%| O|  |TAMS 0x0000000741500000, 0x0000000741500000| Untracked 
|  22|0x0000000741600000, 0x0000000741700000, 0x0000000741700000|100%| O|  |TAMS 0x0000000741600000, 0x0000000741600000| Untracked 
|  23|0x0000000741700000, 0x0000000741800000, 0x0000000741800000|100%| O|  |TAMS 0x0000000741700000, 0x0000000741700000| Untracked 
|  24|0x0000000741800000, 0x00000007418ffff0, 0x0000000741900000| 99%| O|  |TAMS 0x0000000741800000, 0x0000000741800000| Untracked 
|  25|0x0000000741900000, 0x00000007419ffff0, 0x0000000741a00000| 99%| O|  |TAMS 0x0000000741900000, 0x0000000741900000| Untracked 
|  26|0x0000000741a00000, 0x0000000741afffe8, 0x0000000741b00000| 99%| O|  |TAMS 0x0000000741a00000, 0x0000000741a00000| Untracked 
|  27|0x0000000741b00000, 0x0000000741bfffe8, 0x0000000741c00000| 99%| O|  |TAMS 0x0000000741b00000, 0x0000000741b00000| Untracked 
|  28|0x0000000741c00000, 0x0000000741cffff0, 0x0000000741d00000| 99%| O|  |TAMS 0x0000000741c00000, 0x0000000741c00000| Untracked 
|  29|0x0000000741d00000, 0x0000000741e00000, 0x0000000741e00000|100%| O|  |TAMS 0x0000000741d00000, 0x0000000741d00000| Untracked 
|  30|0x0000000741e00000, 0x0000000741f00000, 0x0000000741f00000|100%| O|  |TAMS 0x0000000741e00000, 0x0000000741e00000| Untracked 
|  31|0x0000000741f00000, 0x0000000741fffff8, 0x0000000742000000| 99%| O|  |TAMS 0x0000000741f00000, 0x0000000741f00000| Untracked 
|  32|0x0000000742000000, 0x0000000742100000, 0x0000000742100000|100%| O|  |TAMS 0x0000000742000000, 0x0000000742000000| Untracked 
|  33|0x0000000742100000, 0x0000000742200000, 0x0000000742200000|100%| O|  |TAMS 0x0000000742100000, 0x0000000742100000| Untracked 
|  34|0x0000000742200000, 0x00000007422ffff0, 0x0000000742300000| 99%| O|  |TAMS 0x0000000742200000, 0x0000000742200000| Untracked 
|  35|0x0000000742300000, 0x00000007423ffff0, 0x0000000742400000| 99%| O|  |TAMS 0x0000000742300000, 0x0000000742300000| Untracked 
|  36|0x0000000742400000, 0x0000000742500000, 0x0000000742500000|100%| O|  |TAMS 0x0000000742400000, 0x0000000742400000| Untracked 
|  37|0x0000000742500000, 0x00000007425ffff0, 0x0000000742600000| 99%| O|  |TAMS 0x0000000742500000, 0x0000000742500000| Untracked 
|  38|0x0000000742600000, 0x0000000742700000, 0x0000000742700000|100%| O|  |TAMS 0x0000000742600000, 0x0000000742600000| Untracked 
|  39|0x0000000742700000, 0x00000007427ffff8, 0x0000000742800000| 99%| O|  |TAMS 0x0000000742700000, 0x0000000742700000| Untracked 
|  40|0x0000000742800000, 0x00000007428ffff8, 0x0000000742900000| 99%| O|  |TAMS 0x0000000742800000, 0x0000000742800000| Untracked 
|  41|0x0000000742900000, 0x00000007429ffff8, 0x0000000742a00000| 99%| O|  |TAMS 0x0000000742900000, 0x0000000742900000| Untracked 
|  42|0x0000000742a00000, 0x0000000742b00000, 0x0000000742b00000|100%|HS|  |TAMS 0x0000000742a00000, 0x0000000742a00000| Untracked 
|  43|0x0000000742b00000, 0x0000000742bffff0, 0x0000000742c00000| 99%| O|  |TAMS 0x0000000742b00000, 0x0000000742b00000| Untracked 
|  44|0x0000000742c00000, 0x0000000742cffff8, 0x0000000742d00000| 99%| O|  |TAMS 0x0000000742c00000, 0x0000000742c00000| Untracked 
|  45|0x0000000742d00000, 0x0000000742dffff8, 0x0000000742e00000| 99%| O|  |TAMS 0x0000000742d00000, 0x0000000742d00000| Untracked 
|  46|0x0000000742e00000, 0x0000000742effff8, 0x0000000742f00000| 99%| O|  |TAMS 0x0000000742e00000, 0x0000000742e00000| Untracked 
|  47|0x0000000742f00000, 0x0000000742ffffe8, 0x0000000743000000| 99%| O|  |TAMS 0x0000000742f00000, 0x0000000742f00000| Untracked 
|  48|0x0000000743000000, 0x0000000743100000, 0x0000000743100000|100%| O|  |TAMS 0x0000000743000000, 0x0000000743000000| Untracked 
|  49|0x0000000743100000, 0x00000007431ffff0, 0x0000000743200000| 99%| O|  |TAMS 0x0000000743100000, 0x0000000743100000| Untracked 
|  50|0x0000000743200000, 0x0000000743300000, 0x0000000743300000|100%| O|  |TAMS 0x0000000743200000, 0x0000000743200000| Untracked 
|  51|0x0000000743300000, 0x00000007433fffe8, 0x0000000743400000| 99%| O|  |TAMS 0x0000000743300000, 0x0000000743300000| Untracked 
|  52|0x0000000743400000, 0x00000007434fffd8, 0x0000000743500000| 99%| O|  |TAMS 0x0000000743400000, 0x0000000743400000| Untracked 
|  53|0x0000000743500000, 0x0000000743600000, 0x0000000743600000|100%| O|  |TAMS 0x0000000743500000, 0x0000000743500000| Untracked 
|  54|0x0000000743600000, 0x00000007436fffd0, 0x0000000743700000| 99%| O|  |TAMS 0x0000000743600000, 0x0000000743600000| Untracked 
|  55|0x0000000743700000, 0x00000007437ffff8, 0x0000000743800000| 99%| O|  |TAMS 0x0000000743700000, 0x0000000743700000| Untracked 
|  56|0x0000000743800000, 0x00000007438ffff0, 0x0000000743900000| 99%| O|  |TAMS 0x0000000743800000, 0x0000000743800000| Untracked 
|  57|0x0000000743900000, 0x00000007439ffff8, 0x0000000743a00000| 99%| O|  |TAMS 0x0000000743900000, 0x0000000743900000| Untracked 
|  58|0x0000000743a00000, 0x0000000743b00000, 0x0000000743b00000|100%| O|  |TAMS 0x0000000743a00000, 0x0000000743a00000| Untracked 
|  59|0x0000000743b00000, 0x0000000743bffff8, 0x0000000743c00000| 99%| O|  |TAMS 0x0000000743b00000, 0x0000000743b00000| Untracked 
|  60|0x0000000743c00000, 0x0000000743cffff8, 0x0000000743d00000| 99%| O|  |TAMS 0x0000000743c00000, 0x0000000743c00000| Untracked 
|  61|0x0000000743d00000, 0x0000000743dfffd0, 0x0000000743e00000| 99%| O|  |TAMS 0x0000000743d00000, 0x0000000743d00000| Untracked 
|  62|0x0000000743e00000, 0x0000000743efffc0, 0x0000000743f00000| 99%| O|  |TAMS 0x0000000743e00000, 0x0000000743e00000| Untracked 
|  63|0x0000000743f00000, 0x0000000744000000, 0x0000000744000000|100%| O|  |TAMS 0x0000000743f00000, 0x0000000743f00000| Untracked 
|  64|0x0000000744000000, 0x00000007440ffff0, 0x0000000744100000| 99%| O|  |TAMS 0x0000000744000000, 0x0000000744000000| Untracked 
|  65|0x0000000744100000, 0x00000007441ffff8, 0x0000000744200000| 99%| O|  |TAMS 0x0000000744100000, 0x0000000744100000| Untracked 
|  66|0x0000000744200000, 0x0000000744300000, 0x0000000744300000|100%| O|  |TAMS 0x0000000744200000, 0x0000000744200000| Untracked 
|  67|0x0000000744300000, 0x0000000744400000, 0x0000000744400000|100%| O|  |TAMS 0x0000000744300000, 0x0000000744300000| Untracked 
|  68|0x0000000744400000, 0x00000007444fff00, 0x0000000744500000| 99%| O|  |TAMS 0x0000000744400000, 0x0000000744400000| Untracked 
|  69|0x0000000744500000, 0x00000007445fffe0, 0x0000000744600000| 99%| O|  |TAMS 0x0000000744500000, 0x0000000744500000| Untracked 
|  70|0x0000000744600000, 0x00000007446fffd8, 0x0000000744700000| 99%| O|  |TAMS 0x0000000744600000, 0x0000000744600000| Untracked 
|  71|0x0000000744700000, 0x00000007447fffb0, 0x0000000744800000| 99%| O|  |TAMS 0x0000000744700000, 0x0000000744700000| Untracked 
|  72|0x0000000744800000, 0x00000007448fffe8, 0x0000000744900000| 99%| O|  |TAMS 0x0000000744800000, 0x0000000744800000| Untracked 
|  73|0x0000000744900000, 0x00000007449ffff8, 0x0000000744a00000| 99%| O|  |TAMS 0x0000000744900000, 0x0000000744900000| Untracked 
|  74|0x0000000744a00000, 0x0000000744affff8, 0x0000000744b00000| 99%| O|  |TAMS 0x0000000744a00000, 0x0000000744a00000| Untracked 
|  75|0x0000000744b00000, 0x0000000744c00000, 0x0000000744c00000|100%| O|  |TAMS 0x0000000744b00000, 0x0000000744b00000| Untracked 
|  76|0x0000000744c00000, 0x0000000744cffff0, 0x0000000744d00000| 99%| O|  |TAMS 0x0000000744c00000, 0x0000000744c00000| Untracked 
|  77|0x0000000744d00000, 0x0000000744dffff0, 0x0000000744e00000| 99%| O|  |TAMS 0x0000000744d00000, 0x0000000744d00000| Untracked 
|  78|0x0000000744e00000, 0x0000000744f00000, 0x0000000744f00000|100%| O|  |TAMS 0x0000000744e00000, 0x0000000744e00000| Untracked 
|  79|0x0000000744f00000, 0x0000000744fffff8, 0x0000000745000000| 99%| O|  |TAMS 0x0000000744f00000, 0x0000000744f00000| Untracked 
|  80|0x0000000745000000, 0x00000007450ffff8, 0x0000000745100000| 99%| O|  |TAMS 0x0000000745000000, 0x0000000745000000| Untracked 
|  81|0x0000000745100000, 0x00000007451fff60, 0x0000000745200000| 99%| O|  |TAMS 0x0000000745100000, 0x0000000745100000| Untracked 
|  82|0x0000000745200000, 0x0000000745300000, 0x0000000745300000|100%| O|  |TAMS 0x0000000745200000, 0x0000000745200000| Untracked 
|  83|0x0000000745300000, 0x0000000745400000, 0x0000000745400000|100%| O|  |TAMS 0x0000000745300000, 0x0000000745300000| Untracked 
|  84|0x0000000745400000, 0x0000000745500000, 0x0000000745500000|100%| O|  |TAMS 0x0000000745400000, 0x0000000745400000| Untracked 
|  85|0x0000000745500000, 0x00000007455ffff0, 0x0000000745600000| 99%| O|  |TAMS 0x0000000745500000, 0x0000000745500000| Untracked 
|  86|0x0000000745600000, 0x00000007456fffe0, 0x0000000745700000| 99%| O|  |TAMS 0x0000000745600000, 0x0000000745600000| Untracked 
|  87|0x0000000745700000, 0x0000000745800000, 0x0000000745800000|100%| O|  |TAMS 0x0000000745700000, 0x0000000745700000| Untracked 
|  88|0x0000000745800000, 0x0000000745900000, 0x0000000745900000|100%| O|  |TAMS 0x0000000745800000, 0x0000000745800000| Untracked 
|  89|0x0000000745900000, 0x00000007459ffff0, 0x0000000745a00000| 99%| O|  |TAMS 0x0000000745900000, 0x0000000745900000| Untracked 
|  90|0x0000000745a00000, 0x0000000745affff8, 0x0000000745b00000| 99%| O|  |TAMS 0x0000000745a00000, 0x0000000745a00000| Untracked 
|  91|0x0000000745b00000, 0x0000000745bffff8, 0x0000000745c00000| 99%| O|  |TAMS 0x0000000745b00000, 0x0000000745b00000| Untracked 
|  92|0x0000000745c00000, 0x0000000745d00000, 0x0000000745d00000|100%| O|  |TAMS 0x0000000745c00000, 0x0000000745c00000| Untracked 
|  93|0x0000000745d00000, 0x0000000745dfff70, 0x0000000745e00000| 99%| O|  |TAMS 0x0000000745d00000, 0x0000000745d00000| Untracked 
|  94|0x0000000745e00000, 0x0000000745efffe0, 0x0000000745f00000| 99%| O|  |TAMS 0x0000000745e00000, 0x0000000745e00000| Untracked 
|  95|0x0000000745f00000, 0x0000000745ffffd0, 0x0000000746000000| 99%| O|  |TAMS 0x0000000745f00000, 0x0000000745f00000| Untracked 
|  96|0x0000000746000000, 0x0000000746100000, 0x0000000746100000|100%| O|  |TAMS 0x0000000746000000, 0x0000000746000000| Untracked 
|  97|0x0000000746100000, 0x0000000746200000, 0x0000000746200000|100%| O|  |TAMS 0x0000000746100000, 0x0000000746100000| Untracked 
|  98|0x0000000746200000, 0x00000007462ffee0, 0x0000000746300000| 99%| O|  |TAMS 0x0000000746200000, 0x0000000746200000| Untracked 
|  99|0x0000000746300000, 0x00000007463ffec8, 0x0000000746400000| 99%| O|  |TAMS 0x0000000746300000, 0x0000000746300000| Untracked 
| 100|0x0000000746400000, 0x00000007464ffff0, 0x0000000746500000| 99%| O|  |TAMS 0x0000000746400000, 0x0000000746400000| Untracked 
| 101|0x0000000746500000, 0x0000000746600000, 0x0000000746600000|100%| O|  |TAMS 0x0000000746500000, 0x0000000746500000| Untracked 
| 102|0x0000000746600000, 0x00000007466fffe8, 0x0000000746700000| 99%| O|  |TAMS 0x0000000746600000, 0x0000000746600000| Untracked 
| 103|0x0000000746700000, 0x00000007467fff20, 0x0000000746800000| 99%| O|  |TAMS 0x0000000746700000, 0x0000000746700000| Untracked 
| 104|0x0000000746800000, 0x00000007468fe0b0, 0x0000000746900000| 99%| O|  |TAMS 0x0000000746800000, 0x0000000746800000| Untracked 
| 105|0x0000000746900000, 0x0000000746a00000, 0x0000000746a00000|100%| O|  |TAMS 0x0000000746900000, 0x0000000746900000| Untracked 
| 106|0x0000000746a00000, 0x0000000746affff8, 0x0000000746b00000| 99%| O|  |TAMS 0x0000000746a00000, 0x0000000746a00000| Untracked 
| 107|0x0000000746b00000, 0x0000000746c00000, 0x0000000746c00000|100%| O|  |TAMS 0x0000000746b00000, 0x0000000746b00000| Untracked 
| 108|0x0000000746c00000, 0x0000000746cffff0, 0x0000000746d00000| 99%| O|  |TAMS 0x0000000746c00000, 0x0000000746c00000| Untracked 
| 109|0x0000000746d00000, 0x0000000746e00000, 0x0000000746e00000|100%| O|  |TAMS 0x0000000746d00000, 0x0000000746d00000| Untracked 
| 110|0x0000000746e00000, 0x0000000746effe30, 0x0000000746f00000| 99%| O|  |TAMS 0x0000000746e00000, 0x0000000746e00000| Untracked 
| 111|0x0000000746f00000, 0x0000000746ffffe8, 0x0000000747000000| 99%| O|  |TAMS 0x0000000746f00000, 0x0000000746f00000| Untracked 
| 112|0x0000000747000000, 0x0000000747100000, 0x0000000747100000|100%| O|  |TAMS 0x0000000747000000, 0x0000000747000000| Untracked 
| 113|0x0000000747100000, 0x0000000747200000, 0x0000000747200000|100%| O|  |TAMS 0x0000000747100000, 0x0000000747100000| Untracked 
| 114|0x0000000747200000, 0x00000007472fffa8, 0x0000000747300000| 99%| O|  |TAMS 0x0000000747200000, 0x0000000747200000| Untracked 
| 115|0x0000000747300000, 0x00000007473ffff8, 0x0000000747400000| 99%| O|  |TAMS 0x0000000747300000, 0x0000000747300000| Untracked 
| 116|0x0000000747400000, 0x00000007474fffe8, 0x0000000747500000| 99%| O|  |TAMS 0x0000000747400000, 0x0000000747400000| Untracked 
| 117|0x0000000747500000, 0x0000000747600000, 0x0000000747600000|100%| O|  |TAMS 0x0000000747500000, 0x0000000747500000| Untracked 
| 118|0x0000000747600000, 0x00000007476ffff8, 0x0000000747700000| 99%| O|  |TAMS 0x0000000747600000, 0x0000000747600000| Untracked 
| 119|0x0000000747700000, 0x00000007477ffff0, 0x0000000747800000| 99%| O|  |TAMS 0x0000000747700000, 0x0000000747700000| Untracked 
| 120|0x0000000747800000, 0x00000007478f0828, 0x0000000747900000| 93%| O|  |TAMS 0x0000000747800000, 0x0000000747800000| Untracked 
| 121|0x0000000747900000, 0x00000007479d1b30, 0x0000000747a00000| 81%| O|  |TAMS 0x0000000747900000, 0x0000000747900000| Untracked 
| 122|0x0000000747a00000, 0x0000000747af9340, 0x0000000747b00000| 97%| O|  |TAMS 0x0000000747a00000, 0x0000000747a00000| Untracked 
| 123|0x0000000747b00000, 0x0000000747b80ea0, 0x0000000747c00000| 50%| O|  |TAMS 0x0000000747b00000, 0x0000000747b00000| Untracked 
| 124|0x0000000747c00000, 0x0000000747c5b638, 0x0000000747d00000| 35%| O|  |TAMS 0x0000000747c00000, 0x0000000747c00000| Untracked 
| 125|0x0000000747d00000, 0x0000000747d00000, 0x0000000747e00000|  0%| F|  |TAMS 0x0000000747d00000, 0x0000000747d00000| Untracked 
| 126|0x0000000747e00000, 0x0000000747e00000, 0x0000000747f00000|  0%| F|  |TAMS 0x0000000747e00000, 0x0000000747e00000| Untracked 
| 127|0x0000000747f00000, 0x0000000747f53088, 0x0000000748000000| 32%| O|  |TAMS 0x0000000747f00000, 0x0000000747f00000| Untracked 
| 128|0x0000000748000000, 0x0000000748000000, 0x0000000748100000|  0%| F|  |TAMS 0x0000000748000000, 0x0000000748000000| Untracked 
| 129|0x0000000748100000, 0x000000074817a180, 0x0000000748200000| 47%| O|  |TAMS 0x0000000748100000, 0x0000000748100000| Untracked 
| 130|0x0000000748200000, 0x0000000748200000, 0x0000000748300000|  0%| F|  |TAMS 0x0000000748200000, 0x0000000748200000| Untracked 
| 131|0x0000000748300000, 0x0000000748300000, 0x0000000748400000|  0%| F|  |TAMS 0x0000000748300000, 0x0000000748300000| Untracked 
| 132|0x0000000748400000, 0x0000000748400000, 0x0000000748500000|  0%| F|  |TAMS 0x0000000748400000, 0x0000000748400000| Untracked 
| 133|0x0000000748500000, 0x0000000748500000, 0x0000000748600000|  0%| F|  |TAMS 0x0000000748500000, 0x0000000748500000| Untracked 
| 134|0x0000000748600000, 0x0000000748600000, 0x0000000748700000|  0%| F|  |TAMS 0x0000000748600000, 0x0000000748600000| Untracked 
| 135|0x0000000748700000, 0x0000000748700000, 0x0000000748800000|  0%| F|  |TAMS 0x0000000748700000, 0x0000000748700000| Untracked 
| 136|0x0000000748800000, 0x0000000748800000, 0x0000000748900000|  0%| F|  |TAMS 0x0000000748800000, 0x0000000748800000| Untracked 
| 137|0x0000000748900000, 0x0000000748900000, 0x0000000748a00000|  0%| F|  |TAMS 0x0000000748900000, 0x0000000748900000| Untracked 
| 138|0x0000000748a00000, 0x0000000748a00000, 0x0000000748b00000|  0%| F|  |TAMS 0x0000000748a00000, 0x0000000748a00000| Untracked 
| 139|0x0000000748b00000, 0x0000000748c00000, 0x0000000748c00000|100%|HS|  |TAMS 0x0000000748b00000, 0x0000000748b00000| Untracked 
| 140|0x0000000748c00000, 0x0000000748d00000, 0x0000000748d00000|100%|HC|  |TAMS 0x0000000748c00000, 0x0000000748c00000| Untracked 
| 141|0x0000000748d00000, 0x0000000748e00000, 0x0000000748e00000|100%|HC|  |TAMS 0x0000000748d00000, 0x0000000748d00000| Untracked 
| 142|0x0000000748e00000, 0x0000000748f00000, 0x0000000748f00000|100%|HC|  |TAMS 0x0000000748e00000, 0x0000000748e00000| Untracked 
| 143|0x0000000748f00000, 0x0000000749000000, 0x0000000749000000|100%|HC|  |TAMS 0x0000000748f00000, 0x0000000748f00000| Untracked 
| 144|0x0000000749000000, 0x0000000749100000, 0x0000000749100000|100%|HC|  |TAMS 0x0000000749000000, 0x0000000749000000| Untracked 
| 145|0x0000000749100000, 0x0000000749200000, 0x0000000749200000|100%|HC|  |TAMS 0x0000000749100000, 0x0000000749100000| Untracked 
| 146|0x0000000749200000, 0x0000000749300000, 0x0000000749300000|100%|HC|  |TAMS 0x0000000749200000, 0x0000000749200000| Untracked 
| 147|0x0000000749300000, 0x0000000749400000, 0x0000000749400000|100%|HC|  |TAMS 0x0000000749300000, 0x0000000749300000| Untracked 
| 148|0x0000000749400000, 0x0000000749500000, 0x0000000749500000|100%|HC|  |TAMS 0x0000000749400000, 0x0000000749400000| Untracked 
| 149|0x0000000749500000, 0x0000000749600000, 0x0000000749600000|100%|HC|  |TAMS 0x0000000749500000, 0x0000000749500000| Untracked 
| 150|0x0000000749600000, 0x0000000749700000, 0x0000000749700000|100%|HC|  |TAMS 0x0000000749600000, 0x0000000749600000| Untracked 
| 151|0x0000000749700000, 0x0000000749800000, 0x0000000749800000|100%|HC|  |TAMS 0x0000000749700000, 0x0000000749700000| Untracked 
| 152|0x0000000749800000, 0x0000000749900000, 0x0000000749900000|100%|HC|  |TAMS 0x0000000749800000, 0x0000000749800000| Untracked 
| 153|0x0000000749900000, 0x0000000749900000, 0x0000000749a00000|  0%| F|  |TAMS 0x0000000749900000, 0x0000000749900000| Untracked 
| 154|0x0000000749a00000, 0x0000000749a00000, 0x0000000749b00000|  0%| F|  |TAMS 0x0000000749a00000, 0x0000000749a00000| Untracked 
| 155|0x0000000749b00000, 0x0000000749b00000, 0x0000000749c00000|  0%| F|  |TAMS 0x0000000749b00000, 0x0000000749b00000| Untracked 
| 156|0x0000000749c00000, 0x0000000749c00000, 0x0000000749d00000|  0%| F|  |TAMS 0x0000000749c00000, 0x0000000749c00000| Untracked 
| 157|0x0000000749d00000, 0x0000000749d00000, 0x0000000749e00000|  0%| F|  |TAMS 0x0000000749d00000, 0x0000000749d00000| Untracked 
| 158|0x0000000749e00000, 0x0000000749e00000, 0x0000000749f00000|  0%| F|  |TAMS 0x0000000749e00000, 0x0000000749e00000| Untracked 
| 159|0x0000000749f00000, 0x0000000749f00000, 0x000000074a000000|  0%| F|  |TAMS 0x0000000749f00000, 0x0000000749f00000| Untracked 
| 160|0x000000074a000000, 0x000000074a000000, 0x000000074a100000|  0%| F|  |TAMS 0x000000074a000000, 0x000000074a000000| Untracked 
| 161|0x000000074a100000, 0x000000074a100000, 0x000000074a200000|  0%| F|  |TAMS 0x000000074a100000, 0x000000074a100000| Untracked 
| 162|0x000000074a200000, 0x000000074a200000, 0x000000074a300000|  0%| F|  |TAMS 0x000000074a200000, 0x000000074a200000| Untracked 
| 163|0x000000074a300000, 0x000000074a300000, 0x000000074a400000|  0%| F|  |TAMS 0x000000074a300000, 0x000000074a300000| Untracked 
| 164|0x000000074a400000, 0x000000074a400000, 0x000000074a500000|  0%| F|  |TAMS 0x000000074a400000, 0x000000074a400000| Untracked 
| 165|0x000000074a500000, 0x000000074a500000, 0x000000074a600000|  0%| F|  |TAMS 0x000000074a500000, 0x000000074a500000| Untracked 
| 166|0x000000074a600000, 0x000000074a700000, 0x000000074a700000|100%|HS|  |TAMS 0x000000074a600000, 0x000000074a600000| Untracked 
| 167|0x000000074a700000, 0x000000074a800000, 0x000000074a800000|100%|HC|  |TAMS 0x000000074a700000, 0x000000074a700000| Untracked 
| 168|0x000000074a800000, 0x000000074a900000, 0x000000074a900000|100%|HC|  |TAMS 0x000000074a800000, 0x000000074a800000| Untracked 
| 169|0x000000074a900000, 0x000000074aa00000, 0x000000074aa00000|100%|HC|  |TAMS 0x000000074a900000, 0x000000074a900000| Untracked 
| 170|0x000000074aa00000, 0x000000074ab00000, 0x000000074ab00000|100%|HC|  |TAMS 0x000000074aa00000, 0x000000074aa00000| Untracked 
| 171|0x000000074ab00000, 0x000000074ac00000, 0x000000074ac00000|100%|HC|  |TAMS 0x000000074ab00000, 0x000000074ab00000| Untracked 
| 172|0x000000074ac00000, 0x000000074ac00000, 0x000000074ad00000|  0%| F|  |TAMS 0x000000074ac00000, 0x000000074ac00000| Untracked 
| 173|0x000000074ad00000, 0x000000074ad00000, 0x000000074ae00000|  0%| F|  |TAMS 0x000000074ad00000, 0x000000074ad00000| Untracked 
| 174|0x000000074ae00000, 0x000000074ae00000, 0x000000074af00000|  0%| F|  |TAMS 0x000000074ae00000, 0x000000074ae00000| Untracked 
| 175|0x000000074af00000, 0x000000074af00000, 0x000000074b000000|  0%| F|  |TAMS 0x000000074af00000, 0x000000074af00000| Untracked 
| 176|0x000000074b000000, 0x000000074b000000, 0x000000074b100000|  0%| F|  |TAMS 0x000000074b000000, 0x000000074b000000| Untracked 
| 177|0x000000074b100000, 0x000000074b100000, 0x000000074b200000|  0%| F|  |TAMS 0x000000074b100000, 0x000000074b100000| Untracked 
| 178|0x000000074b200000, 0x000000074b200000, 0x000000074b300000|  0%| F|  |TAMS 0x000000074b200000, 0x000000074b200000| Untracked 
| 179|0x000000074b300000, 0x000000074b300000, 0x000000074b400000|  0%| F|  |TAMS 0x000000074b300000, 0x000000074b300000| Untracked 
| 180|0x000000074b400000, 0x000000074b400000, 0x000000074b500000|  0%| F|  |TAMS 0x000000074b400000, 0x000000074b400000| Untracked 
| 181|0x000000074b500000, 0x000000074b500000, 0x000000074b600000|  0%| F|  |TAMS 0x000000074b500000, 0x000000074b500000| Untracked 
| 182|0x000000074b600000, 0x000000074b600000, 0x000000074b700000|  0%| F|  |TAMS 0x000000074b600000, 0x000000074b600000| Untracked 
| 183|0x000000074b700000, 0x000000074b700000, 0x000000074b800000|  0%| F|  |TAMS 0x000000074b700000, 0x000000074b700000| Untracked 
| 184|0x000000074b800000, 0x000000074b800000, 0x000000074b900000|  0%| F|  |TAMS 0x000000074b800000, 0x000000074b800000| Untracked 
| 185|0x000000074b900000, 0x000000074b900000, 0x000000074ba00000|  0%| F|  |TAMS 0x000000074b900000, 0x000000074b900000| Untracked 
| 186|0x000000074ba00000, 0x000000074ba00000, 0x000000074bb00000|  0%| F|  |TAMS 0x000000074ba00000, 0x000000074ba00000| Untracked 
| 187|0x000000074bb00000, 0x000000074bb00000, 0x000000074bc00000|  0%| F|  |TAMS 0x000000074bb00000, 0x000000074bb00000| Untracked 
| 188|0x000000074bc00000, 0x000000074bc00000, 0x000000074bd00000|  0%| F|  |TAMS 0x000000074bc00000, 0x000000074bc00000| Untracked 
| 189|0x000000074bd00000, 0x000000074bd00000, 0x000000074be00000|  0%| F|  |TAMS 0x000000074bd00000, 0x000000074bd00000| Untracked 
| 190|0x000000074be00000, 0x000000074be00000, 0x000000074bf00000|  0%| F|  |TAMS 0x000000074be00000, 0x000000074be00000| Untracked 
| 191|0x000000074bf00000, 0x000000074bf00000, 0x000000074c000000|  0%| F|  |TAMS 0x000000074bf00000, 0x000000074bf00000| Untracked 
| 192|0x000000074c000000, 0x000000074c000000, 0x000000074c100000|  0%| F|  |TAMS 0x000000074c000000, 0x000000074c000000| Untracked 
| 193|0x000000074c100000, 0x000000074c100000, 0x000000074c200000|  0%| F|  |TAMS 0x000000074c100000, 0x000000074c100000| Untracked 
| 194|0x000000074c200000, 0x000000074c200000, 0x000000074c300000|  0%| F|  |TAMS 0x000000074c200000, 0x000000074c200000| Untracked 
| 195|0x000000074c300000, 0x000000074c300000, 0x000000074c400000|  0%| F|  |TAMS 0x000000074c300000, 0x000000074c300000| Untracked 
| 196|0x000000074c400000, 0x000000074c400000, 0x000000074c500000|  0%| F|  |TAMS 0x000000074c400000, 0x000000074c400000| Untracked 
| 197|0x000000074c500000, 0x000000074c500000, 0x000000074c600000|  0%| F|  |TAMS 0x000000074c500000, 0x000000074c500000| Untracked 
| 198|0x000000074c600000, 0x000000074c600000, 0x000000074c700000|  0%| F|  |TAMS 0x000000074c600000, 0x000000074c600000| Untracked 
| 199|0x000000074c700000, 0x000000074c700000, 0x000000074c800000|  0%| F|  |TAMS 0x000000074c700000, 0x000000074c700000| Untracked 
| 200|0x000000074c800000, 0x000000074c800000, 0x000000074c900000|  0%| F|  |TAMS 0x000000074c800000, 0x000000074c800000| Untracked 
| 201|0x000000074c900000, 0x000000074c900000, 0x000000074ca00000|  0%| F|  |TAMS 0x000000074c900000, 0x000000074c900000| Untracked 
| 202|0x000000074ca00000, 0x000000074ca00000, 0x000000074cb00000|  0%| F|  |TAMS 0x000000074ca00000, 0x000000074ca00000| Untracked 
| 203|0x000000074cb00000, 0x000000074cb00000, 0x000000074cc00000|  0%| F|  |TAMS 0x000000074cb00000, 0x000000074cb00000| Untracked 
| 204|0x000000074cc00000, 0x000000074cc00000, 0x000000074cd00000|  0%| F|  |TAMS 0x000000074cc00000, 0x000000074cc00000| Untracked 
| 205|0x000000074cd00000, 0x000000074cd00000, 0x000000074ce00000|  0%| F|  |TAMS 0x000000074cd00000, 0x000000074cd00000| Untracked 
| 206|0x000000074ce00000, 0x000000074ce00000, 0x000000074cf00000|  0%| F|  |TAMS 0x000000074ce00000, 0x000000074ce00000| Untracked 
| 207|0x000000074cf00000, 0x000000074cf00000, 0x000000074d000000|  0%| F|  |TAMS 0x000000074cf00000, 0x000000074cf00000| Untracked 
| 208|0x000000074d000000, 0x000000074d000000, 0x000000074d100000|  0%| F|  |TAMS 0x000000074d000000, 0x000000074d000000| Untracked 
| 209|0x000000074d100000, 0x000000074d100000, 0x000000074d200000|  0%| F|  |TAMS 0x000000074d100000, 0x000000074d100000| Untracked 
| 210|0x000000074d200000, 0x000000074d200000, 0x000000074d300000|  0%| F|  |TAMS 0x000000074d200000, 0x000000074d200000| Untracked 
| 211|0x000000074d300000, 0x000000074d300000, 0x000000074d400000|  0%| F|  |TAMS 0x000000074d300000, 0x000000074d300000| Untracked 
| 212|0x000000074d400000, 0x000000074d400000, 0x000000074d500000|  0%| F|  |TAMS 0x000000074d400000, 0x000000074d400000| Untracked 
| 213|0x000000074d500000, 0x000000074d500000, 0x000000074d600000|  0%| F|  |TAMS 0x000000074d500000, 0x000000074d500000| Untracked 
| 214|0x000000074d600000, 0x000000074d600000, 0x000000074d700000|  0%| F|  |TAMS 0x000000074d600000, 0x000000074d600000| Untracked 
| 215|0x000000074d700000, 0x000000074d700000, 0x000000074d800000|  0%| F|  |TAMS 0x000000074d700000, 0x000000074d700000| Untracked 
| 216|0x000000074d800000, 0x000000074d800000, 0x000000074d900000|  0%| F|  |TAMS 0x000000074d800000, 0x000000074d800000| Untracked 
| 217|0x000000074d900000, 0x000000074d900000, 0x000000074da00000|  0%| F|  |TAMS 0x000000074d900000, 0x000000074d900000| Untracked 
| 218|0x000000074da00000, 0x000000074da00000, 0x000000074db00000|  0%| F|  |TAMS 0x000000074da00000, 0x000000074da00000| Untracked 
| 219|0x000000074db00000, 0x000000074db00000, 0x000000074dc00000|  0%| F|  |TAMS 0x000000074db00000, 0x000000074db00000| Untracked 
| 220|0x000000074dc00000, 0x000000074dc00000, 0x000000074dd00000|  0%| F|  |TAMS 0x000000074dc00000, 0x000000074dc00000| Untracked 
| 221|0x000000074dd00000, 0x000000074dd00000, 0x000000074de00000|  0%| F|  |TAMS 0x000000074dd00000, 0x000000074dd00000| Untracked 
| 222|0x000000074de00000, 0x000000074de00000, 0x000000074df00000|  0%| F|  |TAMS 0x000000074de00000, 0x000000074de00000| Untracked 
| 223|0x000000074df00000, 0x000000074df00000, 0x000000074e000000|  0%| F|  |TAMS 0x000000074df00000, 0x000000074df00000| Untracked 
| 224|0x000000074e000000, 0x000000074e000000, 0x000000074e100000|  0%| F|  |TAMS 0x000000074e000000, 0x000000074e000000| Untracked 
| 225|0x000000074e100000, 0x000000074e100000, 0x000000074e200000|  0%| F|  |TAMS 0x000000074e100000, 0x000000074e100000| Untracked 
| 226|0x000000074e200000, 0x000000074e200000, 0x000000074e300000|  0%| F|  |TAMS 0x000000074e200000, 0x000000074e200000| Untracked 
| 227|0x000000074e300000, 0x000000074e300000, 0x000000074e400000|  0%| F|  |TAMS 0x000000074e300000, 0x000000074e300000| Untracked 
| 228|0x000000074e400000, 0x000000074e400000, 0x000000074e500000|  0%| F|  |TAMS 0x000000074e400000, 0x000000074e400000| Untracked 
| 229|0x000000074e500000, 0x000000074e500000, 0x000000074e600000|  0%| F|  |TAMS 0x000000074e500000, 0x000000074e500000| Untracked 
| 230|0x000000074e600000, 0x000000074e600000, 0x000000074e700000|  0%| F|  |TAMS 0x000000074e600000, 0x000000074e600000| Untracked 
| 231|0x000000074e700000, 0x000000074e700000, 0x000000074e800000|  0%| F|  |TAMS 0x000000074e700000, 0x000000074e700000| Untracked 
| 232|0x000000074e800000, 0x000000074e800000, 0x000000074e900000|  0%| F|  |TAMS 0x000000074e800000, 0x000000074e800000| Untracked 
| 233|0x000000074e900000, 0x000000074e900000, 0x000000074ea00000|  0%| F|  |TAMS 0x000000074e900000, 0x000000074e900000| Untracked 
| 234|0x000000074ea00000, 0x000000074ea00000, 0x000000074eb00000|  0%| F|  |TAMS 0x000000074ea00000, 0x000000074ea00000| Untracked 
| 235|0x000000074eb00000, 0x000000074eb00000, 0x000000074ec00000|  0%| F|  |TAMS 0x000000074eb00000, 0x000000074eb00000| Untracked 
| 236|0x000000074ec00000, 0x000000074ec00000, 0x000000074ed00000|  0%| F|  |TAMS 0x000000074ec00000, 0x000000074ec00000| Untracked 
| 237|0x000000074ed00000, 0x000000074ed00000, 0x000000074ee00000|  0%| F|  |TAMS 0x000000074ed00000, 0x000000074ed00000| Untracked 
| 238|0x000000074ee00000, 0x000000074ee00000, 0x000000074ef00000|  0%| F|  |TAMS 0x000000074ee00000, 0x000000074ee00000| Untracked 
| 239|0x000000074ef00000, 0x000000074ef00000, 0x000000074f000000|  0%| F|  |TAMS 0x000000074ef00000, 0x000000074ef00000| Untracked 
| 240|0x000000074f000000, 0x000000074f000000, 0x000000074f100000|  0%| F|  |TAMS 0x000000074f000000, 0x000000074f000000| Untracked 
| 241|0x000000074f100000, 0x000000074f100000, 0x000000074f200000|  0%| F|  |TAMS 0x000000074f100000, 0x000000074f100000| Untracked 
| 242|0x000000074f200000, 0x000000074f200000, 0x000000074f300000|  0%| F|  |TAMS 0x000000074f200000, 0x000000074f200000| Untracked 
| 243|0x000000074f300000, 0x000000074f300000, 0x000000074f400000|  0%| F|  |TAMS 0x000000074f300000, 0x000000074f300000| Untracked 
| 244|0x000000074f400000, 0x000000074f400000, 0x000000074f500000|  0%| F|  |TAMS 0x000000074f400000, 0x000000074f400000| Untracked 
| 245|0x000000074f500000, 0x000000074f500000, 0x000000074f600000|  0%| F|  |TAMS 0x000000074f500000, 0x000000074f500000| Untracked 
| 246|0x000000074f600000, 0x000000074f600000, 0x000000074f700000|  0%| F|  |TAMS 0x000000074f600000, 0x000000074f600000| Untracked 
| 247|0x000000074f700000, 0x000000074f700000, 0x000000074f800000|  0%| F|  |TAMS 0x000000074f700000, 0x000000074f700000| Untracked 
| 248|0x000000074f800000, 0x000000074f800000, 0x000000074f900000|  0%| F|  |TAMS 0x000000074f800000, 0x000000074f800000| Untracked 
| 249|0x000000074f900000, 0x000000074f900000, 0x000000074fa00000|  0%| F|  |TAMS 0x000000074f900000, 0x000000074f900000| Untracked 
| 250|0x000000074fa00000, 0x000000074fa00000, 0x000000074fb00000|  0%| F|  |TAMS 0x000000074fa00000, 0x000000074fa00000| Untracked 
| 251|0x000000074fb00000, 0x000000074fba9240, 0x000000074fc00000| 66%| S|CS|TAMS 0x000000074fb00000, 0x000000074fb00000| Complete 
| 252|0x000000074fc00000, 0x000000074fc00000, 0x000000074fd00000|  0%| F|  |TAMS 0x000000074fc00000, 0x000000074fc00000| Untracked 
| 253|0x000000074fd00000, 0x000000074fd00000, 0x000000074fe00000|  0%| F|  |TAMS 0x000000074fd00000, 0x000000074fd00000| Untracked 
| 254|0x000000074fe00000, 0x000000074fe00000, 0x000000074ff00000|  0%| F|  |TAMS 0x000000074fe00000, 0x000000074fe00000| Untracked 
| 255|0x000000074ff00000, 0x000000074ff00000, 0x0000000750000000|  0%| F|  |TAMS 0x000000074ff00000, 0x000000074ff00000| Untracked 
| 256|0x0000000750000000, 0x0000000750000000, 0x0000000750100000|  0%| F|  |TAMS 0x0000000750000000, 0x0000000750000000| Untracked 
| 257|0x0000000750100000, 0x00000007501abf98, 0x0000000750200000| 67%| E|  |TAMS 0x0000000750100000, 0x0000000750100000| Complete 
| 258|0x0000000750200000, 0x0000000750300000, 0x0000000750300000|100%| E|CS|TAMS 0x0000000750200000, 0x0000000750200000| Complete 
| 259|0x0000000750300000, 0x0000000750400000, 0x0000000750400000|100%| E|CS|TAMS 0x0000000750300000, 0x0000000750300000| Complete 
| 260|0x0000000750400000, 0x0000000750500000, 0x0000000750500000|100%| E|CS|TAMS 0x0000000750400000, 0x0000000750400000| Complete 
| 261|0x0000000750500000, 0x0000000750600000, 0x0000000750600000|100%| E|CS|TAMS 0x0000000750500000, 0x0000000750500000| Complete 
| 262|0x0000000750600000, 0x0000000750700000, 0x0000000750700000|100%| E|CS|TAMS 0x0000000750600000, 0x0000000750600000| Complete 
| 263|0x0000000750700000, 0x0000000750800000, 0x0000000750800000|100%| E|CS|TAMS 0x0000000750700000, 0x0000000750700000| Complete 
| 264|0x0000000750800000, 0x0000000750900000, 0x0000000750900000|100%| E|CS|TAMS 0x0000000750800000, 0x0000000750800000| Complete 
| 265|0x0000000750900000, 0x0000000750907170, 0x0000000750a00000|  2%| O|  |TAMS 0x0000000750900000, 0x0000000750900000| Untracked 
| 266|0x0000000750a00000, 0x0000000750b00000, 0x0000000750b00000|100%| E|CS|TAMS 0x0000000750a00000, 0x0000000750a00000| Complete 
| 267|0x0000000750b00000, 0x0000000750b11720, 0x0000000750c00000|  6%| O|  |TAMS 0x0000000750b00000, 0x0000000750b00000| Untracked 
| 268|0x0000000750c00000, 0x0000000750c11e98, 0x0000000750d00000|  6%| O|  |TAMS 0x0000000750c00000, 0x0000000750c00000| Untracked 
| 269|0x0000000750d00000, 0x0000000750e00000, 0x0000000750e00000|100%| E|CS|TAMS 0x0000000750d00000, 0x0000000750d00000| Complete 
| 270|0x0000000750e00000, 0x0000000750f00000, 0x0000000750f00000|100%| E|CS|TAMS 0x0000000750e00000, 0x0000000750e00000| Complete 
| 271|0x0000000750f00000, 0x0000000751000000, 0x0000000751000000|100%| E|CS|TAMS 0x0000000750f00000, 0x0000000750f00000| Complete 
| 272|0x0000000751000000, 0x0000000751100000, 0x0000000751100000|100%| E|CS|TAMS 0x0000000751000000, 0x0000000751000000| Complete 
| 273|0x0000000751100000, 0x0000000751200000, 0x0000000751200000|100%| E|CS|TAMS 0x0000000751100000, 0x0000000751100000| Complete 
| 274|0x0000000751200000, 0x0000000751300000, 0x0000000751300000|100%| E|CS|TAMS 0x0000000751200000, 0x0000000751200000| Complete 
| 275|0x0000000751300000, 0x0000000751400000, 0x0000000751400000|100%| E|CS|TAMS 0x0000000751300000, 0x0000000751300000| Complete 
| 276|0x0000000751400000, 0x0000000751500000, 0x0000000751500000|100%| E|CS|TAMS 0x0000000751400000, 0x0000000751400000| Complete 
| 277|0x0000000751500000, 0x0000000751600000, 0x0000000751600000|100%| E|CS|TAMS 0x0000000751500000, 0x0000000751500000| Complete 
| 278|0x0000000751600000, 0x0000000751700000, 0x0000000751700000|100%| E|CS|TAMS 0x0000000751600000, 0x0000000751600000| Complete 
| 279|0x0000000751700000, 0x0000000751800000, 0x0000000751800000|100%| E|CS|TAMS 0x0000000751700000, 0x0000000751700000| Complete 
| 280|0x0000000751800000, 0x0000000751900000, 0x0000000751900000|100%| E|CS|TAMS 0x0000000751800000, 0x0000000751800000| Complete 
| 281|0x0000000751900000, 0x0000000751a00000, 0x0000000751a00000|100%| E|CS|TAMS 0x0000000751900000, 0x0000000751900000| Complete 
| 282|0x0000000751a00000, 0x0000000751b00000, 0x0000000751b00000|100%| E|CS|TAMS 0x0000000751a00000, 0x0000000751a00000| Complete 
| 283|0x0000000751b00000, 0x0000000751c00000, 0x0000000751c00000|100%| E|CS|TAMS 0x0000000751b00000, 0x0000000751b00000| Complete 
| 284|0x0000000751c00000, 0x0000000751d00000, 0x0000000751d00000|100%| E|CS|TAMS 0x0000000751c00000, 0x0000000751c00000| Complete 
| 285|0x0000000751d00000, 0x0000000751e00000, 0x0000000751e00000|100%| E|CS|TAMS 0x0000000751d00000, 0x0000000751d00000| Complete 
| 286|0x0000000751e00000, 0x0000000751f00000, 0x0000000751f00000|100%| E|CS|TAMS 0x0000000751e00000, 0x0000000751e00000| Complete 
| 287|0x0000000751f00000, 0x0000000752000000, 0x0000000752000000|100%| E|CS|TAMS 0x0000000751f00000, 0x0000000751f00000| Complete 
| 288|0x0000000752000000, 0x0000000752100000, 0x0000000752100000|100%| E|CS|TAMS 0x0000000752000000, 0x0000000752000000| Complete 
| 289|0x0000000752100000, 0x0000000752200000, 0x0000000752200000|100%| E|CS|TAMS 0x0000000752100000, 0x0000000752100000| Complete 
| 290|0x0000000752200000, 0x0000000752300000, 0x0000000752300000|100%| E|CS|TAMS 0x0000000752200000, 0x0000000752200000| Complete 
| 291|0x0000000752300000, 0x0000000752400000, 0x0000000752400000|100%| E|CS|TAMS 0x0000000752300000, 0x0000000752300000| Complete 
| 292|0x0000000752400000, 0x0000000752500000, 0x0000000752500000|100%| E|CS|TAMS 0x0000000752400000, 0x0000000752400000| Complete 
| 293|0x0000000752500000, 0x0000000752600000, 0x0000000752600000|100%| E|CS|TAMS 0x0000000752500000, 0x0000000752500000| Complete 
| 294|0x0000000752600000, 0x0000000752700000, 0x0000000752700000|100%| E|CS|TAMS 0x0000000752600000, 0x0000000752600000| Complete 
| 295|0x0000000752700000, 0x0000000752800000, 0x0000000752800000|100%| E|CS|TAMS 0x0000000752700000, 0x0000000752700000| Complete 
| 296|0x0000000752800000, 0x0000000752900000, 0x0000000752900000|100%| E|CS|TAMS 0x0000000752800000, 0x0000000752800000| Complete 
| 297|0x0000000752900000, 0x0000000752a00000, 0x0000000752a00000|100%| E|CS|TAMS 0x0000000752900000, 0x0000000752900000| Complete 
| 298|0x0000000752a00000, 0x0000000752b00000, 0x0000000752b00000|100%| E|CS|TAMS 0x0000000752a00000, 0x0000000752a00000| Complete 
| 299|0x0000000752b00000, 0x0000000752c00000, 0x0000000752c00000|100%| E|CS|TAMS 0x0000000752b00000, 0x0000000752b00000| Complete 
| 300|0x0000000752c00000, 0x0000000752d00000, 0x0000000752d00000|100%| E|CS|TAMS 0x0000000752c00000, 0x0000000752c00000| Complete 
| 301|0x0000000752d00000, 0x0000000752e00000, 0x0000000752e00000|100%| E|CS|TAMS 0x0000000752d00000, 0x0000000752d00000| Complete 
| 302|0x0000000752e00000, 0x0000000752f00000, 0x0000000752f00000|100%| E|CS|TAMS 0x0000000752e00000, 0x0000000752e00000| Complete 
| 303|0x0000000752f00000, 0x0000000753000000, 0x0000000753000000|100%| E|CS|TAMS 0x0000000752f00000, 0x0000000752f00000| Complete 
| 304|0x0000000753000000, 0x0000000753100000, 0x0000000753100000|100%| E|CS|TAMS 0x0000000753000000, 0x0000000753000000| Complete 
| 305|0x0000000753100000, 0x0000000753200000, 0x0000000753200000|100%| E|CS|TAMS 0x0000000753100000, 0x0000000753100000| Complete 
| 306|0x0000000753200000, 0x0000000753300000, 0x0000000753300000|100%| E|CS|TAMS 0x0000000753200000, 0x0000000753200000| Complete 
| 307|0x0000000753300000, 0x0000000753400000, 0x0000000753400000|100%| E|CS|TAMS 0x0000000753300000, 0x0000000753300000| Complete 
| 308|0x0000000753400000, 0x0000000753500000, 0x0000000753500000|100%| E|CS|TAMS 0x0000000753400000, 0x0000000753400000| Complete 
| 309|0x0000000753500000, 0x0000000753600000, 0x0000000753600000|100%| E|CS|TAMS 0x0000000753500000, 0x0000000753500000| Complete 
| 310|0x0000000753600000, 0x0000000753700000, 0x0000000753700000|100%| E|CS|TAMS 0x0000000753600000, 0x0000000753600000| Complete 
| 311|0x0000000753700000, 0x0000000753800000, 0x0000000753800000|100%| E|CS|TAMS 0x0000000753700000, 0x0000000753700000| Complete 
| 312|0x0000000753800000, 0x0000000753900000, 0x0000000753900000|100%| E|CS|TAMS 0x0000000753800000, 0x0000000753800000| Complete 
| 313|0x0000000753900000, 0x0000000753a00000, 0x0000000753a00000|100%| E|CS|TAMS 0x0000000753900000, 0x0000000753900000| Complete 

Card table byte_map: [0x000002309bb40000,0x000002309c140000] _byte_map_base: 0x0000023098140000

Marking Bits (Prev, Next): (CMBitMap*) 0x00000230b40278a0, (CMBitMap*) 0x00000230b4027868
 Prev Bits: [0x000002309f740000, 0x00000230a2740000)
 Next Bits: [0x000002309c740000, 0x000002309f740000)

Polling page: 0x0000023080000000

Metaspace:

Usage:
  Non-class:     96.94 MB capacity,    96.01 MB (>99%) used,   722.32 KB ( <1%) free+waste,   236.13 KB ( <1%) overhead. 
      Class:     16.22 MB capacity,    15.59 MB ( 96%) used,   535.93 KB (  3%) free+waste,   104.44 KB ( <1%) overhead. 
       Both:    113.16 MB capacity,   111.60 MB ( 99%) used,     1.23 MB (  1%) free+waste,   340.56 KB ( <1%) overhead. 

Virtual space:
  Non-class space:      100.00 MB reserved,      98.33 MB ( 98%) committed 
      Class space:        1.00 GB reserved,      17.13 MB (  2%) committed 
             Both:        1.10 GB reserved,     115.45 MB ( 10%) committed 

Chunk freelists:
   Non-Class:  177.25 KB
       Class:  104.25 KB
        Both:  281.50 KB

CodeHeap 'non-profiled nmethods': size=119168Kb used=28787Kb max_used=28787Kb free=90380Kb
 bounds [0x000002308fdf0000, 0x0000023091a20000, 0x0000023097250000]
CodeHeap 'profiled nmethods': size=119168Kb used=54592Kb max_used=56327Kb free=64576Kb
 bounds [0x0000023088990000, 0x000002308c100000, 0x000002308fdf0000]
CodeHeap 'non-nmethods': size=7424Kb used=1799Kb max_used=3505Kb free=5624Kb
 bounds [0x0000023088250000, 0x00000230886a0000, 0x0000023088990000]
 total_blobs=46778 nmethods=22940 adapters=1315
 compilation: enabled
              stopped_count=0, restarted_count=0
 full_count=0

Compilation events (10 events):
Event: 10244.198 Thread 0x00000230f9ded800 31552       1       javax.swing.tree.DefaultMutableTreeNode::setUserObject (6 bytes)
Event: 10244.198 Thread 0x00000230f9ded800 nmethod 31552 0x0000023091a15410 code [0x0000023091a155c0, 0x0000023091a15738]
Event: 10244.524 Thread 0x00000230f9ded800 31553       1       ui.views.dS::mB (2 bytes)
Event: 10244.524 Thread 0x00000230f9ded800 nmethod 31553 0x0000023091a15790 code [0x0000023091a15940, 0x0000023091a15a58]
Event: 10244.524 Thread 0x00000230f9ded800 31554       1       ui.views.dS::mA (2 bytes)
Event: 10244.524 Thread 0x00000230f9ded800 nmethod 31554 0x0000023091a15b10 code [0x0000023091a15cc0, 0x0000023091a15dd8]
Event: 10246.199 Thread 0x00000230f9ded800 31555       3       ui.dlg.c.Q::frX (29 bytes)
Event: 10246.200 Thread 0x00000230f9ded800 nmethod 31555 0x000002308a7f5a90 code [0x000002308a7f5c80, 0x000002308a7f6140]
Event: 10246.934 Thread 0x00000230b3d5d800 31556       4       javax.swing.tree.DefaultMutableTreeNode::<init> (20 bytes)
Event: 10246.935 Thread 0x00000230b3d5d800 nmethod 31556 0x0000023091a15e90 code [0x0000023091a16020, 0x0000023091a161b8]

GC Heap History (10 events):
Event: 10077.399 GC heap before
{Heap before GC invocations=1100 (full 359):
 garbage-first heap   total 321536K, used 214912K [0x0000000740000000, 0x0000000800000000)
  region size 1024K, 55 young (56320K), 1 survivors (1024K)
 Metaspace       used 114254K, capacity 115812K, committed 118224K, reserved 1150976K
  class space    used 15965K, capacity 16606K, committed 17536K, reserved 1048576K
}
Event: 10077.469 GC heap after
{Heap after GC invocations=1101 (full 360):
 garbage-first heap   total 321536K, used 148018K [0x0000000740000000, 0x0000000800000000)
  region size 1024K, 0 young (0K), 0 survivors (0K)
 Metaspace       used 114254K, capacity 115812K, committed 118224K, reserved 1150976K
  class space    used 15965K, capacity 16606K, committed 17536K, reserved 1048576K
}
Event: 10138.589 GC heap before
{Heap before GC invocations=1101 (full 360):
 garbage-first heap   total 321536K, used 209458K [0x0000000740000000, 0x0000000800000000)
  region size 1024K, 60 young (61440K), 0 survivors (0K)
 Metaspace       used 114258K, capacity 115812K, committed 118224K, reserved 1150976K
  class space    used 15965K, capacity 16606K, committed 17536K, reserved 1048576K
}
Event: 10138.591 GC heap after
{Heap after GC invocations=1102 (full 360):
 garbage-first heap   total 321536K, used 149108K [0x0000000740000000, 0x0000000800000000)
  region size 1024K, 2 young (2048K), 2 survivors (2048K)
 Metaspace       used 114258K, capacity 115812K, committed 118224K, reserved 1150976K
  class space    used 15965K, capacity 16606K, committed 17536K, reserved 1048576K
}
Event: 10148.236 GC heap before
{Heap before GC invocations=1102 (full 360):
 garbage-first heap   total 321536K, used 208500K [0x0000000740000000, 0x0000000800000000)
  region size 1024K, 60 young (61440K), 2 survivors (2048K)
 Metaspace       used 114264K, capacity 115812K, committed 118224K, reserved 1150976K
  class space    used 15965K, capacity 16606K, committed 17536K, reserved 1048576K
}
Event: 10148.239 GC heap after
{Heap after GC invocations=1103 (full 360):
 garbage-first heap   total 321536K, used 148557K [0x0000000740000000, 0x0000000800000000)
  region size 1024K, 1 young (1024K), 1 survivors (1024K)
 Metaspace       used 114264K, capacity 115812K, committed 118224K, reserved 1150976K
  class space    used 15965K, capacity 16606K, committed 17536K, reserved 1048576K
}
Event: 10198.870 GC heap before
{Heap before GC invocations=1103 (full 360):
 garbage-first heap   total 321536K, used 208973K [0x0000000740000000, 0x0000000800000000)
  region size 1024K, 60 young (61440K), 1 survivors (1024K)
 Metaspace       used 114268K, capacity 115812K, committed 118224K, reserved 1150976K
  class space    used 15965K, capacity 16606K, committed 17536K, reserved 1048576K
}
Event: 10198.872 GC heap after
{Heap after GC invocations=1104 (full 360):
 garbage-first heap   total 321536K, used 148680K [0x0000000740000000, 0x0000000800000000)
  region size 1024K, 1 young (1024K), 1 survivors (1024K)
 Metaspace       used 114268K, capacity 115812K, committed 118224K, reserved 1150976K
  class space    used 15965K, capacity 16606K, committed 17536K, reserved 1048576K
}
Event: 10238.151 GC heap before
{Heap before GC invocations=1104 (full 360):
 garbage-first heap   total 321536K, used 209096K [0x0000000740000000, 0x0000000800000000)
  region size 1024K, 60 young (61440K), 1 survivors (1024K)
 Metaspace       used 114268K, capacity 115812K, committed 118224K, reserved 1150976K
  class space    used 15965K, capacity 16606K, committed 17536K, reserved 1048576K
}
Event: 10238.152 GC heap after
{Heap after GC invocations=1105 (full 360):
 garbage-first heap   total 321536K, used 148694K [0x0000000740000000, 0x0000000800000000)
  region size 1024K, 1 young (1024K), 1 survivors (1024K)
 Metaspace       used 114268K, capacity 115812K, committed 118224K, reserved 1150976K
  class space    used 15965K, capacity 16606K, committed 17536K, reserved 1048576K
}

Deoptimization events (10 events):
Event: 8942.148 Thread 0x00000230a813c800 Uncommon trap: reason=unstable_if action=reinterpret pc=0x000002309180b6ec method=javax.swing.RepaintManager.addDirtyRegion0(Ljava/awt/Container;IIII)V @ 108 c2
Event: 9151.840 Thread 0x00000230a813c800 Uncommon trap: reason=class_check action=maybe_recompile pc=0x0000023090fce024 method=javax.swing.plaf.synth.ParsedSynthStyle$DelegatingPainter.paintPanelBackground(Ljavax/swing/plaf/synth/SynthContext;Ljava/awt/Graphics;IIII)V @ 16 c2
Event: 9166.322 Thread 0x00000230a813c800 Uncommon trap: reason=unstable_if action=reinterpret pc=0x0000023090884980 method=ui.utils.h.j.b.j.setValue(Ljava/lang/Object;)V @ 9 c2
Event: 9280.851 Thread 0x00000230a813c800 Uncommon trap: reason=class_check action=maybe_recompile pc=0x0000023090d5ec9c method=com.jidesoft.swing.JideSwingUtilities.setRecursively0(Ljava/awt/Component;Lcom/jidesoft/swing/JideSwingUtilities$Handler;)V @ 48 c2
Event: 9297.858 Thread 0x00000230a813c800 Uncommon trap: reason=bimorphic_or_optimized_type_check action=maybe_recompile pc=0x00000230910e1c2c method=javax.swing.ToolTipManager.mouseMoved(Ljava/awt/event/MouseEvent;)V @ 49 c2
Event: 9544.123 Thread 0x00000230a5fa8800 Uncommon trap: reason=bimorphic_or_optimized_type_check action=maybe_recompile pc=0x000002309070f204 method=sun.java2d.Disposer.run()V @ 11 c2
Event: 9544.123 Thread 0x00000230a5fa8800 Uncommon trap: reason=unstable_if action=reinterpret pc=0x0000023090e778d0 method=java.util.concurrent.ConcurrentHashMap.replaceNode(Ljava/lang/Object;Ljava/lang/Object;Ljava/lang/Object;)Ljava/lang/Object; @ 136 c2
Event: 10070.403 Thread 0x00000230a813c800 Uncommon trap: reason=class_check action=maybe_recompile pc=0x0000023090d5ec9c method=com.jidesoft.swing.JideSwingUtilities.setRecursively0(Ljava/awt/Component;Lcom/jidesoft/swing/JideSwingUtilities$Handler;)V @ 48 c2
Event: 10074.495 Thread 0x00000230a813c800 Uncommon trap: reason=unstable_if action=reinterpret pc=0x000002309148bd34 method=ui.views.w.b.p.jur()Lui/views/w/b/al; @ 7 c2
Event: 10076.094 Thread 0x00000230a813c800 Uncommon trap: reason=speculate_class_check action=maybe_recompile pc=0x00000230912bded0 method=javax.swing.plaf.basic.BasicComboBoxUI$Handler.propertyChange(Ljava/beans/PropertyChangeEvent;)V @ 163 c2

Classes redefined (0 events):
No events

Internal exceptions (10 events):
Event: 9167.102 Thread 0x00000230a813c800 Exception <a 'java/io/FileNotFoundException'{0x000000075390cff0}> (0x000000075390cff0) thrown at [t:/workspace/open/src/hotspot/share/prims/jni.cpp, line 615]
Event: 9167.102 Thread 0x00000230a813c800 Exception <a 'java/io/FileNotFoundException'{0x000000075390dff0}> (0x000000075390dff0) thrown at [t:/workspace/open/src/hotspot/share/prims/jni.cpp, line 615]
Event: 9167.141 Thread 0x00000230a813c800 Exception <a 'java/io/FileNotFoundException'{0x0000000753961530}> (0x0000000753961530) thrown at [t:/workspace/open/src/hotspot/share/prims/jni.cpp, line 615]
Event: 9167.141 Thread 0x00000230a813c800 Exception <a 'java/io/FileNotFoundException'{0x0000000753962548}> (0x0000000753962548) thrown at [t:/workspace/open/src/hotspot/share/prims/jni.cpp, line 615]
Event: 9172.142 Thread 0x00000230a813c800 Exception <a 'java/io/FileNotFoundException'{0x0000000752a43278}> (0x0000000752a43278) thrown at [t:/workspace/open/src/hotspot/share/prims/jni.cpp, line 615]
Event: 9177.143 Thread 0x00000230a813c800 Exception <a 'java/io/FileNotFoundException'{0x00000007525ef320}> (0x00000007525ef320) thrown at [t:/workspace/open/src/hotspot/share/prims/jni.cpp, line 615]
Event: 9182.143 Thread 0x00000230a813c800 Exception <a 'java/io/FileNotFoundException'{0x00000007521c8d10}> (0x00000007521c8d10) thrown at [t:/workspace/open/src/hotspot/share/prims/jni.cpp, line 615]
Event: 9187.143 Thread 0x00000230a813c800 Exception <a 'java/io/FileNotFoundException'{0x0000000751ef4978}> (0x0000000751ef4978) thrown at [t:/workspace/open/src/hotspot/share/prims/jni.cpp, line 615]
Event: 9192.144 Thread 0x00000230a813c800 Exception <a 'java/io/FileNotFoundException'{0x0000000751ae0ff8}> (0x0000000751ae0ff8) thrown at [t:/workspace/open/src/hotspot/share/prims/jni.cpp, line 615]
Event: 9245.785 Thread 0x00000230bfdb4800 Exception <a 'java/lang/InterruptedException'{0x00000007539b2c38}: sleep interrupted> (0x00000007539b2c38) thrown at [t:/workspace/open/src/hotspot/share/prims/jvm.cpp, line 3091]

Events (10 events):
Event: 10242.163 Thread 0x00000230a6907000 Thread added: 0x00000230a6907000
Event: 10242.165 Thread 0x00000230a6907000 Thread exited: 0x00000230a6907000
Event: 10243.178 Thread 0x00000230a6907000 Thread added: 0x00000230a6907000
Event: 10243.180 Thread 0x00000230a6907000 Thread exited: 0x00000230a6907000
Event: 10244.190 Thread 0x00000230a6907000 Thread added: 0x00000230a6907000
Event: 10244.192 Thread 0x00000230a6907000 Thread exited: 0x00000230a6907000
Event: 10245.190 Thread 0x00000230a6907000 Thread added: 0x00000230a6907000
Event: 10245.192 Thread 0x00000230a6907000 Thread exited: 0x00000230a6907000
Event: 10246.192 Thread 0x00000230a6907000 Thread added: 0x00000230a6907000
Event: 10246.196 Thread 0x00000230a6907000 Thread exited: 0x00000230a6907000


Dynamic libraries:
0x00007ff6aae30000 - 0x00007ff6aae5f000 	C:\Xilinx\Vivado\2020.2\bin\unwrapped\win64.o\vivado.exe
0x00007ffc726d0000 - 0x00007ffc728e7000 	C:\Windows\SYSTEM32\ntdll.dll
0x00007ffc71800000 - 0x00007ffc718c4000 	C:\Windows\System32\KERNEL32.DLL
0x00007ffc6ffb0000 - 0x00007ffc70357000 	C:\Windows\System32\KERNELBASE.dll
0x00007ffc6fe90000 - 0x00007ffc6ffa1000 	C:\Windows\System32\ucrtbase.dll
0x00007ffc43670000 - 0x00007ffc436fd000 	C:\Windows\SYSTEM32\MSVCP140.dll
0x00007ffc5be60000 - 0x00007ffc5be7b000 	C:\Windows\SYSTEM32\VCRUNTIME140.dll
0x00007ffc600f0000 - 0x00007ffc600fc000 	C:\Windows\SYSTEM32\VCRUNTIME140_1.dll
0x00007ffc66720000 - 0x00007ffc66733000 	C:\Xilinx\Vivado\2020.2\lib\win64.o\libboost_signals.dll
0x00007ffc66700000 - 0x00007ffc66718000 	C:\Xilinx\Vivado\2020.2\lib\win64.o\librdi_commonmain.dll
0x00007ffc6c930000 - 0x00007ffc6c939000 	C:\Xilinx\Vivado\2020.2\lib\win64.o\librdi_commonversion.dll
0x00007ffc666d0000 - 0x00007ffc666f2000 	C:\Xilinx\Vivado\2020.2\lib\win64.o\libboost_filesystem.dll
0x00007ffc70400000 - 0x00007ffc704b2000 	C:\Windows\System32\ADVAPI32.dll
0x00007ffc70760000 - 0x00007ffc70807000 	C:\Windows\System32\msvcrt.dll
0x00007ffc71260000 - 0x00007ffc71308000 	C:\Windows\System32\sechost.dll
0x00007ffc70360000 - 0x00007ffc70388000 	C:\Windows\System32\bcrypt.dll
0x00007ffc70640000 - 0x00007ffc70755000 	C:\Windows\System32\RPCRT4.dll
0x00007ffc3b060000 - 0x00007ffc3b1f9000 	C:\Xilinx\Vivado\2020.2\lib\win64.o\librdi_commonxillic.dll
0x00007ffc71650000 - 0x00007ffc717fe000 	C:\Windows\System32\USER32.dll
0x00007ffc6f9f0000 - 0x00007ffc6fa16000 	C:\Windows\System32\win32u.dll
0x00007ffc718f0000 - 0x00007ffc71919000 	C:\Windows\System32\GDI32.dll
0x00007ffc6fb90000 - 0x00007ffc6fca9000 	C:\Windows\System32\gdi32full.dll
0x00007ffc6fcb0000 - 0x00007ffc6fd4a000 	C:\Windows\System32\msvcp_win.dll
0x00007ffc715d0000 - 0x00007ffc71641000 	C:\Windows\System32\WS2_32.dll
0x00000000582e0000 - 0x000000005840b000 	C:\Xilinx\Vivado\2020.2\lib\win64.o\tcl85t.dll
0x00007ffc6ac10000 - 0x00007ffc6ac19000 	C:\Xilinx\Vivado\2020.2\lib\win64.o\libboost_system.dll
0x00007ffbea7c0000 - 0x00007ffbeaa9b000 	C:\Xilinx\Vivado\2020.2\lib\win64.o\libXil_lmgr11.dll
0x00007ffc71310000 - 0x00007ffc71407000 	C:\Windows\System32\COMDLG32.dll
0x00007ffc721f0000 - 0x00007ffc72578000 	C:\Windows\System32\combase.dll
0x00007ffc72580000 - 0x00007ffc72675000 	C:\Windows\System32\shcore.dll
0x00007ffc71120000 - 0x00007ffc7117e000 	C:\Windows\System32\SHLWAPI.dll
0x00007ffc708c0000 - 0x00007ffc7111c000 	C:\Windows\System32\SHELL32.dll
0x00007ffc72110000 - 0x00007ffc721e7000 	C:\Windows\System32\OLEAUT32.dll
0x00007ffc71410000 - 0x00007ffc715b5000 	C:\Windows\System32\ole32.dll
0x00007ffc70390000 - 0x00007ffc703fb000 	C:\Windows\System32\WINTRUST.dll
0x00007ffc6fa20000 - 0x00007ffc6fb88000 	C:\Windows\System32\CRYPT32.dll
0x00007ffc1f5d0000 - 0x00007ffc1f6e1000 	C:\Xilinx\Vivado\2020.2\lib\win64.o\libboost_regex.dll
0x00007ffbe9640000 - 0x00007ffbea7b7000 	C:\Xilinx\Vivado\2020.2\lib\win64.o\librdi_common.dll
0x00007ffc5f390000 - 0x00007ffc5f3a9000 	C:\Windows\SYSTEM32\NETAPI32.dll
0x00007ffc544d0000 - 0x00007ffc54583000 	C:\Windows\WinSxS\amd64_microsoft.windows.common-controls_6595b64144ccf1df_5.82.22621.3527_none_b43b7f4b638cc64f\COMCTL32.dll
0x00007ffc694a0000 - 0x00007ffc694a9000 	C:\Windows\SYSTEM32\WSOCK32.dll
0x00007ffc6a5d0000 - 0x00007ffc6a5ef000 	C:\Windows\SYSTEM32\dhcpcsvc.DLL
0x00007ffc674f0000 - 0x00007ffc67500000 	C:\Xilinx\Vivado\2020.2\lib\win64.o\libboost_date_time.dll
0x00007ffc5fb70000 - 0x00007ffc5fbe3000 	C:\Xilinx\Vivado\2020.2\lib\win64.o\libboost_program_options.dll
0x00007ffbe92d0000 - 0x00007ffbe963e000 	C:\Xilinx\Vivado\2020.2\lib\win64.o\libCOIN-all.dll
0x00007ffc666b0000 - 0x00007ffc666ce000 	C:\Xilinx\Vivado\2020.2\lib\win64.o\libboost_thread.dll
0x00007ffc66800000 - 0x00007ffc6680c000 	C:\Xilinx\Vivado\2020.2\lib\win64.o\libboost_xilinx.dll
0x00007ffc38e80000 - 0x00007ffc38f02000 	C:\Xilinx\Vivado\2020.2\lib\win64.o\libhdlpsolve.dll
0x00007ffc1f520000 - 0x00007ffc1f5c5000 	C:\Xilinx\Vivado\2020.2\lib\win64.o\libhdxml.dll
0x00007ffc60440000 - 0x00007ffc60468000 	C:\Xilinx\Vivado\2020.2\lib\win64.o\libisl_sysinfo.dll
0x00007ffc3a5b0000 - 0x00007ffc3a615000 	C:\Xilinx\Vivado\2020.2\lib\win64.o\liblmx6.0.dll
0x00007ffc60350000 - 0x00007ffc6036c000 	C:\Xilinx\Vivado\2020.2\lib\win64.o\librdiconfig.dll
0x00007ffc5c4a0000 - 0x00007ffc5c4ba000 	C:\Xilinx\Vivado\2020.2\lib\win64.o\pthreadVC2.dll
0x00007ffbe5cb0000 - 0x00007ffbe6aa2600 	C:\Xilinx\Vivado\2020.2\lib\win64.o\libisl_iostreams.dll
0x00007ffc64e60000 - 0x00007ffc65354000 	C:\Windows\SYSTEM32\WININET.dll
0x00007ffc6a790000 - 0x00007ffc6a8c6000 	C:\Windows\SYSTEM32\WINHTTP.dll
0x00007ffc63da0000 - 0x00007ffc63f90000 	C:\Windows\SYSTEM32\urlmon.dll
0x00007ffc37990000 - 0x00007ffc379c1000 	C:\Windows\SYSTEM32\VCOMP140.DLL
0x00007ffc48c50000 - 0x00007ffc48c71000 	C:\Xilinx\Vivado\2020.2\lib\win64.o\librdizlib.dll
0x00007ffc66760000 - 0x00007ffc6676c000 	C:\Xilinx\Vivado\2020.2\lib\win64.o\libboost_chrono.dll
0x00007ffc51d20000 - 0x00007ffc51d36000 	C:\Xilinx\Vivado\2020.2\lib\win64.o\libboost_iostreams.dll
0x00007ffc639d0000 - 0x00007ffc63c8e000 	C:\Windows\SYSTEM32\iertutil.dll
0x00007ffc63cc0000 - 0x00007ffc63ce8000 	C:\Windows\SYSTEM32\srvcli.dll
0x00007ffc6e630000 - 0x00007ffc6e63c000 	C:\Windows\SYSTEM32\netutils.dll
0x00007ffc47f20000 - 0x00007ffc47f43000 	C:\Xilinx\Vivado\2020.2\lib\win64.o\libisl_iosutils.dll
0x00007ffbe3d90000 - 0x00007ffbe5ca7000 	C:\Xilinx\Vivado\2020.2\lib\win64.o\gurobi90.dll
0x00007ffc71e80000 - 0x00007ffc71ee1000 	C:\Windows\System32\WLDAP32.dll
0x00007ffc715c0000 - 0x00007ffc715c8000 	C:\Windows\System32\Normaliz.dll
0x0000000012000000 - 0x0000000012270000 	C:\Xilinx\Vivado\2020.2\lib\win64.o\xerces-c_3_1.dll
0x00007ffc6ef70000 - 0x00007ffc6efd9000 	C:\Windows\SYSTEM32\MSWSOCK.DLL
0x00007ffc71220000 - 0x00007ffc71251000 	C:\Windows\System32\IMM32.DLL
0x00007ffc6f230000 - 0x00007ffc6f242000 	C:\Windows\SYSTEM32\MSASN1.dll
0x00007ffc6eaa0000 - 0x00007ffc6eab8000 	C:\Windows\SYSTEM32\kernel.appcore.dll
0x00007ffbe8400000 - 0x00007ffbe8922000 	C:\Xilinx\Vivado\2020.2\lib\win64.o\librdi_commontasks.dll
0x00007ffc65d10000 - 0x00007ffc65d1a000 	C:\Windows\SYSTEM32\VERSION.dll
0x00007ffbe3260000 - 0x00007ffbe3d83000 	C:\Xilinx\Vivado\2020.2\tps\win64\jre11.0.2\bin\server\jvm.dll
0x00007ffc71e70000 - 0x00007ffc71e78000 	C:\Windows\System32\PSAPI.DLL
0x00007ffc68fc0000 - 0x00007ffc68ff4000 	C:\Windows\SYSTEM32\WINMM.dll
0x00007ffbe8120000 - 0x00007ffbe83f5000 	C:\Xilinx\Vivado\2020.2\lib\win64.o\librdi_sio.dll
0x00007ffc6e500000 - 0x00007ffc6e52d000 	C:\Windows\SYSTEM32\IPHLPAPI.DLL
0x00007ffc6d940000 - 0x00007ffc6e236000 	C:\Windows\SYSTEM32\windows.storage.dll
0x00007ffc6d800000 - 0x00007ffc6d93e000 	C:\Windows\SYSTEM32\wintypes.dll
0x00007ffbe0770000 - 0x00007ffbe322e000 	C:\Xilinx\Vivado\2020.2\lib\win64.o\librdi_tcltasks.dll
0x00007ffc1e030000 - 0x00007ffc1e126000 	C:\Xilinx\Vivado\2020.2\lib\win64.o\librdi_chipscope.dll
0x00007ffc321f0000 - 0x00007ffc3226e000 	C:\Xilinx\Vivado\2020.2\lib\win64.o\librdi_boarddep.dll
0x00007ffbe02c0000 - 0x00007ffbe0766000 	C:\Xilinx\Vivado\2020.2\lib\win64.o\librdi_bitstream.dll
0x00007ffc1de70000 - 0x00007ffc1e023000 	C:\Xilinx\Vivado\2020.2\lib\win64.o\librdi_board.dll
0x00007ffbefc60000 - 0x00007ffbefe4a000 	C:\Xilinx\Vivado\2020.2\lib\win64.o\librdi_chipscopeimpl.dll
0x00007ffc10920000 - 0x00007ffc10a81000 	C:\Xilinx\Vivado\2020.2\lib\win64.o\librdi_containers.dll
0x00007ffbc25d0000 - 0x00007ffbc4331000 	C:\Xilinx\Vivado\2020.2\lib\win64.o\librdi_designutils.dll
0x00007ffbc07a0000 - 0x00007ffbc25cc000 	C:\Xilinx\Vivado\2020.2\lib\win64.o\librdi_constraints.dll
0x00007ffbe7db0000 - 0x00007ffbe8118000 	C:\Xilinx\Vivado\2020.2\lib\win64.o\librdi_dlyest.dll
0x00007ffbdfc60000 - 0x00007ffbe02bd000 	C:\Xilinx\Vivado\2020.2\lib\win64.o\librdi_drc.dll
0x00007ffbbe3e0000 - 0x00007ffbc079d000 	C:\Xilinx\Vivado\2020.2\lib\win64.o\librdi_coregen.dll
0x00007ffc1b460000 - 0x00007ffc1b513000 	C:\Xilinx\Vivado\2020.2\lib\win64.o\librdi_dsp.dll
0x00007ffbbdcc0000 - 0x00007ffbbe3d8000 	C:\Xilinx\Vivado\2020.2\lib\win64.o\librdi_coregenipxact.dll
0x00007ffba56e0000 - 0x00007ffbbdcbf000 	C:\Xilinx\Vivado\2020.2\lib\win64.o\librdi_device.dll
0x00007ffba53c0000 - 0x00007ffba56dd000 	C:\Xilinx\Vivado\2020.2\lib\win64.o\librdi_guitools.dll
0x00007ffc21fd0000 - 0x00007ffc2203b000 	C:\Xilinx\Vivado\2020.2\lib\win64.o\librdi_hdf.dll
0x00007ffba5140000 - 0x00007ffba53b7000 	C:\Xilinx\Vivado\2020.2\lib\win64.o\librdi_hip_devdesign.dll
0x00007ffc10590000 - 0x00007ffc106d7000 	C:\Xilinx\Vivado\2020.2\lib\win64.o\librdi_hip_perf_analysis.dll
0x00007ffba4a70000 - 0x00007ffba5132000 	C:\Xilinx\Vivado\2020.2\lib\win64.o\librdi_filemgmt.dll
0x00007ffba4420000 - 0x00007ffba4a6c000 	C:\Xilinx\Vivado\2020.2\lib\win64.o\librdi_memdata.dll
0x00007ffc1f4a0000 - 0x00007ffc1f512000 	C:\Xilinx\Vivado\2020.2\lib\win64.o\librdi_memoryarray.dll
0x00007ffc1d870000 - 0x00007ffc1d8c4000 	C:\Xilinx\Vivado\2020.2\lib\win64.o\librdi_pfi.dll
0x00007ffba2840000 - 0x00007ffba4414000 	C:\Xilinx\Vivado\2020.2\lib\win64.o\librdi_implflow.dll
0x00007ffb9e780000 - 0x00007ffba0bc4000 	C:\Xilinx\Vivado\2020.2\lib\win64.o\librdi_mig.dll
0x00007ffba1d80000 - 0x00007ffba2597000 	C:\Xilinx\Vivado\2020.2\lib\win64.o\librdi_power.dll
0x00007ffba1650000 - 0x00007ffba1d7c000 	C:\Xilinx\Vivado\2020.2\lib\win64.o\librdi_netlist.dll
0x00007ffba12b0000 - 0x00007ffba164e000 	C:\Xilinx\Vivado\2020.2\lib\win64.o\librdi_platform.dll
0x00007ffb9df70000 - 0x00007ffb9e77c000 	C:\Xilinx\Vivado\2020.2\lib\win64.o\librdi_rsb.dll
0x00007ffb9d8f0000 - 0x00007ffb9df64000 	C:\Xilinx\Vivado\2020.2\lib\win64.o\librdi_project.dll
0x00007ffb9c4d0000 - 0x00007ffb9cbf2000 	C:\Xilinx\Vivado\2020.2\lib\win64.o\librdi_psta.dll
0x00007ffba1030000 - 0x00007ffba12a4000 	C:\Xilinx\Vivado\2020.2\lib\win64.o\librdi_simdata.dll
0x00007ffbed530000 - 0x00007ffbed639000 	C:\Xilinx\Vivado\2020.2\lib\win64.o\librdi_runsbase.dll
0x00007ffb9bfa0000 - 0x00007ffb9c4cb000 	C:\Xilinx\Vivado\2020.2\lib\win64.o\librdi_runs.dll
0x00007ffbed410000 - 0x00007ffbed526000 	C:\Xilinx\Vivado\2020.2\lib\win64.o\librdi_xhub.dll
0x00007ffc1cf80000 - 0x00007ffc1d027000 	C:\Xilinx\Vivado\2020.2\lib\win64.o\librdi_xhubtasks.dll
0x00007ffb98d90000 - 0x00007ffb9bf97000 	C:\Xilinx\Vivado\2020.2\lib\win64.o\librdi_place.dll
0x00007ffbeab00000 - 0x00007ffbeaceb000 	C:\Xilinx\Vivado\2020.2\lib\win64.o\librdi_advchipscopeimpl.dll
0x00007ffc1d820000 - 0x00007ffc1d867000 	C:\Xilinx\Vivado\2020.2\lib\win64.o\libboost_serialization.dll
0x00007ffbece00000 - 0x00007ffbeceeb000 	C:\Xilinx\Vivado\2020.2\lib\win64.o\librdi_ipconfig_readwrite.dll
0x00007ffc1b3f0000 - 0x00007ffc1b45a000 	C:\Xilinx\Vivado\2020.2\lib\win64.o\librdi_noc_frameworks.dll
0x00007ffb9d5f0000 - 0x00007ffb9d8eb000 	C:\Xilinx\Vivado\2020.2\lib\win64.o\librdi_hip_config.dll
0x00007ffb98840000 - 0x00007ffb98d8e000 	C:\Xilinx\Vivado\2020.2\lib\win64.o\librdi_xdm.dll
0x00007ffc10d80000 - 0x00007ffc10e0d000 	C:\Xilinx\Vivado\2020.2\lib\win64.o\treelite_runtime.dll
0x00007ffc076e0000 - 0x00007ffc0777e000 	C:\Xilinx\Vivado\2020.2\lib\win64.o\libise.dll
0x00007ffb978b0000 - 0x00007ffb98831000 	C:\Xilinx\Vivado\2020.2\lib\win64.o\librdi_timing.dll

dbghelp: loaded successfully - version: 4.0.5 - missing functions: none
symbol engine: initialized successfully - sym options: 0x614 - pdb path: .;C:\Xilinx\Vivado\2020.2\bin\unwrapped\win64.o;C:\Windows\SYSTEM32;C:\Xilinx\Vivado\2020.2\lib\win64.o;C:\Windows\WinSxS\amd64_microsoft.windows.common-controls_6595b64144ccf1df_5.82.22621.3527_none_b43b7f4b638cc64f;C:\Xilinx\Vivado\2020.2\tps\win64\jre11.0.2\bin\server;C:\Xilinx\Vivado\2020.2\tps\win64\python-3.8.3;C:\Xilinx\Vivado\2020.2\tps\win64\jre11.0.2\bin;C:\Windows\WinSxS\amd64_microsoft.windows.common-controls_6595b64144ccf1df_6.0.22621.3527_none_270e469b73872a76;C:\Windows\WinSxS\amd64_microsoft.windows.gdiplus_6595b64144ccf1df_1.1.22621.3527_none_57f93980ce19a444;C:\Windows\HancomIME\x64

VM Arguments:
jvm_args: -Dsun.java2d.pmoffscreen=false -Dhttps.protocols=TLSv1,TLSv1.1,TLSv1.2 -Dsun.java2d.xrender=false -Dsun.java2d.d3d=false -Dsun.awt.nopixfmt=true -Dsun.java2d.dpiaware=true -Dsun.java2d.uiScale.enabled=false -Xverify:none -Dswing.aatext=true -XX:-UsePerfData -Djdk.map.althashing.threshold=512 -XX:StringTableSize=4072 --add-opens=java.base/java.nio=ALL-UNNAMED --add-opens=java.desktop/sun.swing=ALL-UNNAMED --add-opens=java.desktop/javax.swing=ALL-UNNAMED --add-opens=java.desktop/javax.swing.tree=ALL-UNNAMED --add-opens=java.desktop/javax.swing.plaf.basic=ALL-UNNAMED --add-opens=java.desktop/javax.swing.plaf.synth=ALL-UNNAMED --add-opens=java.desktop/com.sun.awt=ALL-UNNAMED -XX:NewSize=60m -XX:MaxNewSize=60m -Xms128m -Xmx3072m -Xss5m 
java_command: <unknown>
java_class_path (initial): C:/Xilinx/Vivado/2020.2\lib\classes\alloy.jar;C:/Xilinx/Vivado/2020.2\lib\classes\ArchiveSummary.jar;C:/Xilinx/Vivado/2020.2\lib\classes\autoesl-models.jar;C:/Xilinx/Vivado/2020.2\lib\classes\autopilot.scelaborator.jar;C:/Xilinx/Vivado/2020.2\lib\classes\autopilot.sourceprocessor.jar;C:/Xilinx/Vivado/2020.2\lib\classes\autopilot.tbprocessor.jar;C:/Xilinx/Vivado/2020.2\lib\classes\batik-anim.jar;C:/Xilinx/Vivado/2020.2\lib\classes\batik-awt-util.jar;C:/Xilinx/Vivado/2020.2\lib\classes\batik-bridge.jar;C:/Xilinx/Vivado/2020.2\lib\classes\batik-codec.jar;C:/Xilinx/Vivado/2020.2\lib\classes\batik-css.jar;C:/Xilinx/Vivado/2020.2\lib\classes\batik-dom.jar;C:/Xilinx/Vivado/2020.2\lib\classes\batik-ext.jar;C:/Xilinx/Vivado/2020.2\lib\classes\batik-gui-util.jar;C:/Xilinx/Vivado/2020.2\lib\classes\batik-gvt.jar;C:/Xilinx/Vivado/2020.2\lib\classes\batik-parser.jar;C:/Xilinx/Vivado/2020.2\lib\classes\batik-script.jar;C:/Xilinx/Vivado/2020.2\lib\classes\batik-svg-dom.jar;C:/Xilinx/Vivado/2020.2\lib\classes\batik-swing.jar;C:/Xilinx/Vivado/2020.2\lib\classes\batik-transcoder.jar;C:/Xilinx/Vivado/2020.2\lib\classes\batik-util.jar;C:/Xilinx/Vivado/2020.2\lib\classes\batik-xml.jar;C:/Xilinx/Vivado/2020.2\lib\classes\com.google.gson_2.8.2.v20180104-1110.jar;C:/Xilinx/Vivado/2020.2\lib\classes\com.google.guava_27.1.0.v20190517-1946.jar;C:/Xilinx/Vivado/2020.2\lib\classes\com.ibm.icu_4.4.2.v20110208.jar;C:/Xilinx/Vivado/2020.2\lib\classes\com.sigasi.hdt.connection_4.9.0.202009050929.jar;C:/Xilinx/Vivado/2020.2\lib\classes\com.sigasi.hdt.epl_4.9.0.202009050929.jar;C:/Xilinx/Vivado/2020.2\lib\classes\com.sigasi.hdt.project_4.9.0.202009050929.jar;C:/Xilinx/Vivado/2020.2\lib\classes\com.sigasi.hdt.readonlyfilesystem_4.9.0.202009050929.jar;C:/Xilinx/Vivado/2020.2\lib\classes\com.sigasi.lcm_4.9.0.202009050929.jar;C:/Xilinx/Vivado/2020.2\lib\classes\com.sigasi.sdk.client_4.9.0.202009050929.jar;C:/Xilinx/Vivado/2020.2\lib\classes\com.xilinx.hls.services.jar;C:/Xili
Launcher Type: generic

[Global flags]
     bool BytecodeVerificationLocal                = false                                     {product} {command line}
     bool BytecodeVerificationRemote               = false                                     {product} {command line}
     intx CICompilerCount                          = 12                                        {product} {ergonomic}
     uint ConcGCThreads                            = 3                                         {product} {ergonomic}
     uint G1ConcRefinementThreads                  = 13                                        {product} {ergonomic}
   size_t G1HeapRegionSize                         = 1048576                                   {product} {ergonomic}
    uintx GCDrainStackTargetSize                   = 64                                        {product} {ergonomic}
   size_t InitialHeapSize                          = 134217728                                 {product} {command line}
   size_t MarkStackSize                            = 4194304                                   {product} {ergonomic}
   size_t MaxHeapSize                              = 3221225472                                {product} {command line}
   size_t MaxNewSize                               = 62914560                                  {product} {command line}
   size_t MinHeapDeltaBytes                        = 1048576                                   {product} {ergonomic}
   size_t NewSize                                  = 62914560                                  {product} {command line}
    uintx NonNMethodCodeHeapSize                   = 7591728                                {pd product} {ergonomic}
    uintx NonProfiledCodeHeapSize                  = 122033256                              {pd product} {ergonomic}
    uintx ProfiledCodeHeapSize                     = 122033256                              {pd product} {ergonomic}
    uintx ReservedCodeCacheSize                    = 251658240                              {pd product} {ergonomic}
     bool SegmentedCodeCache                       = true                                      {product} {ergonomic}
    uintx StringTableSize                          = 4072                                      {product} {command line}
     intx ThreadStackSize                          = 5120                                   {pd product} {command line}
     bool UseCompressedClassPointers               = true                                 {lp64_product} {ergonomic}
     bool UseCompressedOops                        = true                                 {lp64_product} {ergonomic}
     bool UseG1GC                                  = true                                      {product} {ergonomic}
     bool UseLargePagesIndividualAllocation        = false                                  {pd product} {ergonomic}
     bool UsePerfData                              = false                                     {product} {command line}

Logging:
Log output configuration:
 #0: stdout all=warning uptime,level,tags
 #1: stderr all=off uptime,level,tags

Environment Variables:
PATH=C:/Xilinx/Vivado/2020.2\gnuwin\bin;C:/Xilinx/Vivado/2020.2\gnu\microblaze\nt\bin;C:/Xilinx/Vivado/2020.2/bin;C:/Xilinx/Vivado/2020.2/tps/win64/javafx-sdk-11.0.2/lib;C:/Xilinx/Vivado/2020.2/tps/win64/javafx-sdk-11.0.2/bin;C:/Xilinx/Vivado/2020.2/lib/win64.o;C:/Xilinx/Vivado/2020.2/tps/win64/jre11.0.2/bin/server;C:/Xilinx/Vivado/2020.2/tps/win64/jre11.0.2/bin;C:/Xilinx/Vitis/2020.2/bin;C:/Xilinx/Vivado/2020.2/ids_lite/ISE/bin/nt64;C:/Xilinx/Vivado/2020.2/ids_lite/ISE/lib/nt64;C:/Xilinx/Vitis_HLS/2020.2/bin;C:\Windows\system32;C:\Windows;C:\Windows\System32\Wbem;C:\Windows\System32\WindowsPowerShell\v1.0\;C:\Windows\System32\OpenSSH\;C:\Program Files\Bandizip\;C:\Program Files\Git\cmd;C:\Users\kccistc\AppData\Local\Microsoft\WindowsApps;C:\Users\kccistc\AppData\Local\Programs\Microsoft VS Code\bin;;C:/Xilinx/Vivado/2020.2\tps\mingw\6.2.0\win64.o\nt\bin;C:/Xilinx/Vivado/2020.2\tps\mingw\6.2.0\win64.o\nt\libexec\gcc\x86_64-w64-mingw32\6.2.0;C:/Xilinx/Vivado/2020.2\tps\win64\python-3.8.3;C:/Xilinx/Vivado/2020.2\tps\win64\python-3.8.3\bin;C:/Xilinx/Vivado/2020.2\tps\win64\python-3.8.3\lib;C:/Xilinx/Vivado/2020.2\tps\win64\python-3.8.3\lib\site-packages
USERNAME=kccistc
OS=Windows_NT
PROCESSOR_IDENTIFIER=Intel64 Family 6 Model 154 Stepping 3, GenuineIntel



---------------  S Y S T E M  ---------------

OS: Windows 10 , 64 bit Build 22621 (10.0.22621.3527)

CPU:total 16 (initial active 16) (8 cores per cpu, 2 threads per core) family 6 model 154 stepping 3, cmov, cx8, fxsr, mmx, sse, sse2, sse3, ssse3, sse4.1, sse4.2, popcnt, avx, avx2, aes, clmul, erms, 3dnowpref, lzcnt, ht, tsc, tscinvbit, bmi1, bmi2, adx, sha, fma

Memory: 4k page, system-wide physical 16066M (5910M free)
TotalPageFile size 32450M (AvailPageFile size 19496M)
current process WorkingSet (physical memory assigned to process): 2746M, peak: 2820M
current process commit charge ("private bytes"): 3577M, peak: 3607M

vm_info: OpenJDK 64-Bit Server VM (11.0.2+9) for windows-amd64 JRE (11.0.2+9), built on Jan 18 2019 05:23:22 by "mach5one" with MS VC++ 15.5 (VS2017)

END.
