INFO: [VRFC 10-2263] Analyzing SystemVerilog file "D:/ish/verilog/vivadoWS/20240530_RISCV_R_Type/20240530_RISCV_R_Type.srcs/sources_1/new/CPU_Core.sv" into library xil_defaultlib
INFO: [VRFC 10-311] analyzing module CPU_Core
INFO: [VRFC 10-2263] Analyzing SystemVerilog file "D:/ish/verilog/vivadoWS/20240530_RISCV_R_Type/20240530_RISCV_R_Type.srcs/sources_1/new/ControlUnit.sv" into library xil_defaultlib
INFO: [VRFC 10-311] analyzing module ControlUnit
INFO: [VRFC 10-2263] Analyzing SystemVerilog file "D:/ish/verilog/vivadoWS/20240530_RISCV_R_Type/20240530_RISCV_R_Type.srcs/sources_1/new/DataMemory.sv" into library xil_defaultlib
INFO: [VRFC 10-311] analyzing module DataMemory
INFO: [VRFC 10-2263] Analyzing SystemVerilog file "D:/ish/verilog/vivadoWS/20240530_RISCV_R_Type/20240530_RISCV_R_Type.srcs/sources_1/new/DataPath.sv" into library xil_defaultlib
INFO: [VRFC 10-311] analyzing module DataPath
INFO: [VRFC 10-311] analyzing module RegisterFile
INFO: [VRFC 10-311] analyzing module Register
INFO: [VRFC 10-311] analyzing module alu
INFO: [VRFC 10-311] analyzing module adder
INFO: [VRFC 10-311] analyzing module extend
INFO: [VRFC 10-311] analyzing module mux_2x1
INFO: [VRFC 10-2263] Analyzing SystemVerilog file "D:/ish/verilog/vivadoWS/20240530_RISCV_R_Type/20240530_RISCV_R_Type.srcs/sources_1/new/InstructionMemory.sv" into library xil_defaultlib
INFO: [VRFC 10-311] analyzing module InstructionMemory
INFO: [VRFC 10-2263] Analyzing SystemVerilog file "D:/ish/verilog/vivadoWS/20240530_RISCV_R_Type/20240530_RISCV_R_Type.srcs/sources_1/new/RV32I.sv" into library xil_defaultlib
INFO: [VRFC 10-311] analyzing module RV32I
INFO: [VRFC 10-2263] Analyzing SystemVerilog file "D:/ish/verilog/vivadoWS/20240530_RISCV_R_Type/20240530_RISCV_R_Type.srcs/sim_1/new/tb_RV32I.sv" into library xil_defaultlib
INFO: [VRFC 10-311] analyzing module tb_RV32I
