Vivado Simulator 2020.2
Time resolution is 1 ps
a:13 + b:13
passed!
a: 3 + b: 6
passed!
a:10 + b: 9
passed!
a: 5 + b: 8
passed!
a: 7 + b: 9
passed!
a:14 + b: 1
passed!
a: 2 + b: 3
passed!
a: 9 + b: 9
passed!
a:12 + b: 7
passed!
a:11 + b:15
passed!
a:11 + b: 4
passed!
a: 8 + b: 7
passed!
a:12 + b: 3
passed!
a: 6 + b: 7
passed!
a: 8 + b:15
passed!
a:14 + b: 4
passed!
a: 2 + b: 5
passed!
a:11 + b:10
passed!
a: 4 + b: 9
passed!
a:14 + b: 6
passed!
a:14 + b: 9
passed!
a: 1 + b: 2
passed!
a: 3 + b:15
passed!
a: 9 + b: 1
passed!
a: 9 + b:10
passed!
a: 4 + b:12
passed!
a: 9 + b:13
passed!
a:13 + b: 2
passed!
a: 7 + b: 1
passed!
a:14 + b: 0
passed!
a:14 + b:12
passed!
a: 3 + b: 5
passed!
a:13 + b: 1
passed!
a: 6 + b:12
passed!
a:13 + b: 9
passed!
a: 1 + b:11
passed!
a:10 + b: 7
passed!
a: 7 + b: 8
passed!
a: 0 + b: 8
passed!
a: 3 + b:11
passed!
a: 0 + b:10
passed!
a: 3 + b: 0
passed!
a: 2 + b: 6
passed!
a:11 + b: 2
passed!
a: 0 + b:14
passed!
a: 3 + b: 2
passed!
a: 4 + b:14
passed!
a: 5 + b: 4
passed!
a:13 + b: 8
passed!
a: 7 + b: 1
passed!
a: 6 + b:12
passed!
a: 6 + b: 3
passed!
a: 4 + b:13
passed!
a: 5 + b:10
passed!
a: 9 + b:11
passed!
a:14 + b:13
passed!
a: 8 + b: 3
passed!
a: 7 + b: 1
passed!
a:14 + b: 5
passed!
a:14 + b: 6
passed!
a: 8 + b: 5
passed!
a: 7 + b: 6
passed!
a:11 + b: 5
passed!
a:12 + b: 3
passed!
a:10 + b: 3
passed!
a:10 + b: 5
passed!
a: 8 + b: 6
passed!
a: 9 + b: 3
passed!
a:10 + b: 3
passed!
a: 8 + b: 2
passed!
a: 9 + b: 1
passed!
a: 5 + b: 3
passed!
a: 4 + b:14
passed!
a: 6 + b:14
passed!
a:15 + b:11
passed!
a: 1 + b: 4
passed!
a: 9 + b: 7
passed!
a: 2 + b: 9
passed!
a: 3 + b: 3
passed!
a:13 + b:12
passed!
a:11 + b:15
passed!
a: 5 + b:14
passed!
a: 2 + b: 2
passed!
a:10 + b:13
passed!
a: 1 + b: 0
passed!
a:11 + b: 4
passed!
a: 2 + b: 6
passed!
a: 1 + b: 4
passed!
a: 6 + b:13
passed!
a: 8 + b: 8
passed!
a: 3 + b: 9
passed!
a:12 + b: 9
passed!
a: 6 + b: 4
passed!
a: 1 + b: 9
passed!
a:14 + b:14
passed!
a: 2 + b: 4
passed!
a: 2 + b: 4
passed!
a:14 + b: 0
passed!
a: 2 + b: 0
passed!
a: 5 + b: 4
passed!
