
*** Running vivado
    with args -log adder_fnd.vds -m64 -product Vivado -mode batch -messageDb vivado.pb -notrace -source adder_fnd.tcl



****** Vivado v2020.2 (64-bit)
  **** SW Build 3064766 on Wed Nov 18 09:12:45 MST 2020
  **** IP Build 3064653 on Wed Nov 18 14:17:31 MST 2020
    ** Copyright 1986-2020 Xilinx, Inc. All Rights Reserved.

source adder_fnd.tcl -notrace
Command: synth_design -top adder_fnd -part xc7a35tcpg236-1
Starting synth_design
Attempting to get a license for feature 'Synthesis' and/or device 'xc7a35t'
INFO: [Common 17-349] Got license for feature 'Synthesis' and/or device 'xc7a35t'
INFO: [Device 21-403] Loading part xc7a35tcpg236-1
INFO: [Synth 8-7079] Multithreading enabled for synth_design using a maximum of 2 processes.
INFO: [Synth 8-7078] Launching helper process for spawning children vivado processes
INFO: [Synth 8-7075] Helper process launched with PID 9564
---------------------------------------------------------------------------------
Starting RTL Elaboration : Time (s): cpu = 00:00:01 ; elapsed = 00:00:03 . Memory (MB): peak = 1105.332 ; gain = 0.000
---------------------------------------------------------------------------------
INFO: [Synth 8-6157] synthesizing module 'adder_fnd' [D:/ish/verilog/vivadoWS/20240510_8bit_Adder_FND_Display/20240510_8bit_Adder_FND_Display.srcs/sources_1/new/adder_fnd.v:3]
INFO: [Synth 8-6157] synthesizing module 'Adder_8bit' [D:/ish/verilog/vivadoWS/20240510_8bit_Adder_FND_Display/20240510_8bit_Adder_FND_Display.srcs/sources_1/new/adder.v:3]
INFO: [Synth 8-6157] synthesizing module 'Adder_4bit' [D:/ish/verilog/vivadoWS/20240510_8bit_Adder_FND_Display/20240510_8bit_Adder_FND_Display.srcs/sources_1/new/adder.v:30]
INFO: [Synth 8-6157] synthesizing module 'fullAdder' [D:/ish/verilog/vivadoWS/20240510_8bit_Adder_FND_Display/20240510_8bit_Adder_FND_Display.srcs/sources_1/new/adder.v:84]
INFO: [Synth 8-6157] synthesizing module 'halfAdder' [D:/ish/verilog/vivadoWS/20240510_8bit_Adder_FND_Display/20240510_8bit_Adder_FND_Display.srcs/sources_1/new/adder.v:73]
INFO: [Synth 8-6155] done synthesizing module 'halfAdder' (1#1) [D:/ish/verilog/vivadoWS/20240510_8bit_Adder_FND_Display/20240510_8bit_Adder_FND_Display.srcs/sources_1/new/adder.v:73]
INFO: [Synth 8-6155] done synthesizing module 'fullAdder' (2#1) [D:/ish/verilog/vivadoWS/20240510_8bit_Adder_FND_Display/20240510_8bit_Adder_FND_Display.srcs/sources_1/new/adder.v:84]
INFO: [Synth 8-6155] done synthesizing module 'Adder_4bit' (3#1) [D:/ish/verilog/vivadoWS/20240510_8bit_Adder_FND_Display/20240510_8bit_Adder_FND_Display.srcs/sources_1/new/adder.v:30]
INFO: [Synth 8-6155] done synthesizing module 'Adder_8bit' (4#1) [D:/ish/verilog/vivadoWS/20240510_8bit_Adder_FND_Display/20240510_8bit_Adder_FND_Display.srcs/sources_1/new/adder.v:3]
INFO: [Synth 8-6157] synthesizing module 'fndController' [D:/ish/verilog/vivadoWS/20240510_8bit_Adder_FND_Display/20240510_8bit_Adder_FND_Display.srcs/sources_1/new/fndController.v:3]
INFO: [Synth 8-6157] synthesizing module 'clkDiv' [D:/ish/verilog/vivadoWS/20240510_8bit_Adder_FND_Display/20240510_8bit_Adder_FND_Display.srcs/sources_1/new/fndController.v:149]
	Parameter MAX_COUNT bound to: 100000 - type: integer 
INFO: [Synth 8-6155] done synthesizing module 'clkDiv' (5#1) [D:/ish/verilog/vivadoWS/20240510_8bit_Adder_FND_Display/20240510_8bit_Adder_FND_Display.srcs/sources_1/new/fndController.v:149]
INFO: [Synth 8-6157] synthesizing module 'counter' [D:/ish/verilog/vivadoWS/20240510_8bit_Adder_FND_Display/20240510_8bit_Adder_FND_Display.srcs/sources_1/new/fndController.v:131]
	Parameter MAX_COUNT bound to: 4 - type: integer 
INFO: [Synth 8-6155] done synthesizing module 'counter' (6#1) [D:/ish/verilog/vivadoWS/20240510_8bit_Adder_FND_Display/20240510_8bit_Adder_FND_Display.srcs/sources_1/new/fndController.v:131]
INFO: [Synth 8-6157] synthesizing module 'decoder' [D:/ish/verilog/vivadoWS/20240510_8bit_Adder_FND_Display/20240510_8bit_Adder_FND_Display.srcs/sources_1/new/fndController.v:116]
INFO: [Synth 8-226] default block is never used [D:/ish/verilog/vivadoWS/20240510_8bit_Adder_FND_Display/20240510_8bit_Adder_FND_Display.srcs/sources_1/new/fndController.v:121]
INFO: [Synth 8-6155] done synthesizing module 'decoder' (7#1) [D:/ish/verilog/vivadoWS/20240510_8bit_Adder_FND_Display/20240510_8bit_Adder_FND_Display.srcs/sources_1/new/fndController.v:116]
INFO: [Synth 8-6157] synthesizing module 'digitSplitter' [D:/ish/verilog/vivadoWS/20240510_8bit_Adder_FND_Display/20240510_8bit_Adder_FND_Display.srcs/sources_1/new/fndController.v:57]
INFO: [Synth 8-6155] done synthesizing module 'digitSplitter' (8#1) [D:/ish/verilog/vivadoWS/20240510_8bit_Adder_FND_Display/20240510_8bit_Adder_FND_Display.srcs/sources_1/new/fndController.v:57]
INFO: [Synth 8-6157] synthesizing module 'mux' [D:/ish/verilog/vivadoWS/20240510_8bit_Adder_FND_Display/20240510_8bit_Adder_FND_Display.srcs/sources_1/new/fndController.v:70]
INFO: [Synth 8-226] default block is never used [D:/ish/verilog/vivadoWS/20240510_8bit_Adder_FND_Display/20240510_8bit_Adder_FND_Display.srcs/sources_1/new/fndController.v:79]
INFO: [Synth 8-6155] done synthesizing module 'mux' (9#1) [D:/ish/verilog/vivadoWS/20240510_8bit_Adder_FND_Display/20240510_8bit_Adder_FND_Display.srcs/sources_1/new/fndController.v:70]
INFO: [Synth 8-6157] synthesizing module 'BCDtoSEG' [D:/ish/verilog/vivadoWS/20240510_8bit_Adder_FND_Display/20240510_8bit_Adder_FND_Display.srcs/sources_1/new/fndController.v:89]
INFO: [Synth 8-226] default block is never used [D:/ish/verilog/vivadoWS/20240510_8bit_Adder_FND_Display/20240510_8bit_Adder_FND_Display.srcs/sources_1/new/fndController.v:94]
INFO: [Synth 8-6155] done synthesizing module 'BCDtoSEG' (10#1) [D:/ish/verilog/vivadoWS/20240510_8bit_Adder_FND_Display/20240510_8bit_Adder_FND_Display.srcs/sources_1/new/fndController.v:89]
INFO: [Synth 8-6155] done synthesizing module 'fndController' (11#1) [D:/ish/verilog/vivadoWS/20240510_8bit_Adder_FND_Display/20240510_8bit_Adder_FND_Display.srcs/sources_1/new/fndController.v:3]
INFO: [Synth 8-6155] done synthesizing module 'adder_fnd' (12#1) [D:/ish/verilog/vivadoWS/20240510_8bit_Adder_FND_Display/20240510_8bit_Adder_FND_Display.srcs/sources_1/new/adder_fnd.v:3]
---------------------------------------------------------------------------------
Finished RTL Elaboration : Time (s): cpu = 00:00:01 ; elapsed = 00:00:03 . Memory (MB): peak = 1105.332 ; gain = 0.000
---------------------------------------------------------------------------------
---------------------------------------------------------------------------------
Start Handling Custom Attributes
---------------------------------------------------------------------------------
---------------------------------------------------------------------------------
Finished Handling Custom Attributes : Time (s): cpu = 00:00:01 ; elapsed = 00:00:04 . Memory (MB): peak = 1105.332 ; gain = 0.000
---------------------------------------------------------------------------------
---------------------------------------------------------------------------------
Finished RTL Optimization Phase 1 : Time (s): cpu = 00:00:01 ; elapsed = 00:00:04 . Memory (MB): peak = 1105.332 ; gain = 0.000
---------------------------------------------------------------------------------
Netlist sorting complete. Time (s): cpu = 00:00:00 ; elapsed = 00:00:00.001 . Memory (MB): peak = 1105.332 ; gain = 0.000
INFO: [Project 1-570] Preparing netlist for logic optimization

Processing XDC Constraints
Initializing timing engine
Parsing XDC File [D:/ish/verilog/vivadoWS/20240510_8bit_Adder_FND_Display/20240510_8bit_Adder_FND_Display.srcs/constrs_1/imports/user_util/MY_Basys-3-Master.xdc]
Finished Parsing XDC File [D:/ish/verilog/vivadoWS/20240510_8bit_Adder_FND_Display/20240510_8bit_Adder_FND_Display.srcs/constrs_1/imports/user_util/MY_Basys-3-Master.xdc]
INFO: [Project 1-236] Implementation specific constraints were found while reading constraint file [D:/ish/verilog/vivadoWS/20240510_8bit_Adder_FND_Display/20240510_8bit_Adder_FND_Display.srcs/constrs_1/imports/user_util/MY_Basys-3-Master.xdc]. These constraints will be ignored for synthesis but will be used in implementation. Impacted constraints are listed in the file [.Xil/adder_fnd_propImpl.xdc].
Resolution: To avoid this warning, move constraints listed in [.Xil/adder_fnd_propImpl.xdc] to another XDC file and exclude this new file from synthesis with the used_in_synthesis property (File Properties dialog in GUI) and re-run elaboration/synthesis.
Completed Processing XDC Constraints

Netlist sorting complete. Time (s): cpu = 00:00:00 ; elapsed = 00:00:00 . Memory (MB): peak = 1152.336 ; gain = 0.000
INFO: [Project 1-111] Unisim Transformation Summary:
No Unisim elements were transformed.

Constraint Validation Runtime : Time (s): cpu = 00:00:00 ; elapsed = 00:00:00.002 . Memory (MB): peak = 1152.336 ; gain = 0.000
---------------------------------------------------------------------------------
Finished Constraint Validation : Time (s): cpu = 00:00:02 ; elapsed = 00:00:07 . Memory (MB): peak = 1152.336 ; gain = 47.004
---------------------------------------------------------------------------------
---------------------------------------------------------------------------------
Start Loading Part and Timing Information
---------------------------------------------------------------------------------
Loading part: xc7a35tcpg236-1
---------------------------------------------------------------------------------
Finished Loading Part and Timing Information : Time (s): cpu = 00:00:02 ; elapsed = 00:00:07 . Memory (MB): peak = 1152.336 ; gain = 47.004
---------------------------------------------------------------------------------
---------------------------------------------------------------------------------
Start Applying 'set_property' XDC Constraints
---------------------------------------------------------------------------------
---------------------------------------------------------------------------------
Finished applying 'set_property' XDC Constraints : Time (s): cpu = 00:00:02 ; elapsed = 00:00:07 . Memory (MB): peak = 1152.336 ; gain = 47.004
---------------------------------------------------------------------------------
---------------------------------------------------------------------------------
Finished RTL Optimization Phase 2 : Time (s): cpu = 00:00:02 ; elapsed = 00:00:08 . Memory (MB): peak = 1152.336 ; gain = 47.004
---------------------------------------------------------------------------------
---------------------------------------------------------------------------------
Start RTL Component Statistics 
---------------------------------------------------------------------------------
Detailed RTL Component Info : 
+---Adders : 
	   2 Input   17 Bit       Adders := 1     
	   2 Input    2 Bit       Adders := 1     
+---XORs : 
	   2 Input      1 Bit         XORs := 16    
+---Registers : 
	               17 Bit    Registers := 1     
	                2 Bit    Registers := 1     
	                1 Bit    Registers := 1     
+---Muxes : 
	   2 Input   17 Bit        Muxes := 1     
	   4 Input    4 Bit        Muxes := 2     
	   2 Input    2 Bit        Muxes := 1     
---------------------------------------------------------------------------------
Finished RTL Component Statistics 
---------------------------------------------------------------------------------
---------------------------------------------------------------------------------
Start Part Resource Summary
---------------------------------------------------------------------------------
Part Resources:
DSPs: 90 (col length:60)
BRAMs: 100 (col length: RAMB18 60 RAMB36 30)
---------------------------------------------------------------------------------
Finished Part Resource Summary
---------------------------------------------------------------------------------
---------------------------------------------------------------------------------
Start Cross Boundary and Area Optimization
---------------------------------------------------------------------------------
---------------------------------------------------------------------------------
Finished Cross Boundary and Area Optimization : Time (s): cpu = 00:00:03 ; elapsed = 00:00:10 . Memory (MB): peak = 1152.336 ; gain = 47.004
---------------------------------------------------------------------------------
---------------------------------------------------------------------------------
Start Applying XDC Timing Constraints
---------------------------------------------------------------------------------
---------------------------------------------------------------------------------
Finished Applying XDC Timing Constraints : Time (s): cpu = 00:00:04 ; elapsed = 00:00:14 . Memory (MB): peak = 1152.410 ; gain = 47.078
---------------------------------------------------------------------------------
---------------------------------------------------------------------------------
Start Timing Optimization
---------------------------------------------------------------------------------
---------------------------------------------------------------------------------
Finished Timing Optimization : Time (s): cpu = 00:00:04 ; elapsed = 00:00:14 . Memory (MB): peak = 1171.973 ; gain = 66.641
---------------------------------------------------------------------------------
---------------------------------------------------------------------------------
Start Technology Mapping
---------------------------------------------------------------------------------
---------------------------------------------------------------------------------
Finished Technology Mapping : Time (s): cpu = 00:00:04 ; elapsed = 00:00:14 . Memory (MB): peak = 1181.789 ; gain = 76.457
---------------------------------------------------------------------------------
---------------------------------------------------------------------------------
Start IO Insertion
---------------------------------------------------------------------------------
---------------------------------------------------------------------------------
Start Flattening Before IO Insertion
---------------------------------------------------------------------------------
---------------------------------------------------------------------------------
Finished Flattening Before IO Insertion
---------------------------------------------------------------------------------
---------------------------------------------------------------------------------
Start Final Netlist Cleanup
---------------------------------------------------------------------------------
---------------------------------------------------------------------------------
Finished Final Netlist Cleanup
---------------------------------------------------------------------------------
---------------------------------------------------------------------------------
Finished IO Insertion : Time (s): cpu = 00:00:05 ; elapsed = 00:00:16 . Memory (MB): peak = 1191.402 ; gain = 86.070
---------------------------------------------------------------------------------
---------------------------------------------------------------------------------
Start Renaming Generated Instances
---------------------------------------------------------------------------------
---------------------------------------------------------------------------------
Finished Renaming Generated Instances : Time (s): cpu = 00:00:05 ; elapsed = 00:00:16 . Memory (MB): peak = 1191.402 ; gain = 86.070
---------------------------------------------------------------------------------
---------------------------------------------------------------------------------
Start Rebuilding User Hierarchy
---------------------------------------------------------------------------------
---------------------------------------------------------------------------------
Finished Rebuilding User Hierarchy : Time (s): cpu = 00:00:05 ; elapsed = 00:00:16 . Memory (MB): peak = 1191.402 ; gain = 86.070
---------------------------------------------------------------------------------
---------------------------------------------------------------------------------
Start Renaming Generated Ports
---------------------------------------------------------------------------------
---------------------------------------------------------------------------------
Finished Renaming Generated Ports : Time (s): cpu = 00:00:05 ; elapsed = 00:00:16 . Memory (MB): peak = 1191.402 ; gain = 86.070
---------------------------------------------------------------------------------
---------------------------------------------------------------------------------
Start Handling Custom Attributes
---------------------------------------------------------------------------------
---------------------------------------------------------------------------------
Finished Handling Custom Attributes : Time (s): cpu = 00:00:05 ; elapsed = 00:00:16 . Memory (MB): peak = 1191.402 ; gain = 86.070
---------------------------------------------------------------------------------
---------------------------------------------------------------------------------
Start Renaming Generated Nets
---------------------------------------------------------------------------------
---------------------------------------------------------------------------------
Finished Renaming Generated Nets : Time (s): cpu = 00:00:05 ; elapsed = 00:00:16 . Memory (MB): peak = 1191.402 ; gain = 86.070
---------------------------------------------------------------------------------
---------------------------------------------------------------------------------
Start Writing Synthesis Report
---------------------------------------------------------------------------------

Report BlackBoxes: 
+-+--------------+----------+
| |BlackBox name |Instances |
+-+--------------+----------+
+-+--------------+----------+

Report Cell Usage: 
+------+-------+------+
|      |Cell   |Count |
+------+-------+------+
|1     |BUFG   |     1|
|2     |CARRY4 |     9|
|3     |LUT1   |     2|
|4     |LUT2   |    20|
|5     |LUT3   |     7|
|6     |LUT4   |    19|
|7     |LUT5   |    15|
|8     |LUT6   |    16|
|9     |FDRE   |    20|
|10    |IBUF   |    17|
|11    |OBUF   |    12|
+------+-------+------+
---------------------------------------------------------------------------------
Finished Writing Synthesis Report : Time (s): cpu = 00:00:05 ; elapsed = 00:00:16 . Memory (MB): peak = 1191.402 ; gain = 86.070
---------------------------------------------------------------------------------
Synthesis finished with 0 errors, 0 critical warnings and 0 warnings.
Synthesis Optimization Runtime : Time (s): cpu = 00:00:04 ; elapsed = 00:00:15 . Memory (MB): peak = 1191.402 ; gain = 39.066
Synthesis Optimization Complete : Time (s): cpu = 00:00:05 ; elapsed = 00:00:16 . Memory (MB): peak = 1191.402 ; gain = 86.070
INFO: [Project 1-571] Translating synthesized netlist
Netlist sorting complete. Time (s): cpu = 00:00:00 ; elapsed = 00:00:00.001 . Memory (MB): peak = 1203.445 ; gain = 0.000
INFO: [Netlist 29-17] Analyzing 9 Unisim elements for replacement
INFO: [Netlist 29-28] Unisim Transformation completed in 0 CPU seconds
INFO: [Project 1-570] Preparing netlist for logic optimization
INFO: [Opt 31-138] Pushed 0 inverter(s) to 0 load pin(s).
Netlist sorting complete. Time (s): cpu = 00:00:00 ; elapsed = 00:00:00 . Memory (MB): peak = 1203.445 ; gain = 0.000
INFO: [Project 1-111] Unisim Transformation Summary:
No Unisim elements were transformed.

INFO: [Common 17-83] Releasing license: Synthesis
42 Infos, 0 Warnings, 0 Critical Warnings and 0 Errors encountered.
synth_design completed successfully
synth_design: Time (s): cpu = 00:00:06 ; elapsed = 00:00:20 . Memory (MB): peak = 1203.445 ; gain = 98.113
INFO: [Common 17-1381] The checkpoint 'D:/ish/verilog/vivadoWS/20240510_8bit_Adder_FND_Display/20240510_8bit_Adder_FND_Display.runs/synth_1/adder_fnd.dcp' has been generated.
INFO: [runtcl-4] Executing : report_utilization -file adder_fnd_utilization_synth.rpt -pb adder_fnd_utilization_synth.pb
INFO: [Common 17-206] Exiting Vivado at Fri May 10 14:26:53 2024...
