Vivado Simulator 2020.2
Copyright 1986-1999, 2001-2020 Xilinx, Inc. All Rights Reserved.
Running: C:/Xilinx/Vivado/2020.2/bin/unwrapped/win64.o/xelab.exe -wto 0e2cecbcad444ac382c3ea806aa4f7a5 --incr --debug typical --relax --mt 2 -L xil_defaultlib -L uvm -L unisims_ver -L unimacro_ver -L secureip --snapshot tb_RV32I_behav xil_defaultlib.tb_RV32I xil_defaultlib.glbl -log elaborate.log 
Using 2 slave threads.
Starting static elaboration
Pass Through NonSizing Optimizer
WARNING: [VRFC 10-3823] variable 'immext' might have multiple concurrent drivers [D:/ish/verilog/vivadoWS/240603_RISC-V/240603_RISC-V.srcs/sources_1/imports/new/DataPath.sv:232]
Completed static elaboration
Starting simulation data flow analysis
Completed simulation data flow analysis
Time Resolution for simulation is 1ps
Compiling module xil_defaultlib.ControlUnit
Compiling module xil_defaultlib.RegisterFile
Compiling module xil_defaultlib.mux_2x1
Compiling module xil_defaultlib.alu
Compiling module xil_defaultlib.mux_5x1
Compiling module xil_defaultlib.extend
Compiling module xil_defaultlib.Register
Compiling module xil_defaultlib.adder
Compiling module xil_defaultlib.DataPath
Compiling module xil_defaultlib.CPU_Core
Compiling module xil_defaultlib.decoder
Compiling module xil_defaultlib.mux
Compiling module xil_defaultlib.BUS_interconntor
Compiling module xil_defaultlib.GPO
Compiling module xil_defaultlib.DataMemory
Compiling module xil_defaultlib.InstructionMemory
Compiling module xil_defaultlib.RV32I
Compiling module xil_defaultlib.tb_RV32I
Compiling module xil_defaultlib.glbl
Built simulation snapshot tb_RV32I_behav
