INFO: [VRFC 10-2263] Analyzing Verilog file "D:/ish/verilog/vivadoWS/20240604_RISCV_GPO_GPI_GPIO/20240604_RISCV_GPO_GPI_GPIO.srcs/sources_1/imports/new/ControlUnit.v" into library xil_defaultlib
INFO: [VRFC 10-311] analyzing module ControlUnit
INFO: [VRFC 10-2263] Analyzing Verilog file "D:/ish/verilog/vivadoWS/20240604_RISCV_GPO_GPI_GPIO/20240604_RISCV_GPO_GPI_GPIO.srcs/sources_1/imports/new/DataPath.v" into library xil_defaultlib
INFO: [VRFC 10-311] analyzing module DataPath
INFO: [VRFC 10-311] analyzing module RegFile
INFO: [VRFC 10-311] analyzing module Adder
INFO: [VRFC 10-311] analyzing module register
INFO: [VRFC 10-311] analyzing module ROM
INFO: [VRFC 10-311] analyzing module ALU
INFO: [VRFC 10-311] analyzing module mux_2x1
INFO: [VRFC 10-311] analyzing module ImmGen
INFO: [VRFC 10-311] analyzing module shifter
INFO: [VRFC 10-2263] Analyzing Verilog file "D:/ish/verilog/vivadoWS/20240604_RISCV_GPO_GPI_GPIO/20240604_RISCV_GPO_GPI_GPIO.srcs/sources_1/new/GPI.v" into library xil_defaultlib
INFO: [VRFC 10-311] analyzing module GPI
INFO: [VRFC 10-2263] Analyzing Verilog file "D:/ish/verilog/vivadoWS/20240604_RISCV_GPO_GPI_GPIO/20240604_RISCV_GPO_GPI_GPIO.srcs/sources_1/new/GPIO.v" into library xil_defaultlib
INFO: [VRFC 10-311] analyzing module GPIO
INFO: [VRFC 10-2263] Analyzing Verilog file "D:/ish/verilog/vivadoWS/20240604_RISCV_GPO_GPI_GPIO/20240604_RISCV_GPO_GPI_GPIO.srcs/sources_1/imports/new/GPO.v" into library xil_defaultlib
INFO: [VRFC 10-311] analyzing module GPO
INFO: [VRFC 10-2263] Analyzing Verilog file "D:/ish/verilog/vivadoWS/20240604_RISCV_GPO_GPI_GPIO/20240604_RISCV_GPO_GPI_GPIO.srcs/sources_1/imports/new/RAM.v" into library xil_defaultlib
INFO: [VRFC 10-311] analyzing module RAM
INFO: [VRFC 10-2263] Analyzing Verilog file "D:/ish/verilog/vivadoWS/20240604_RISCV_GPO_GPI_GPIO/20240604_RISCV_GPO_GPI_GPIO.srcs/sources_1/imports/new/RV32I.v" into library xil_defaultlib
INFO: [VRFC 10-311] analyzing module RV32I
INFO: [VRFC 10-2263] Analyzing Verilog file "D:/ish/verilog/vivadoWS/20240604_RISCV_GPO_GPI_GPIO/20240604_RISCV_GPO_GPI_GPIO.srcs/sources_1/imports/new/RV32I_MCU.v" into library xil_defaultlib
INFO: [VRFC 10-311] analyzing module RV32I_MCU
INFO: [VRFC 10-311] analyzing module decoder_bus
INFO: [VRFC 10-311] analyzing module mux_bus
